[20:25:37] [main/INFO]: Loading Minecraft 1.21.4 with Fabric Loader 0.16.14
[20:25:37] [ForkJoinPool-1-worker-7/WARN]: Mod ctov uses the version 3.5.7a which isn't compatible with Loader's extended semantic version format (Could not parse version number component '7a'!), SemVer is recommended for reliably evaluating dependencies and prioritizing newer version
[20:25:37] [main/WARN]: Warnings were found!
 - Mod 'OptiGUI' (optigui) 2.3.0-beta.7+1.21.2 recommends any version of animatica, which is missing!
	 - You should install any version of animatica for the optimal experience.
[20:25:37] [main/INFO]: Loading 139 mods:
	- appleskin 3.0.6+mc1.21.3
	- architectury 15.0.3
	- armor_hud 2.7-1.21.4
	- armored-elytra 1.4.1
	- betterpingdisplay 1.1.1
	- bigendcitiesmod 1.21.4-1.1.0
	- biomesoplenty 21.4.0.23
	   |-- com_electronwill_night-config_core 3.6.7
	   |-- com_electronwill_night-config_toml 3.6.7
	   \-- net_jodah_typetools 0.6.3
	- bobby 5.2.6+mc1.21.4
	   |-- com_typesafe_config 1.4.2
	   |-- io_leangen_geantyref_geantyref 1.3.13
	   |-- org_spongepowered_configurate-core 4.1.2
	   \-- org_spongepowered_configurate-hocon 4.1.2
	- cicada 0.12.0+1.21.4
	- cloth-config 17.0.144
	   \-- cloth-basic-math 0.6.1
	- continuity 3.0.0+1.21.4
	- ctov 3.5.7a
	- do_a_barrel_roll 3.8.1
	   |-- fabric-permissions-api-v0 0.2-SNAPSHOT
	   \-- mixinsquared 0.1.2-beta.4
	- entity_model_features 2.4.1
	- entity_texture_features 6.2.10
	   \-- org_apache_httpcomponents_httpmime 4.5.10
	- fabric-api 0.119.2+1.21.4
	   |-- fabric-api-base 0.4.54+b47eab6b04
	   |-- fabric-api-lookup-api-v1 1.6.86+b1caf1e904
	   |-- fabric-biome-api-v1 15.0.6+b1c29d8e04
	   |-- fabric-block-api-v1 1.0.31+7feeb73304
	   |-- fabric-block-view-api-v2 1.0.20+9c49cc8c04
	   |-- fabric-blockrenderlayer-v1 2.0.8+7feeb73304
	   |-- fabric-client-tags-api-v1 1.1.29+20ea1e2304
	   |-- fabric-command-api-v1 1.2.62+f71b366f04
	   |-- fabric-command-api-v2 2.2.41+e496eb1504
	   |-- fabric-commands-v0 0.2.79+df3654b304
	   |-- fabric-content-registries-v0 9.1.19+25d1a67604
	   |-- fabric-convention-tags-v1 2.1.20+7f945d5b04
	   |-- fabric-convention-tags-v2 2.14.1+1edcd29104
	   |-- fabric-crash-report-info-v1 0.3.6+7feeb73304
	   |-- fabric-data-attachment-api-v1 1.6.2+e99da0f704
	   |-- fabric-data-generation-api-v1 22.3.1+0f4e5f5504
	   |-- fabric-dimensions-v1 4.0.10+7feeb73304
	   |-- fabric-entity-events-v1 2.0.15+62245bef04
	   |-- fabric-events-interaction-v0 4.0.4+a4eebcf004
	   |-- fabric-game-rule-api-v1 1.0.63+7d48d43904
	   |-- fabric-item-api-v1 11.3.0+ee91fa1f04
	   |-- fabric-item-group-api-v1 4.2.2+fcb9601404
	   |-- fabric-key-binding-api-v1 1.0.57+7d48d43904
	   |-- fabric-keybindings-v0 0.2.55+df3654b304
	   |-- fabric-lifecycle-events-v1 2.5.4+bf2a60eb04
	   |-- fabric-loot-api-v2 3.0.38+3f89f5a504
	   |-- fabric-loot-api-v3 1.0.26+203e6b2304
	   |-- fabric-message-api-v1 6.0.25+7feeb73304
	   |-- fabric-model-loading-api-v1 4.3.0+ae23723504
	   |-- fabric-networking-api-v1 4.4.0+db5e668204
	   |-- fabric-object-builder-api-v1 18.0.14+38b0d59804
	   |-- fabric-particles-v1 4.0.14+7feeb73304
	   |-- fabric-recipe-api-v1 8.1.1+640e77ae04
	   |-- fabric-registry-sync-v0 6.1.11+4a9c1ece04
	   |-- fabric-renderer-api-v1 5.0.3+50f0feb204
	   |-- fabric-renderer-indigo 2.0.3+50f0feb204
	   |-- fabric-rendering-data-attachment-v1 0.3.58+73761d2e04
	   |-- fabric-rendering-fluids-v1 3.1.19+7feeb73304
	   |-- fabric-rendering-v1 10.2.1+0d31b09f04
	   |-- fabric-resource-conditions-api-v1 5.0.13+203e6b2304
	   |-- fabric-resource-loader-v0 3.1.1+360374ac04
	   |-- fabric-screen-api-v1 2.0.38+7feeb73304
	   |-- fabric-screen-handler-api-v1 1.3.118+7feeb73304
	   |-- fabric-sound-api-v1 1.0.32+7feeb73304
	   |-- fabric-tag-api-v1 1.0.7+7d48d43904
	   |-- fabric-transfer-api-v1 5.4.9+efa825c904
	   \-- fabric-transitive-access-wideners-v1 6.3.2+56e78b9b04
	- fabric-language-kotlin 1.13.2+kotlin.2.1.20
	   |-- org_jetbrains_kotlin_kotlin-reflect 2.1.20
	   |-- org_jetbrains_kotlin_kotlin-stdlib 2.1.20
	   |-- org_jetbrains_kotlin_kotlin-stdlib-jdk7 2.1.20
	   |-- org_jetbrains_kotlin_kotlin-stdlib-jdk8 2.1.20
	   |-- org_jetbrains_kotlinx_atomicfu-jvm 0.27.0
	   |-- org_jetbrains_kotlinx_kotlinx-coroutines-core-jvm 1.10.1
	   |-- org_jetbrains_kotlinx_kotlinx-coroutines-jdk8 1.10.1
	   |-- org_jetbrains_kotlinx_kotlinx-datetime-jvm 0.6.2
	   |-- org_jetbrains_kotlinx_kotlinx-io-bytestring-jvm 0.7.0
	   |-- org_jetbrains_kotlinx_kotlinx-io-core-jvm 0.7.0
	   |-- org_jetbrains_kotlinx_kotlinx-serialization-cbor-jvm 1.8.0
	   |-- org_jetbrains_kotlinx_kotlinx-serialization-core-jvm 1.8.0
	   \-- org_jetbrains_kotlinx_kotlinx-serialization-json-jvm 1.8.0
	- fabricloader 0.16.14
	   \-- mixinextras 0.4.1
	- ferritecore 7.1.1
	- glitchcore 2.3.0.4
	   |-- com_electronwill_night-config_core 3.6.7
	   |-- com_electronwill_night-config_toml 3.6.7
	   \-- net_jodah_typetools 0.6.3
	- iris 1.8.8+mc1.21.4
	   |-- io_github_douira_glsl-transformer 2.0.1
	   |-- org_anarres_jcpp 1.4.14
	   \-- org_antlr_antlr4-runtime 4.13.1
	- jade 17.2.2+fabric
	- jamlib 1.3.2+1.21.4
	   \-- blue_endless_jankson 1.2.3
	- java 21
	- journeymap 1.21.4-6.0.0-beta.41
	   |-- ar_com_hjg_pngj 2.1.0
	   |-- commonnetworking 1.0.18-1.21.4
	   \-- journeymap-api-fabric 2.0.0-1.21.4-SNAPSHOT
	- journeymap_webmap 1.0.3
	   |-- info_journeymap_webmap-client 1.1-SNAPSHOT
	   |-- io_javalin_javalin 6.4.0
	   |-- jakarta_servlet_jakarta_servlet-api 6.1.0
	   |-- org_eclipse_jetty_jetty-http 11.0.20
	   |-- org_eclipse_jetty_jetty-io 11.0.20
	   |-- org_eclipse_jetty_jetty-security 11.0.20
	   |-- org_eclipse_jetty_jetty-server 11.0.20
	   |-- org_eclipse_jetty_jetty-servlet 11.0.20
	   |-- org_eclipse_jetty_jetty-util 11.0.20
	   |-- org_eclipse_jetty_jetty-webapp 11.0.20
	   |-- org_eclipse_jetty_jetty-xml 11.0.20
	   \-- org_eclipse_jetty_toolchain_jetty-jakarta-servlet-api 5.0.2
	- lambdynlights 4.1.0+1.21.4
	   |-- lambdynlights_api 4.1.0+1.21.4
	   |-- pride 1.3.0+1.21.2
	   \-- spruceui 6.2.2+1.21.4
	- litematica 0.21.2
	- lithium 0.15.0+mc1.21.4
	- lithostitched 1.4.4
	- malilib 0.23.2
	- minecraft 1.21.4
	- modmenu 13.0.3
	   \-- placeholder-api 2.5.1+1.21.3
	- optigui 2.3.0-beta.7+1.21.2
	   |-- org_apache_commons_commons-text 1.12.0
	   \-- org_ini4j_ini4j 0.5.4
	- reeses-sodium-options 1.8.3+mc1.21.4
	- rightclickharvest 4.5.3+1.21.4-patch.1
	- sodium 0.6.10+mc1.21.4
	- sodium-extra 0.6.1+mc1.21.4
	- terrablender 4.3.0.2
	   |-- com_electronwill_night-config_core 3.6.7
	   \-- com_electronwill_night-config_toml 3.6.7
	- tradeuses 1.2.5
	- wi_zoom 1.6-MC1.21.4
	- worldedit 7.3.11+7055-8357a12
[20:25:38] [main/INFO]: SpongePowered MIXIN Subsystem Version=0.8.7 Source=file:/C:/Users/tanavm/AppData/Roaming/PrismLauncher/libraries/net/fabricmc/sponge-mixin/0.15.5+mixin.0.8.7/sponge-mixin-0.15.5+mixin.0.8.7.jar Service=Knot/Fabric Env=CLIENT
[20:25:38] [main/INFO]: Compatibility level set to JAVA_21
[20:25:38] [main/WARN]: Reference map '[common]ctov-common-refmap.json' for ctov-common.mixins.json could not be read. If this is a development environment you can ignore this message
[20:25:38] [main/WARN]: Reference map 'do_a_barrel_roll.refmap.json' for do_a_barrel_roll.mixins.json could not be read. If this is a development environment you can ignore this message
[20:25:38] [main/WARN]: Reference map 'do_a_barrel_roll.refmap.json' for do_a_barrel_roll.compat.modmenu.mixins.json could not be read. If this is a development environment you can ignore this message
[20:25:38] [main/WARN]: Reference map 'iris.refmap.json' for mixins.iris.json could not be read. If this is a development environment you can ignore this message
[20:25:38] [main/WARN]: Reference map 'iris-fabric.refmap.json' for mixins.iris.fabric.json could not be read. If this is a development environment you can ignore this message
[20:25:38] [main/WARN]: Reference map 'iris.refmap.json' for iris-batched-entity-rendering.mixins.json could not be read. If this is a development environment you can ignore this message
[20:25:38] [main/WARN]: Reference map 'iris.refmap.json' for mixins.iris.fantastic.json could not be read. If this is a development environment you can ignore this message
[20:25:38] [main/WARN]: Reference map 'iris.refmap.json' for mixins.iris.vertexformat.json could not be read. If this is a development environment you can ignore this message
[20:25:38] [main/WARN]: Reference map 'iris.refmap.json' for mixins.iris.bettermipmaps.json could not be read. If this is a development environment you can ignore this message
[20:25:38] [main/WARN]: Reference map 'iris.refmap.json' for mixins.iris.compat.sodium.json could not be read. If this is a development environment you can ignore this message
[20:25:38] [main/WARN]: Reference map 'iris.refmap.json' for mixins.iris.fixes.maxfpscrash.json could not be read. If this is a development environment you can ignore this message
[20:25:38] [main/WARN]: Reference map 'journeymap-refmap.json' for journeymap.mixins.json could not be read. If this is a development environment you can ignore this message
[20:25:38] [main/WARN]: Reference map 'journeymap-refmap.json' for journeymap.fabric.mixins.json could not be read. If this is a development environment you can ignore this message
[20:25:38] [main/WARN]: Mod 'ferritecore' attempted to override option 'mixin.alloc.blockstate', which doesn't exist, ignoring
[20:25:38] [main/INFO]: Loaded configuration file for Lithium: 149 options available, 1 override(s) found
[20:25:38] [main/INFO]: Loaded configuration file for Sodium: 43 options available, 1 override(s) found
[20:25:38] [main/INFO]: Loaded configuration file for Sodium Extra: 34 options available, 0 override(s) found
[20:25:38] [main/WARN]: Error loading class: net/raphimc/immediatelyfast/feature/core/BatchableBufferSource (java.lang.ClassNotFoundException: net/raphimc/immediatelyfast/feature/core/BatchableBufferSource)
[20:25:38] [main/WARN]: Error loading class: dev/tr7zw/skinlayers/render/CustomizableModelPart (java.lang.ClassNotFoundException: dev/tr7zw/skinlayers/render/CustomizableModelPart)
[20:25:38] [main/WARN]: Error loading class: me/jellysquid/mods/sodium/client/render/immediate/model/EntityRenderer (java.lang.ClassNotFoundException: me/jellysquid/mods/sodium/client/render/immediate/model/EntityRenderer)
[20:25:38] [main/INFO]: Force-enabling mixin 'compat.worldedit.LevelChunkMixin' as rule 'mixin.compat.worldedit' (added by mods [lithium]) enables it
[20:25:38] [main/WARN]: Force-disabling mixin 'features.render.world.sky.FogRendererMixin' as rule 'mixin.features.render.world.sky' (added by mods [iris]) disables it and children
[20:25:38] [main/WARN]: Force-disabling mixin 'features.render.world.sky.ClientLevelMixin' as rule 'mixin.features.render.world.sky' (added by mods [iris]) disables it and children
[20:25:38] [main/WARN]: Force-disabling mixin 'features.render.world.sky.LevelRendererMixin' as rule 'mixin.features.render.world.sky' (added by mods [iris]) disables it and children
[20:25:38] [main/INFO]: Searching for graphics cards...
[20:25:39] [main/INFO]: Found graphics adapter: AdapterInfo{vendor=AMD, description='AMD Radeon(TM) Graphics', adapterType=0x00002323, openglIcdFilePath='C:\WINDOWS\System32\DriverStore\FileRepository\u0405277.inf_amd64_00f6bd87014da3b2\B404941\atig6pxx.dll', openglIcdVersion=32.0.11024.2}
[20:25:39] [main/INFO]: Found graphics adapter: AdapterInfo{vendor=NVIDIA, description='NVIDIA GeForce RTX 4080 SUPER', adapterType=0x0000031B, openglIcdFilePath='C:\WINDOWS\System32\DriverStore\FileRepository\nv_dispsi.inf_amd64_3efa186d0d770b7a\nvoglv64.dll', openglIcdVersion=32.0.15.6636}
[20:25:39] [main/WARN]: Sodium has applied one or more workarounds to prevent crashes or other issues on your system: [NVIDIA_THREADED_OPTIMIZATIONS_BROKEN]
[20:25:39] [main/WARN]: This is not necessarily an issue, but it may result in certain features or optimizations being disabled. You can sometimes fix these issues by upgrading your graphics driver.
[20:25:39] [main/INFO]: Initializing MixinExtras via com.llamalad7.mixinextras.service.MixinExtrasServiceImpl(version=0.4.1).
[20:25:40] [Datafixer Bootstrap/INFO]: 243 Datafixer optimizations took 224 milliseconds
[20:25:40] [main/WARN]: Invalid registry value type detected for PerfOS counters. Should be REG_DWORD. Ignoring: HKEY_LOCAL_MACHINE\SYSTEM\CurrentControlSet\Services\PerfOS\Performance\Disable Performance Counters.
[20:25:44] [Render thread/INFO]: Environment: Environment[sessionHost=https://sessionserver.mojang.com, servicesHost=https://api.minecraftservices.com, name=PROD]
[20:25:44] [Render thread/INFO]: Setting user: TechProKing
[20:25:44] [Render thread/INFO]: BetterPingDisplay mod loaded
[20:25:44] [Render thread/INFO]: [STDOUT]: All 6 have been set properly
[20:25:44] [Cicada thread 0/INFO]: [do_a_barrel_roll] One day I'll finish the swimming version of this mod. One day.
[20:25:44] [Cicada thread 0/INFO]: [do_a_barrel_roll] Though that day may come sooner than expected...
[20:25:44] [Render thread/INFO]: Initializing JamLib on Fabric
[20:25:45] [Render thread/INFO]: Initializing ServerSide Packet Registries
[20:25:45] [Render thread/INFO]: Updated config file at C:\Users\tanavm\AppData\Roaming\PrismLauncher\instances\v1.21.4\minecraft\config\rightclickharvest.json5
[20:25:45] [Render thread/INFO]: Initializing Right Click Harvest on FABRIC
[20:25:45] [Render thread/INFO]: Registered region minecraft:overworld to index 0 for type OVERWORLD
[20:25:45] [Render thread/INFO]: Registered region minecraft:nether to index 0 for type NETHER
[20:25:45] [Render thread/INFO]: Registered region biomesoplenty:overworld_primary to index 1 for type OVERWORLD
[20:25:45] [Render thread/INFO]: Registered region biomesoplenty:overworld_secondary to index 2 for type OVERWORLD
[20:25:45] [Render thread/INFO]: Registered region biomesoplenty:overworld_rare to index 3 for type OVERWORLD
[20:25:45] [Render thread/INFO]: Registered region biomesoplenty:nether_common to index 1 for type NETHER
[20:25:45] [Render thread/INFO]: Registered region biomesoplenty:nether_rare to index 2 for type NETHER
[20:25:45] [Render thread/INFO]: [STDOUT]: Starting WI Zoom v1.6-MC1.21.4
[20:25:45] [Render thread/INFO]: Got request to register class com.sk89q.worldedit.fabric.FabricPlatform with WorldEdit [com.sk89q.worldedit.extension.platform.PlatformManager@3e7a0462]
[20:25:45] [Render thread/WARN]: Failed to load Fabric permissions provider. Falling back to Minecraft
java.lang.RuntimeException: Fabric permissions version 0.2-SNAPSHOT is not supported. Please update Fabric Permissions API
	at knot/com.sk89q.worldedit.fabric.FabricWorldEdit.getInitialPermissionsProvider(FabricWorldEdit.java:216) ~[worldedit-mod-7.3.11.jar:?]
	at knot/com.sk89q.worldedit.fabric.FabricWorldEdit.onInitialize(FabricWorldEdit.java:170) ~[worldedit-mod-7.3.11.jar:?]
	at net.fabricmc.loader.impl.FabricLoaderImpl.invokeEntrypoints(FabricLoaderImpl.java:399) [fabric-loader-0.16.14.jar:?]
	at net.fabricmc.loader.impl.game.minecraft.Hooks.startClient(Hooks.java:52) [fabric-loader-0.16.14.jar:?]
	at knot/net.minecraft.class_310.<init>(class_310.java:476) [client-intermediary.jar:?]
	at knot/net.minecraft.client.main.Main.main(Main.java:250) [client-intermediary.jar:?]
	at net.fabricmc.loader.impl.game.minecraft.MinecraftGameProvider.launch(MinecraftGameProvider.java:480) [fabric-loader-0.16.14.jar:?]
	at net.fabricmc.loader.impl.launch.knot.Knot.launch(Knot.java:74) [fabric-loader-0.16.14.jar:?]
	at net.fabricmc.loader.impl.launch.knot.KnotClient.main(KnotClient.java:23) [fabric-loader-0.16.14.jar:?]
	at org.prismlauncher.launcher.impl.StandardLauncher.launch(StandardLauncher.java:105) [NewLaunch.jar:?]
	at org.prismlauncher.EntryPoint.listen(EntryPoint.java:129) [NewLaunch.jar:?]
	at org.prismlauncher.EntryPoint.main(EntryPoint.java:70) [NewLaunch.jar:?]
[20:25:45] [Render thread/INFO]: WorldEdit for Fabric (version 7.3.11+7055-8357a12) is loaded
[20:25:45] [Render thread/INFO]: Registering S2C receiver with id architectury:spawn_entity_packet
[20:25:45] [Render thread/INFO]: Loading Entity Model Features, 100% of the time it works 90% of the time!
[20:25:45] [Render thread/INFO]: [ETF]: 6 new ETF Random Properties registered by entity_model_features.
[20:25:45] [Render thread/INFO]: Loading Entity Texture Features, you just lost the game.
[20:25:45] [Render thread/INFO]: [Indigo] Different rendering plugin detected; not applying Indigo.
[20:25:45] [Render thread/INFO]: Loaded journeymap_webmap.WebMapServiceProvider@7c799611 for service interface journeymap.api.services.WebMapService
[20:25:45] [Render thread/INFO]: Loaded journeymap.common.helpers.FabricClientHooks@57840472 for service interface journeymap.api.services.ClientPlatformService
[20:25:45] [Render thread/INFO]: Loaded journeymap.common.helpers.FabricHooks@7dadfee5 for service interface journeymap.api.services.CommonPlatformService
[20:25:45] [Render thread/INFO]: [LambDynLights] Initializing LambDynamicLights...
[20:25:45] [Render thread/INFO]: [LambDynLights] Configuration loaded.
[20:25:45] [Render thread/INFO]: Checking mod updates...
[20:25:45] [Worker-Main-1/INFO]: Update available for 'fabric-language-kotlin@1.13.2+kotlin.2.1.20', (-> 1.13.3+kotlin.2.1.21)
[20:25:45] [Worker-Main-1/INFO]: Update available for 'litematica@0.21.2', (-> 0.21.3)
[20:25:45] [Worker-Main-1/INFO]: Update available for 'lambdynlights@4.1.0+1.21.4', (-> 4.1.2+1.21.4)
[20:25:45] [Worker-Main-1/INFO]: Update available for 'jamlib@1.3.2+1.21.4', (-> 1.3.5+1.21.4)
[20:25:45] [Worker-Main-1/INFO]: Update available for 'lithium@0.15.0+mc1.21.4', (-> mc1.21.4-0.15.3-fabric)
[20:25:45] [Worker-Main-1/INFO]: Update available for 'malilib@0.23.2', (-> 0.23.3)
[20:25:45] [Worker-Main-1/INFO]: Update available for 'cicada@0.12.0+1.21.4', (-> 0.13.0+1.21.4)
[20:25:45] [Worker-Main-1/INFO]: Update available for 'journeymap_webmap@1.0.3', (-> 1.21.4-1.0.8+fabric)
[20:25:45] [Worker-Main-1/INFO]: Update available for 'ctov@3.5.7a', (-> 3.5.8)
[20:25:45] [Worker-Main-1/INFO]: Update available for 'sodium@0.6.10+mc1.21.4', (-> mc1.21.4-0.6.13-fabric)
[20:25:45] [Render thread/INFO]: Registering S2C receiver with id rightclickharvest:hello
[20:25:46] [ForkJoinPool.commonPool-worker-1/WARN]: [Iris Update Check] This version doesn't have an update index, skipping.
[20:25:46] [Render thread/INFO]: Backend library: LWJGL version 3.3.3-snapshot
[20:25:46] [Render thread/INFO]: Modifying process environment to apply workarounds for the NVIDIA graphics driver...
[20:25:46] [Render thread/INFO]: OpenGL Vendor: NVIDIA Corporation
[20:25:46] [Render thread/INFO]: OpenGL Renderer: NVIDIA GeForce RTX 4080 SUPER/PCIe/SSE2
[20:25:46] [Render thread/INFO]: OpenGL Version: 3.2.0 NVIDIA 566.36
[20:25:46] [Render thread/INFO]: Modifying OpenGL context to apply workarounds for the NVIDIA graphics driver...
[20:25:46] [Render thread/INFO]: Enabling GL_DEBUG_OUTPUT_SYNCHRONOUS to force the NVIDIA driver to disable threadedcommand submission
[20:25:46] [Render thread/INFO]: Debug functionality is disabled.
[20:25:46] [Render thread/INFO]: ARB_direct_state_access detected, enabling DSA.
[20:25:46] [Render thread/INFO]: Profile: HIGH (+0 options changed by user)
[20:25:47] [Render thread/INFO]: Using shaderpack: ComplementaryUnbound_r5.5.1.zip
[20:25:47] [Render thread/WARN]: Removed resource pack do_a_barrel_roll from options because it is no longer compatible
[20:25:47] [Render thread/INFO]: Hardware information:
[20:25:47] [Render thread/INFO]: CPU: 32x AMD Ryzen 9 9950X 16-Core Processor 
[20:25:47] [Render thread/INFO]: GPU: NVIDIA GeForce RTX 4080 SUPER/PCIe/SSE2 (Supports OpenGL 3.2.0 NVIDIA 566.36)
[20:25:47] [Render thread/INFO]: OS: Windows 11 (10.0)
[20:25:48] [Render thread/INFO]: Reloading ResourceManager: vanilla, fabric, appleskin, armor_hud, armored-elytra, betterpingdisplay, bigendcitiesmod, biomesoplenty, bobby, cicada, cloth-config, continuity, ctov, do_a_barrel_roll, entity_model_features, entity_texture_features, fabric-api, fabric-api-base, fabric-api-lookup-api-v1, fabric-biome-api-v1, fabric-block-api-v1, fabric-block-view-api-v2, fabric-blockrenderlayer-v1, fabric-client-tags-api-v1, fabric-command-api-v1, fabric-command-api-v2, fabric-commands-v0, fabric-content-registries-v0, fabric-convention-tags-v1, fabric-convention-tags-v2, fabric-crash-report-info-v1, fabric-data-attachment-api-v1, fabric-data-generation-api-v1, fabric-dimensions-v1, fabric-entity-events-v1, fabric-events-interaction-v0, fabric-game-rule-api-v1, fabric-item-api-v1, fabric-item-group-api-v1, fabric-key-binding-api-v1, fabric-keybindings-v0, fabric-language-kotlin, fabric-lifecycle-events-v1, fabric-loot-api-v2, fabric-loot-api-v3, fabric-message-api-v1, fabric-model-loading-api-v1, fabric-networking-api-v1, fabric-object-builder-api-v1, fabric-particles-v1, fabric-recipe-api-v1, fabric-registry-sync-v0, fabric-renderer-api-v1, fabric-renderer-indigo, fabric-rendering-data-attachment-v1, fabric-rendering-fluids-v1, fabric-rendering-v1, fabric-resource-conditions-api-v1, fabric-resource-loader-v0, fabric-screen-api-v1, fabric-screen-handler-api-v1, fabric-sound-api-v1, fabric-tag-api-v1, fabric-transfer-api-v1, fabric-transitive-access-wideners-v1, fabricloader, info_journeymap_webmap-client, iris, jade, jamlib, journeymap, lambdynlights, lambdynlights_api, litematica, lithium, malilib, modmenu, optigui, placeholder-api, pride, reeses-sodium-options, rightclickharvest, sodium, sodium-extra, spruceui, terrablender, tradeuses, wi_zoom, worldedit, continuity:default, continuity:glass_pane_culling_fix, file/LowOnFire 1.21.4.zip
[20:25:48] [Worker-Main-1/INFO]: Found unifont_jp_patch-16.0.01.hex, loading
[20:25:48] [Worker-Main-7/INFO]: Found unifont_all_no_pua-16.0.01.hex, loading
[20:25:49] [Render thread/INFO]: Start loading plugin from Jade: snownee.jade.addon.core.CorePlugin
[20:25:49] [Render thread/INFO]: Start loading plugin from Jade: snownee.jade.addon.vanilla.VanillaPlugin
[20:25:49] [Render thread/INFO]: Start loading plugin from Jade: snownee.jade.addon.universal.UniversalPlugin
[20:25:49] [Render thread/INFO]: Start loading plugin from Jade: snownee.jade.addon.access.AccessibilityPlugin
[20:25:49] [Render thread/INFO]: Start loading plugin from Jade: snownee.jade.addon.debug.DebugPlugin
[20:25:49] [Render thread/INFO]: Found @JourneyMapPlugin: journeymap.api.plugins.LoadedChunkOverlayPlugin
[20:25:50] [Render thread/INFO]: port found, set to 8080
[20:25:50] [Render thread/WARN]: Configured port 8080 could not be bound: java.net.BindException: Address already in use: bind
[20:25:50] [Render thread/INFO]: New port 59959 assigned by ServerSocket.
[20:25:50] [Render thread/INFO]: Configured port 59959 is available.
[20:25:50] [Render thread/INFO]: Attempting to copy web content to journeymap\web
[20:25:50] [Render thread/INFO]: Web content copied successfully: false
[20:25:50] [Render thread/INFO]: Loading web content from jar: /assets/journeymap/web
[20:25:50] [Render thread/INFO]: Starting Javalin ...
[20:25:50] [Render thread/INFO]: jetty-11.0.20; built: 2024-01-29T21:04:22.394Z; git: 922f8dc188f7011e60d0361de585fd4ac4d63064; jvm 21.0.3+9-LTS
[20:25:50] [Render thread/INFO]: Session workerName=node0
[20:25:50] [Render thread/INFO]: Started o.e.j.s.ServletContextHandler@5873ebc2{/,null,AVAILABLE}
[20:25:50] [Render thread/INFO]: Started ServerConnector@6aa16654{HTTP/1.1, (http/1.1)}{0.0.0.0:59959}
[20:25:50] [Render thread/INFO]: Started Server@146f8fe2{STARTING}[11.0.20,sto=0] @13195ms
[20:25:50] [Render thread/INFO]: 
       __                  ___           _____
      / /___ __   ______ _/ (_)___      / ___/
 __  / / __ `/ | / / __ `/ / / __ \    / __ \
/ /_/ / /_/ /| |/ / /_/ / / / / / /   / /_/ /
\____/\__,_/ |___/\__,_/_/_/_/ /_/    \____/

       https://javalin.io/documentation

[20:25:50] [Render thread/INFO]: Javalin started in 98ms \o/
[20:25:50] [Render thread/INFO]: Static file handler added: StaticFileConfig(hostedPath=/, directory=/assets/journeymap/web, location=CLASSPATH, precompress=false, aliasCheck=null, headers={Cache-Control=max-age=0}, mimeTypes={}). File system location: 'jar:file:/C:/Users/tanavm/AppData/Roaming/PrismLauncher/instances/v1.21.4/minecraft/.fabric/processedMods/info_journeymap_webmap-client-1.1-SNAPSHOT-dae8018cb07f1b4d.jar!/assets/journeymap/web'
[20:25:50] [Render thread/INFO]: Listening on http://localhost:59959/
[20:25:50] [Render thread/INFO]: You are running Javalin 6.4.0 (released December 17, 2024. Your Javalin version is 151 days old. Consider checking for a newer version.).
[20:25:50] [Render thread/INFO]: WebMap is now listening on port 59959
[20:25:50] [Render thread/INFO]: OpenAL initialized on device OpenAL Soft on Headphones (Naresh Malhotra’s Beats Solo³)
[20:25:50] [Render thread/INFO]: Sound engine started
[20:25:50] [Render thread/INFO]: Created: 1024x1024x4 minecraft:textures/atlas/blocks.png-atlas
[20:25:50] [Render thread/INFO]: Created: 512x256x4 minecraft:textures/atlas/signs.png-atlas
[20:25:50] [Render thread/INFO]: Created: 512x512x4 minecraft:textures/atlas/shield_patterns.png-atlas
[20:25:50] [Render thread/INFO]: Created: 512x512x4 minecraft:textures/atlas/banner_patterns.png-atlas
[20:25:50] [Render thread/INFO]: Created: 2048x1024x4 minecraft:textures/atlas/armor_trims.png-atlas
[20:25:50] [Render thread/INFO]: Created: 256x256x4 minecraft:textures/atlas/chest.png-atlas
[20:25:50] [Render thread/INFO]: Created: 128x64x4 minecraft:textures/atlas/decorated_pot.png-atlas
[20:25:50] [Render thread/INFO]: Created: 512x256x4 minecraft:textures/atlas/beds.png-atlas
[20:25:50] [Render thread/INFO]: Created: 512x256x4 minecraft:textures/atlas/shulker_boxes.png-atlas
[20:25:50] [Render thread/INFO]: Created: 64x64x0 minecraft:textures/atlas/map_decorations.png-atlas
[20:25:50] [Render thread/INFO]: Created: 512x256x0 minecraft:textures/atlas/particles.png-atlas
[20:25:50] [Render thread/INFO]: Created: 512x256x0 minecraft:textures/atlas/paintings.png-atlas
[20:25:50] [Render thread/INFO]: Created: 256x128x0 minecraft:textures/atlas/mob_effects.png-atlas
[20:25:50] [Render thread/INFO]: Created: 1024x512x0 minecraft:textures/atlas/gui.png-atlas
[20:25:51] [Render thread/INFO]: [ETF]: reloading ETF data.
[20:25:51] [Render thread/INFO]: [ETF]: emissive suffixes loaded: {_e}.
[20:25:51] [Render thread/INFO]: [ETF]: emissive suffixes loaded: {_e}.
[20:25:51] [Render thread/INFO]: Creating pipeline for dimension minecraft:overworld
[20:25:58] [Render thread/INFO]: Connecting to skillduels.com, 25565
[20:25:58] [Render thread/INFO]: Reloading pipeline on dimension change: minecraft:overworld => minecraft:overworld
[20:25:58] [Render thread/INFO]: Destroying pipeline minecraft:overworld
[20:25:58] [Render thread/INFO]: Creating pipeline for dimension minecraft:overworld
[20:25:59] [Render thread/INFO]: Started 10 worker threads
[20:25:59] [Render thread/INFO]: Using 3 total BufferAllocator caches
[20:25:59] [Render thread/WARN]: Unable to read property: west with value: false for blockstate: {Name:"minecraft:cobblestone_wall",Properties:{east:"false",north:"false",south:"false",up:"false",west:"false"}}
[20:25:59] [Render thread/WARN]: Unable to read property: east with value: false for blockstate: {Name:"minecraft:cobblestone_wall",Properties:{east:"false",north:"false",south:"false",up:"false",west:"false"}}
[20:25:59] [Render thread/WARN]: Unable to read property: south with value: false for blockstate: {Name:"minecraft:cobblestone_wall",Properties:{east:"false",north:"false",south:"false",up:"false",west:"false"}}
[20:25:59] [Render thread/WARN]: Unable to read property: north with value: false for blockstate: {Name:"minecraft:cobblestone_wall",Properties:{east:"false",north:"false",south:"false",up:"false",west:"false"}}
[20:25:59] [Render thread/WARN]: Unable to read property: west with value: false for blockstate: {Name:"minecraft:mossy_cobblestone_wall",Properties:{east:"false",north:"false",south:"false",up:"false",west:"false"}}
[20:25:59] [Render thread/WARN]: Unable to read property: east with value: false for blockstate: {Name:"minecraft:mossy_cobblestone_wall",Properties:{east:"false",north:"false",south:"false",up:"false",west:"false"}}
[20:25:59] [Render thread/WARN]: Unable to read property: south with value: false for blockstate: {Name:"minecraft:mossy_cobblestone_wall",Properties:{east:"false",north:"false",south:"false",up:"false",west:"false"}}
[20:25:59] [Render thread/WARN]: Unable to read property: north with value: false for blockstate: {Name:"minecraft:mossy_cobblestone_wall",Properties:{east:"false",north:"false",south:"false",up:"false",west:"false"}}
[20:25:59] [Render thread/WARN]: Ignoring player info update for unknown player 55ec3042-107a-413f-a189-3a26292be9df ([UPDATE_DISPLAY_NAME])
[20:25:59] [Render thread/WARN]: Ignoring player info update for unknown player 55ec3042-107a-413f-a189-3a26292be9df ([UPDATE_LIST_ORDER])
[20:25:59] [Render thread/INFO]: [System] [CHAT]                                                                             
[20:25:59] [Render thread/INFO]: [System] [CHAT] ✦ Welcome to MunchyMC!
[20:25:59] [Render thread/INFO]: [System] [CHAT] 
[20:25:59] [Render thread/INFO]: [System] [CHAT] ✦ Visit our website @ munchymc.com
[20:25:59] [Render thread/INFO]: [System] [CHAT] ✦ Connect to our Teamspeak @ ts.munchymc.com
[20:25:59] [Render thread/INFO]: [System] [CHAT] 
[20:25:59] [Render thread/INFO]: [System] [CHAT] ✦ Purchase RANKS and KITS
[20:25:59] [Render thread/INFO]: [System] [CHAT] ➥ munchymc.com/store
[20:25:59] [Render thread/INFO]: [System] [CHAT]                                                                             
[20:25:59] [Render thread/INFO]: [System] [CHAT] ARES ➜ Anything that gives you an unfair advantage over other players is against the rules... this includes autoclickers, minimaps, & other cheats. You have been warned!
[20:25:59] [Render thread/INFO]: Loaded 4 advancements
[20:25:59] [Render thread/WARN]: Error while parsing the block ID map entry for "block.10104":
[20:25:59] [Render thread/WARN]: - The block minecraft:stone_slab has no property with the name variant, ignoring!
[20:25:59] [Render thread/INFO]: Stopping worker threads
[20:25:59] [Render thread/INFO]: Started 10 worker threads
[20:26:00] [Render thread/INFO]: Merging world 4 into 1: 110 chunks matching, 0 chunks mismatching
[20:26:01] [Render thread/INFO]: [System] [CHAT] §eJourneyMap:§f Press [§bG§f] or open browser to§b§n http://localhost:59959 §f
[20:26:02] [Render thread/WARN]: Ignoring player info update for unknown player 831179c3-a4b1-4291-935a-d9294e58a891 ([UPDATE_DISPLAY_NAME])
[20:26:02] [Render thread/WARN]: Ignoring player info update for unknown player 831179c3-a4b1-4291-935a-d9294e58a891 ([UPDATE_LIST_ORDER])
[20:26:17] [Render thread/WARN]: Ignoring player info update for unknown player 1c14a978-3c9d-40f5-932c-522f69a668c0 ([UPDATE_DISPLAY_NAME])
[20:26:17] [Render thread/WARN]: Ignoring player info update for unknown player 1c14a978-3c9d-40f5-932c-522f69a668c0 ([UPDATE_LIST_ORDER])
[20:26:38] [Render thread/INFO]: [System] [CHAT] [MunchyMC] Connect to our Teamspeak @ ts.munchymc.com
[20:26:46] [Render thread/WARN]: Ignoring player info update for unknown player 3947b40e-3658-4030-ba05-af3677cd1289 ([UPDATE_DISPLAY_NAME])
[20:26:46] [Render thread/WARN]: Ignoring player info update for unknown player 3947b40e-3658-4030-ba05-af3677cd1289 ([UPDATE_LIST_ORDER])
[20:26:51] [Render thread/WARN]: Ignoring player info update for unknown player 50fa2501-4bd0-4196-8781-efb65747ac0b ([UPDATE_DISPLAY_NAME])
[20:26:51] [Render thread/WARN]: Ignoring player info update for unknown player 50fa2501-4bd0-4196-8781-efb65747ac0b ([UPDATE_LIST_ORDER])
[20:27:07] [Render thread/WARN]: Ignoring player info update for unknown player 28685b44-c07a-47ed-80a5-8c56019a03bf ([UPDATE_DISPLAY_NAME])
[20:27:07] [Render thread/WARN]: Ignoring player info update for unknown player 28685b44-c07a-47ed-80a5-8c56019a03bf ([UPDATE_LIST_ORDER])
[20:27:23] [Render thread/INFO]: [STDOUT]: class_2338{x=4164, y=101, z=3187}
[20:27:23] [Render thread/INFO]: [System] [CHAT] Unknown command. Type /help for help.
[20:27:49] [Render thread/WARN]: Ignoring player info update for unknown player 69e6ed25-e369-4a3e-aad3-d5149e1e8581 ([UPDATE_DISPLAY_NAME])
[20:27:49] [Render thread/WARN]: Ignoring player info update for unknown player 69e6ed25-e369-4a3e-aad3-d5149e1e8581 ([UPDATE_LIST_ORDER])
[20:27:55] [Render thread/WARN]: Ignoring player info update for unknown player f49ec2a1-3c85-4ded-8ec8-323af79608e9 ([UPDATE_DISPLAY_NAME])
[20:27:55] [Render thread/WARN]: Ignoring player info update for unknown player f49ec2a1-3c85-4ded-8ec8-323af79608e9 ([UPDATE_LIST_ORDER])
[20:28:30] [Render thread/INFO]: Stopping worker threads
[20:28:31] [Render thread/INFO]: Connecting to skillduels.com, 25565
[20:28:32] [Render thread/INFO]: Reloading pipeline on dimension change: minecraft:overworld => minecraft:overworld
[20:28:32] [Render thread/INFO]: Destroying pipeline minecraft:overworld
[20:28:32] [Render thread/INFO]: Creating pipeline for dimension minecraft:overworld
[20:28:32] [Render thread/INFO]: Started 10 worker threads
[20:28:32] [Render thread/INFO]: Using 3 total BufferAllocator caches
[20:28:32] [Render thread/WARN]: Ignoring player info update for unknown player 55ec3042-107a-413f-a189-3a26292be9df ([UPDATE_DISPLAY_NAME])
[20:28:32] [Render thread/WARN]: Ignoring player info update for unknown player 55ec3042-107a-413f-a189-3a26292be9df ([UPDATE_LIST_ORDER])
[20:28:32] [Render thread/INFO]: [System] [CHAT]                                                                             
[20:28:32] [Render thread/INFO]: [System] [CHAT] ✦ Welcome to MunchyMC!
[20:28:32] [Render thread/INFO]: [System] [CHAT] 
[20:28:32] [Render thread/INFO]: [System] [CHAT] ✦ Visit our website @ munchymc.com
[20:28:32] [Render thread/INFO]: [System] [CHAT] ✦ Connect to our Teamspeak @ ts.munchymc.com
[20:28:32] [Render thread/INFO]: [System] [CHAT] 
[20:28:32] [Render thread/INFO]: [System] [CHAT] ✦ Purchase RANKS and KITS
[20:28:32] [Render thread/INFO]: [System] [CHAT] ➥ munchymc.com/store
[20:28:32] [Render thread/INFO]: [System] [CHAT]                                                                             
[20:28:32] [Render thread/INFO]: [System] [CHAT] ARES ➜ Anything that gives you an unfair advantage over other players is against the rules... this includes autoclickers, minimaps, & other cheats. You have been warned!
[20:28:32] [Render thread/INFO]: Loaded 4 advancements
[20:28:32] [Render thread/WARN]: Error while parsing the block ID map entry for "block.10104":
[20:28:32] [Render thread/WARN]: - The block minecraft:stone_slab has no property with the name variant, ignoring!
[20:28:32] [Render thread/INFO]: Stopping worker threads
[20:28:32] [Render thread/INFO]: Started 10 worker threads
[20:28:33] [Render thread/INFO]: Merging world 5 into 1: 63 chunks matching, 0 chunks mismatching
[20:28:35] [Render thread/INFO]: Stopping worker threads
[20:28:35] [Render thread/INFO]: Reloading pipeline on dimension change: minecraft:overworld => minecraft:overworld
[20:28:35] [Render thread/INFO]: Destroying pipeline minecraft:overworld
[20:28:35] [Render thread/INFO]: Creating pipeline for dimension minecraft:overworld
[20:28:35] [Render thread/INFO]: Started 10 worker threads
[20:28:35] [Render thread/INFO]: Using 3 total BufferAllocator caches
[20:28:35] [Render thread/WARN]: Ignoring player info update for unknown player 55ec3042-107a-413f-a189-3a26292be9df ([UPDATE_DISPLAY_NAME])
[20:28:35] [Render thread/WARN]: Ignoring player info update for unknown player 55ec3042-107a-413f-a189-3a26292be9df ([UPDATE_LIST_ORDER])
[20:28:35] [Render thread/WARN]: Ignoring player info update for unknown player 55ec3042-107a-413f-a189-3a26292be9df ([UPDATE_DISPLAY_NAME])
[20:28:35] [Render thread/INFO]: [System] [CHAT] ARES ➜ Anything that gives you an unfair advantage over other players is against the rules... this includes autoclickers, minimaps, & other cheats. You have been warned!
[20:28:35] [Render thread/INFO]: Loaded 2 advancements
[20:28:36] [Render thread/WARN]: Error while parsing the block ID map entry for "block.10104":
[20:28:36] [Render thread/WARN]: - The block minecraft:stone_slab has no property with the name variant, ignoring!
[20:28:36] [Render thread/INFO]: Stopping worker threads
[20:28:36] [Render thread/INFO]: Started 10 worker threads
[20:28:36] [Render thread/INFO]: Loaded 3 advancements
[20:28:37] [Render thread/INFO]: Merging world 8 into 1: 52 chunks matching, 14 chunks mismatching
[20:28:43] [Render thread/INFO]: [System] [CHAT] Rivtex » Please guys i need you guys to watch me water Jump
[20:28:46] [Render thread/INFO]: [System] [CHAT] ✦ Party Commands ✦
[20:28:46] [Render thread/INFO]: [System] [CHAT]  
[20:28:46] [Render thread/INFO]: [System] [CHAT] /party create - Creates a new party.
[20:28:46] [Render thread/INFO]: [System] [CHAT] /party invite <player> - Invites a player.
[20:28:46] [Render thread/INFO]: [System] [CHAT] /party accept <player> - Accepts an invite.
[20:28:46] [Render thread/INFO]: [System] [CHAT] /party deny <player> - Denies an invite.
[20:28:46] [Render thread/INFO]: [System] [CHAT] /party leave - Leaves your current party.
[20:28:46] [Render thread/INFO]: [System] [CHAT] /party kick <player> - Kicks a player (leader only).
[20:28:46] [Render thread/INFO]: [System] [CHAT] /party promote <player> - Promotes a member to leader (leader only).
[20:28:46] [Render thread/INFO]: [System] [CHAT] /party disband - Disbands the party (leader only).
[20:28:46] [Render thread/INFO]: [System] [CHAT] /party list - Shows party members and status.
[20:28:46] [Render thread/INFO]: [System] [CHAT] /party private <true|false> - Sets party game mode (leader only).
[20:28:46] [Render thread/INFO]: [System] [CHAT] /party game start <type> - Starts a private game (leader only, party must be private).
[20:28:46] [Render thread/INFO]: [System] [CHAT] /p <message> - Sends a message to your party chat.
[20:28:46] [Render thread/INFO]: [System] [CHAT]  
[20:28:50] [Render thread/INFO]: [System] [CHAT] HERO* ⦇Egg⦈ Palm_Tree » WATER DROP JOIN
[20:28:51] [Render thread/INFO]: [System] [CHAT] ✦ Party Commands ✦
[20:28:51] [Render thread/INFO]: [System] [CHAT]  
[20:28:51] [Render thread/INFO]: [System] [CHAT] /party create - Creates a new party.
[20:28:51] [Render thread/INFO]: [System] [CHAT] /party invite <player> - Invites a player.
[20:28:51] [Render thread/INFO]: [System] [CHAT] /party accept <player> - Accepts an invite.
[20:28:51] [Render thread/INFO]: [System] [CHAT] /party deny <player> - Denies an invite.
[20:28:51] [Render thread/INFO]: [System] [CHAT] /party leave - Leaves your current party.
[20:28:51] [Render thread/INFO]: [System] [CHAT] /party kick <player> - Kicks a player (leader only).
[20:28:51] [Render thread/INFO]: [System] [CHAT] /party promote <player> - Promotes a member to leader (leader only).
[20:28:51] [Render thread/INFO]: [System] [CHAT] /party disband - Disbands the party (leader only).
[20:28:51] [Render thread/INFO]: [System] [CHAT] /party list - Shows party members and status.
[20:28:51] [Render thread/INFO]: [System] [CHAT] /party private <true|false> - Sets party game mode (leader only).
[20:28:51] [Render thread/INFO]: [System] [CHAT] /party game start <type> - Starts a private game (leader only, party must be private).
[20:28:51] [Render thread/INFO]: [System] [CHAT] /p <message> - Sends a message to your party chat.
[20:28:51] [Render thread/INFO]: [System] [CHAT]  
[20:28:54] [Render thread/INFO]: [System] [CHAT] Rivtex » if you all jump b4 me how can you rate my jump???????
[20:28:58] [Render thread/INFO]: [System] [CHAT] MedievalTarp » trident race join 10 sec ago
[20:29:02] [Render thread/INFO]: [System] [CHAT] ✔ You have created a party! You are the leader.
[20:29:07] [Render thread/INFO]: [System] [CHAT] ✔ Party invite sent to CarProKing.
[20:29:12] [Render thread/INFO]: [System] [CHAT] ✂ CarProKing has joined the party!
[20:29:18] [Render thread/WARN]: Ignoring player info update for unknown player 68faaa9b-fd89-454f-9636-20e45dba559e ([UPDATE_DISPLAY_NAME])
[20:29:18] [Render thread/WARN]: Ignoring player info update for unknown player 68faaa9b-fd89-454f-9636-20e45dba559e ([UPDATE_LIST_ORDER])
[20:29:21] [Render thread/WARN]: Ignoring player info update for unknown player 1637724e-c29e-48a7-9763-a646788dd2d1 ([UPDATE_DISPLAY_NAME])
[20:29:21] [Render thread/WARN]: Ignoring player info update for unknown player 1637724e-c29e-48a7-9763-a646788dd2d1 ([UPDATE_LIST_ORDER])
[20:29:37] [Render thread/INFO]: [System] [CHAT] [MunchyMC] Connect to our Teamspeak @ ts.munchymc.com
[20:30:41] [Render thread/INFO]: [System] [CHAT] ✔ Your party leader, TechProKing, has joined the Speedbridge queue!
[20:30:41] [Render thread/INFO]: [System] [CHAT] ✧ Info ✧  Game found for Speedbridge! Gathering more players... Starting in 60s.
[20:30:46] [Render thread/INFO]: [System] [CHAT] ✧ Info ✧  Speedbridge game starting in 55s... (2/16)
[20:30:51] [Render thread/INFO]: [System] [CHAT] ✧ Info ✧  Speedbridge game starting in 50s... (3/16)
[20:30:56] [Render thread/INFO]: [System] [CHAT] ✧ Info ✧  Speedbridge game starting in 45s... (3/16)
[20:30:57] [Render thread/WARN]: Ignoring player info update for unknown player 83133bc1-227d-4eff-99c4-b3f79cd2a5b7 ([UPDATE_DISPLAY_NAME])
[20:30:57] [Render thread/WARN]: Ignoring player info update for unknown player 83133bc1-227d-4eff-99c4-b3f79cd2a5b7 ([UPDATE_LIST_ORDER])
[20:30:57] [Render thread/WARN]: Ignoring player info update for unknown player 83133bc1-227d-4eff-99c4-b3f79cd2a5b7 ([UPDATE_DISPLAY_NAME])
[20:31:01] [Render thread/INFO]: [System] [CHAT] ✧ Info ✧  Speedbridge game starting in 40s... (3/16)
[20:31:06] [Render thread/INFO]: [System] [CHAT] ✧ Info ✧  Speedbridge game starting in 35s... (3/16)
[20:31:11] [Render thread/INFO]: [System] [CHAT] ✧ Info ✧  Speedbridge game starting in 30s... (3/16)
[20:31:16] [Render thread/INFO]: [System] [CHAT] ✧ Info ✧  Speedbridge game starting in 25s... (4/16)
[20:31:21] [Render thread/INFO]: [System] [CHAT] ✧ Info ✧  Speedbridge game starting in 20s... (4/16)
[20:31:26] [Render thread/INFO]: [System] [CHAT] ✧ Info ✧  Speedbridge game starting in 15s... (3/16)
[20:31:31] [Render thread/INFO]: [System] [CHAT] ✧ Info ✧  Speedbridge game starting in 10s... (3/16)
[20:31:36] [Render thread/INFO]: [System] [CHAT] ✧ Info ✧  Speedbridge game starting in 5s... (3/16)
[20:31:36] [Render thread/WARN]: Ignoring player info update for unknown player 65ff5938-eb4e-4680-82c7-d4c5664b478c ([UPDATE_DISPLAY_NAME])
[20:31:36] [Render thread/WARN]: Ignoring player info update for unknown player 65ff5938-eb4e-4680-82c7-d4c5664b478c ([UPDATE_LIST_ORDER])
[20:31:36] [Render thread/WARN]: Ignoring player info update for unknown player 65ff5938-eb4e-4680-82c7-d4c5664b478c ([UPDATE_DISPLAY_NAME])
[20:31:36] [Render thread/INFO]: [System] [CHAT] [MunchyMC] Type /register (email) to register for our website and earn 3.5k tokens!
[20:31:37] [Render thread/INFO]: [System] [CHAT] ✧ Info ✧  Speedbridge game starting in 4s... (3/16)
[20:31:38] [Render thread/INFO]: [System] [CHAT] ✧ Info ✧  Speedbridge game starting in 3s... (3/16)
[20:31:39] [Render thread/INFO]: [System] [CHAT] ✧ Info ✧  Speedbridge game starting in 2s... (3/16)
[20:31:40] [Render thread/INFO]: [System] [CHAT] ✧ Info ✧  Speedbridge game starting in 1s... (3/16)
[20:31:41] [Render thread/INFO]: [System] [CHAT] ✧ Success ✧  You have joined the game session! Waiting for start...
[20:31:41] [Render thread/INFO]: [System] [CHAT] ✧ Info ✧  Waiting for more players or countdown to start... (3/16)
[20:31:56] [Render thread/INFO]: [System] [CHAT] ✧ Success ✧  The game is starting! Get ready...
[20:31:56] [Render thread/INFO]: [System] [CHAT] ✧ Info ✧  Loading next minigame...
[20:31:56] [Render thread/INFO]: Reloading pipeline on dimension change: minecraft:overworld => minecraft:mcz_spee_dream_00204
[20:31:56] [Render thread/INFO]: Destroying pipeline minecraft:overworld
[20:31:56] [Render thread/INFO]: Creating pipeline for dimension minecraft:mcz_spee_dream_00204
[20:31:56] [Render thread/INFO]: Stopping worker threads
[20:31:56] [Render thread/INFO]: Started 10 worker threads
[20:31:56] [Render thread/INFO]: Stopping worker threads
[20:31:56] [Render thread/INFO]: Started 10 worker threads
[20:31:56] [Render thread/INFO]: [System] [CHAT] ✧ Info ✧  Speedbridge has started! Fastest bridger wins.
[20:31:56] [Render thread/INFO]: Loaded 7 advancements
[20:31:56] [Render thread/WARN]: Error while parsing the block ID map entry for "block.10104":
[20:31:56] [Render thread/WARN]: - The block minecraft:stone_slab has no property with the name variant, ignoring!
[20:31:56] [Render thread/INFO]: Stopping worker threads
[20:31:56] [Render thread/INFO]: Started 10 worker threads
[20:33:33] [Render thread/INFO]: [System] [CHAT] TechProKing » how to bridge
[20:33:36] [Render thread/INFO]: [System] [CHAT] [MunchyMC] Find a Bug that hasn't been fixed? Send a support ticket over @ munchymc.com/support
[20:33:56] [Render thread/WARN]: Ignoring player info update for unknown player fa3b4f04-907a-4a80-a187-acad7b62445b ([UPDATE_DISPLAY_NAME])
[20:33:56] [Render thread/WARN]: Ignoring player info update for unknown player fa3b4f04-907a-4a80-a187-acad7b62445b ([UPDATE_LIST_ORDER])
[20:33:56] [Render thread/WARN]: Ignoring player info update for unknown player fa3b4f04-907a-4a80-a187-acad7b62445b ([UPDATE_DISPLAY_NAME])
[20:34:45] [Render thread/INFO]: [System] [CHAT] CLANS ➜ HERO (1), Mushy (1)
[20:34:58] [Render thread/INFO]: [System] [CHAT] CarProKing » how do you bridge and place blocks here
[20:35:15] [Render thread/WARN]: Ignoring player info update for unknown player 82523899-2b25-4766-bf0c-3abf587eadcd ([UPDATE_DISPLAY_NAME])
[20:35:15] [Render thread/WARN]: Ignoring player info update for unknown player 82523899-2b25-4766-bf0c-3abf587eadcd ([UPDATE_LIST_ORDER])
[20:35:36] [Render thread/INFO]: [System] [CHAT] [MunchyMC] LEADERBOARDS, PLAYER PROFILES, AND FORUMS - munchymc.com
[20:36:51] [Render thread/WARN]: Ignoring player info update for unknown player 60db8fb6-a82d-4bb6-867e-574218266407 ([UPDATE_DISPLAY_NAME])
[20:36:51] [Render thread/WARN]: Ignoring player info update for unknown player 60db8fb6-a82d-4bb6-867e-574218266407 ([UPDATE_LIST_ORDER])
[20:36:51] [Render thread/WARN]: Ignoring player info update for unknown player 60db8fb6-a82d-4bb6-867e-574218266407 ([UPDATE_DISPLAY_NAME])
[20:36:52] [Render thread/WARN]: Ignoring player info update for unknown player 1ebf71e0-b004-4f0e-a4fa-62288884d9fa ([UPDATE_DISPLAY_NAME])
[20:36:52] [Render thread/WARN]: Ignoring player info update for unknown player 1ebf71e0-b004-4f0e-a4fa-62288884d9fa ([UPDATE_LIST_ORDER])
[20:36:56] [Render thread/INFO]: [System] [CHAT] ✧ Warning ✧  Time's up!
[20:36:56] [Render thread/INFO]: [System] [CHAT] ✧ Info ✧  Minigame Over!
[20:37:03] [Render thread/INFO]: [System] [CHAT] ✧ Info ✧  Returning to lobby...
[20:37:03] [Render thread/INFO]: Reloading pipeline on dimension change: minecraft:mcz_spee_dream_00204 => minecraft:overworld
[20:37:03] [Render thread/INFO]: Destroying pipeline minecraft:mcz_spee_dream_00204
[20:37:03] [Render thread/INFO]: Creating pipeline for dimension minecraft:overworld
[20:37:03] [Render thread/INFO]: Stopping worker threads
[20:37:03] [Render thread/INFO]: Started 10 worker threads
[20:37:03] [Render thread/INFO]: Stopping worker threads
[20:37:03] [Render thread/INFO]: Started 10 worker threads
[20:37:03] [Render thread/INFO]: [System] [CHAT] ✦═════════════ Winner! ═════════════✦
[20:37:03] [Render thread/INFO]: [System] [CHAT]  
[20:37:03] [Render thread/INFO]: [System] [CHAT]      TechProKing has won with 0 points!
[20:37:03] [Render thread/INFO]: [System] [CHAT]  
[20:37:03] [Render thread/INFO]: [System] [CHAT] ✦═════════════════════════════════════✦
[20:37:03] [Render thread/WARN]: Error while parsing the block ID map entry for "block.10104":
[20:37:03] [Render thread/WARN]: - The block minecraft:stone_slab has no property with the name variant, ignoring!
[20:37:03] [Render thread/INFO]: Stopping worker threads
[20:37:03] [Render thread/INFO]: Started 10 worker threads
[20:37:05] [Render thread/INFO]: Merging world 9 into 1: 57 chunks matching, 14 chunks mismatching
[20:37:13] [Render thread/INFO]: [System] [CHAT] ✧ Info ✧  Thanks for playing!
[20:37:16] [Render thread/INFO]: [System] [CHAT] ✔ Your party leader, TechProKing, has joined the Speedbridge queue!
[20:37:16] [Render thread/INFO]: [System] [CHAT] ✧ Info ✧  Game found for Speedbridge! Gathering more players... Starting in 60s.
[20:37:21] [Render thread/INFO]: [System] [CHAT] ✧ Info ✧  Speedbridge game starting in 55s... (2/16)
[20:37:26] [Render thread/INFO]: [System] [CHAT] ✧ Info ✧  Speedbridge game starting in 50s... (2/16)
[20:37:31] [Render thread/INFO]: [System] [CHAT] ✧ Info ✧  Speedbridge game starting in 45s... (2/16)
[20:37:36] [Render thread/INFO]: [System] [CHAT] ✧ Info ✧  Speedbridge game starting in 40s... (2/16)
[20:37:36] [Render thread/INFO]: [System] [CHAT] [MunchyMC] Join the MunchyMC Discord: https://discord.gg/munchymc
[20:37:41] [Render thread/INFO]: [System] [CHAT] ✧ Info ✧  Speedbridge game starting in 35s... (2/16)
[20:37:46] [Render thread/INFO]: [System] [CHAT] ✧ Info ✧  Speedbridge game starting in 30s... (2/16)
[20:37:47] [Render thread/WARN]: Ignoring player info update for unknown player 1c14a978-3c9d-40f5-932c-522f69a668c0 ([UPDATE_DISPLAY_NAME])
[20:37:47] [Render thread/WARN]: Ignoring player info update for unknown player 1c14a978-3c9d-40f5-932c-522f69a668c0 ([UPDATE_LIST_ORDER])
[20:37:49] [Render thread/WARN]: Ignoring player info update for unknown player b46dde7c-5c96-4bf6-83c9-e06a2b0b9b7d ([UPDATE_DISPLAY_NAME])
[20:37:49] [Render thread/WARN]: Ignoring player info update for unknown player b46dde7c-5c96-4bf6-83c9-e06a2b0b9b7d ([UPDATE_LIST_ORDER])
[20:37:51] [Render thread/INFO]: [System] [CHAT] ✧ Info ✧  Speedbridge game starting in 25s... (2/16)
[20:37:56] [Render thread/INFO]: [System] [CHAT] ✧ Info ✧  Speedbridge game starting in 20s... (2/16)
[20:38:01] [Render thread/INFO]: [System] [CHAT] ✧ Info ✧  Speedbridge game starting in 15s... (2/16)
[20:38:06] [Render thread/INFO]: [System] [CHAT] ✧ Info ✧  Speedbridge game starting in 10s... (2/16)
[20:38:10] [Render thread/WARN]: Ignoring player info update for unknown player b29e2654-7604-4d5b-a822-696fe377f9a6 ([UPDATE_DISPLAY_NAME])
[20:38:10] [Render thread/WARN]: Ignoring player info update for unknown player b29e2654-7604-4d5b-a822-696fe377f9a6 ([UPDATE_LIST_ORDER])
[20:38:11] [Render thread/INFO]: [System] [CHAT] ✧ Info ✧  Speedbridge game starting in 5s... (2/16)
[20:38:11] [Render thread/WARN]: Ignoring player info update for unknown player 1c14a978-3c9d-40f5-932c-522f69a668c0 ([UPDATE_DISPLAY_NAME])
[20:38:11] [Render thread/WARN]: Ignoring player info update for unknown player 1c14a978-3c9d-40f5-932c-522f69a668c0 ([UPDATE_LIST_ORDER])
[20:38:12] [Render thread/INFO]: [System] [CHAT] ✧ Info ✧  Speedbridge game starting in 4s... (2/16)
[20:38:13] [Render thread/INFO]: [System] [CHAT] ✧ Info ✧  Speedbridge game starting in 3s... (2/16)
[20:38:14] [Render thread/INFO]: [System] [CHAT] ✧ Info ✧  Speedbridge game starting in 2s... (2/16)
[20:38:15] [Render thread/INFO]: [System] [CHAT] ✧ Info ✧  Speedbridge game starting in 1s... (2/16)
[20:38:16] [Render thread/INFO]: [System] [CHAT] ✧ Success ✧  You have joined the game session! Waiting for start...
[20:38:16] [Render thread/INFO]: [System] [CHAT] ✧ Info ✧  Waiting for more players or countdown to start... (2/16)
[20:38:28] [Render thread/WARN]: Ignoring player info update for unknown player 0fac6835-47c3-474c-82ce-7352a2f705c6 ([UPDATE_DISPLAY_NAME])
[20:38:28] [Render thread/WARN]: Ignoring player info update for unknown player 0fac6835-47c3-474c-82ce-7352a2f705c6 ([UPDATE_LIST_ORDER])
[20:38:31] [Render thread/INFO]: [System] [CHAT] ✧ Success ✧  The game is starting! Get ready...
[20:38:31] [Render thread/INFO]: [System] [CHAT] ✧ Info ✧  Loading next minigame...
[20:38:31] [Render thread/INFO]: Reloading pipeline on dimension change: minecraft:overworld => minecraft:mcz_spee_dream_8cbec
[20:38:31] [Render thread/INFO]: Destroying pipeline minecraft:overworld
[20:38:31] [Render thread/INFO]: Creating pipeline for dimension minecraft:mcz_spee_dream_8cbec
[20:38:31] [Render thread/INFO]: Stopping worker threads
[20:38:31] [Render thread/INFO]: Started 10 worker threads
[20:38:31] [Render thread/INFO]: Stopping worker threads
[20:38:31] [Render thread/INFO]: Started 10 worker threads
[20:38:31] [Render thread/INFO]: [System] [CHAT] ✧ Info ✧  Speedbridge has started! Fastest bridger wins.
[20:38:31] [Render thread/WARN]: Error while parsing the block ID map entry for "block.10104":
[20:38:31] [Render thread/WARN]: - The block minecraft:stone_slab has no property with the name variant, ignoring!
[20:38:31] [Render thread/INFO]: Stopping worker threads
[20:38:31] [Render thread/INFO]: Started 10 worker threads
[20:38:33] [Render thread/WARN]: Ignoring player info update for unknown player 73a46591-23c1-4104-8e11-837daa9bea1e ([UPDATE_DISPLAY_NAME])
[20:38:33] [Render thread/WARN]: Ignoring player info update for unknown player 73a46591-23c1-4104-8e11-837daa9bea1e ([UPDATE_LIST_ORDER])
[20:39:36] [Render thread/INFO]: [System] [CHAT] [MunchyMC] Report cheaters or other rule breakers by using the /report command!
[20:39:42] [Render thread/WARN]: Ignoring player info update for unknown player d98228b8-0e15-4c9e-ac3f-c9f55c39071c ([UPDATE_DISPLAY_NAME])
[20:39:42] [Render thread/WARN]: Ignoring player info update for unknown player d98228b8-0e15-4c9e-ac3f-c9f55c39071c ([UPDATE_LIST_ORDER])
[20:39:42] [Render thread/WARN]: Ignoring player info update for unknown player d98228b8-0e15-4c9e-ac3f-c9f55c39071c ([UPDATE_DISPLAY_NAME])
[20:39:59] [Render thread/WARN]: Ignoring player info update for unknown player 1c14a978-3c9d-40f5-932c-522f69a668c0 ([UPDATE_DISPLAY_NAME])
[20:39:59] [Render thread/WARN]: Ignoring player info update for unknown player 1c14a978-3c9d-40f5-932c-522f69a668c0 ([UPDATE_LIST_ORDER])
[20:40:43] [Render thread/WARN]: Ignoring player info update for unknown player d5f12bc4-fadf-46be-bbfe-ba6669ab5bdd ([UPDATE_DISPLAY_NAME])
[20:40:43] [Render thread/WARN]: Ignoring player info update for unknown player d5f12bc4-fadf-46be-bbfe-ba6669ab5bdd ([UPDATE_LIST_ORDER])
[20:40:43] [Render thread/WARN]: Ignoring player info update for unknown player d5f12bc4-fadf-46be-bbfe-ba6669ab5bdd ([UPDATE_DISPLAY_NAME])
[20:41:07] [Render thread/INFO]: [System] [CHAT] Unknown or incomplete command, see below for error\nlobby<--[HERE]
[20:41:36] [Render thread/INFO]: [System] [CHAT] [MunchyMC] Hacking is NOT allowed on MunchyMC. View all our rules by doing /rules
[20:41:58] [Render thread/WARN]: Ignoring player info update for unknown player 2b9639ad-96f8-4d03-b814-d4882a822227 ([UPDATE_DISPLAY_NAME])
[20:41:58] [Render thread/WARN]: Ignoring player info update for unknown player 2b9639ad-96f8-4d03-b814-d4882a822227 ([UPDATE_LIST_ORDER])
[20:41:59] [Render thread/WARN]: Ignoring player info update for unknown player 1637724e-c29e-48a7-9763-a646788dd2d1 ([UPDATE_DISPLAY_NAME])
[20:41:59] [Render thread/WARN]: Ignoring player info update for unknown player 1637724e-c29e-48a7-9763-a646788dd2d1 ([UPDATE_LIST_ORDER])
[20:42:03] [Render thread/WARN]: Ignoring player info update for unknown player cdf74700-e1a4-45f7-8240-55a8b677f842 ([UPDATE_DISPLAY_NAME])
[20:42:03] [Render thread/WARN]: Ignoring player info update for unknown player cdf74700-e1a4-45f7-8240-55a8b677f842 ([UPDATE_LIST_ORDER])
[20:42:06] [Render thread/WARN]: Ignoring player info update for unknown player 215773c8-9322-4b4d-8a90-630bd57f0fba ([UPDATE_DISPLAY_NAME])
[20:42:06] [Render thread/WARN]: Ignoring player info update for unknown player 215773c8-9322-4b4d-8a90-630bd57f0fba ([UPDATE_LIST_ORDER])
[20:42:53] [Render thread/WARN]: Ignoring player info update for unknown player 727975f4-390f-4d65-b8de-f6994f93e9ca ([UPDATE_DISPLAY_NAME])
[20:42:53] [Render thread/WARN]: Ignoring player info update for unknown player 727975f4-390f-4d65-b8de-f6994f93e9ca ([UPDATE_LIST_ORDER])
[20:43:20] [Render thread/WARN]: Ignoring player info update for unknown player 80e0a8dd-991e-4395-bca2-936d07ae2c15 ([UPDATE_DISPLAY_NAME])
[20:43:20] [Render thread/WARN]: Ignoring player info update for unknown player 80e0a8dd-991e-4395-bca2-936d07ae2c15 ([UPDATE_LIST_ORDER])
[20:43:20] [Render thread/WARN]: Ignoring player info update for unknown player 80e0a8dd-991e-4395-bca2-936d07ae2c15 ([UPDATE_DISPLAY_NAME])
[20:43:31] [Render thread/INFO]: [System] [CHAT] ✧ Warning ✧  Time's up!
[20:43:31] [Render thread/INFO]: [System] [CHAT] ✧ Info ✧  Minigame Over!
[20:43:36] [Render thread/INFO]: [System] [CHAT] [MunchyMC] Boost the MunchyMC Discord to receive amazing perks!
[20:43:38] [Render thread/INFO]: [System] [CHAT] ✧ Info ✧  Returning to lobby...
[20:43:38] [Render thread/INFO]: Reloading pipeline on dimension change: minecraft:mcz_spee_dream_8cbec => minecraft:overworld
[20:43:38] [Render thread/INFO]: Destroying pipeline minecraft:mcz_spee_dream_8cbec
[20:43:38] [Render thread/INFO]: Creating pipeline for dimension minecraft:overworld
[20:43:38] [Render thread/INFO]: Stopping worker threads
[20:43:38] [Render thread/INFO]: Started 10 worker threads
[20:43:38] [Render thread/INFO]: Stopping worker threads
[20:43:38] [Render thread/INFO]: Started 10 worker threads
[20:43:38] [Render thread/INFO]: [System] [CHAT] ✦═════════════ Winner! ═════════════✦
[20:43:38] [Render thread/INFO]: [System] [CHAT]  
[20:43:38] [Render thread/INFO]: [System] [CHAT]      TechProKing has won with 0 points!
[20:43:38] [Render thread/INFO]: [System] [CHAT]  
[20:43:38] [Render thread/INFO]: [System] [CHAT] ✦═════════════════════════════════════✦
[20:43:38] [Render thread/WARN]: Error while parsing the block ID map entry for "block.10104":
[20:43:38] [Render thread/WARN]: - The block minecraft:stone_slab has no property with the name variant, ignoring!
[20:43:38] [Render thread/INFO]: Stopping worker threads
[20:43:38] [Render thread/INFO]: Started 10 worker threads
[20:43:39] [Render thread/INFO]: Merging world 10 into 1: 61 chunks matching, 14 chunks mismatching
[20:43:48] [Render thread/INFO]: [System] [CHAT] ✧ Info ✧  Thanks for playing!
[20:43:56] [Render thread/INFO]: [System] [CHAT] ✔ Your party leader, TechProKing, has joined the Lava Boat Race queue!
[20:43:56] [Render thread/INFO]: [System] [CHAT] ✧ Info ✧  Game found for Lava Boat Race! Gathering more players... Starting in 60s.
[20:44:01] [Render thread/INFO]: [System] [CHAT] ✧ Info ✧  Lava Boat Race game starting in 55s... (2/16)
[20:44:06] [Render thread/INFO]: [System] [CHAT] ✧ Info ✧  Lava Boat Race game starting in 50s... (2/16)
[20:44:11] [Render thread/INFO]: [System] [CHAT] ✧ Info ✧  Lava Boat Race game starting in 45s... (2/16)
[20:44:16] [Render thread/INFO]: [System] [CHAT] ✧ Info ✧  Lava Boat Race game starting in 40s... (2/16)
[20:44:21] [Render thread/INFO]: [System] [CHAT] ✧ Info ✧  Lava Boat Race game starting in 35s... (2/16)
[20:44:26] [Render thread/INFO]: [System] [CHAT] ✧ Info ✧  Lava Boat Race game starting in 30s... (2/16)
[20:44:31] [Render thread/INFO]: [System] [CHAT] ✧ Info ✧  Lava Boat Race game starting in 25s... (2/16)
[20:44:34] [Render thread/WARN]: Ignoring player info update for unknown player 0100c789-b9e7-472b-b603-f7c9986ba020 ([UPDATE_DISPLAY_NAME])
[20:44:34] [Render thread/WARN]: Ignoring player info update for unknown player 0100c789-b9e7-472b-b603-f7c9986ba020 ([UPDATE_LIST_ORDER])
[20:44:36] [Render thread/INFO]: [System] [CHAT] ✧ Info ✧  Lava Boat Race game starting in 20s... (2/16)
[20:44:38] [Render thread/WARN]: Ignoring player info update for unknown player 1c14a978-3c9d-40f5-932c-522f69a668c0 ([UPDATE_DISPLAY_NAME])
[20:44:38] [Render thread/WARN]: Ignoring player info update for unknown player 1c14a978-3c9d-40f5-932c-522f69a668c0 ([UPDATE_LIST_ORDER])
[20:44:41] [Render thread/INFO]: [System] [CHAT] ✧ Info ✧  Lava Boat Race game starting in 15s... (2/16)
[20:44:45] [Render thread/INFO]: [System] [CHAT] CLANS ➜ Mushy (1)
[20:44:46] [Render thread/INFO]: [System] [CHAT] ✧ Info ✧  Lava Boat Race game starting in 10s... (2/16)
[20:44:49] [Render thread/WARN]: Ignoring player info update for unknown player 1637724e-c29e-48a7-9763-a646788dd2d1 ([UPDATE_DISPLAY_NAME])
[20:44:49] [Render thread/WARN]: Ignoring player info update for unknown player 1637724e-c29e-48a7-9763-a646788dd2d1 ([UPDATE_LIST_ORDER])
[20:44:51] [Render thread/INFO]: [System] [CHAT] ✧ Info ✧  Lava Boat Race game starting in 5s... (2/16)
[20:44:52] [Render thread/INFO]: [System] [CHAT] ✧ Info ✧  Lava Boat Race game starting in 4s... (2/16)
[20:44:53] [Render thread/INFO]: [System] [CHAT] ✧ Info ✧  Lava Boat Race game starting in 3s... (2/16)
[20:44:54] [Render thread/INFO]: [System] [CHAT] ✧ Info ✧  Lava Boat Race game starting in 2s... (2/16)
[20:44:55] [Render thread/INFO]: [System] [CHAT] ✧ Info ✧  Lava Boat Race game starting in 1s... (2/16)
[20:44:56] [Render thread/INFO]: [System] [CHAT] ✧ Success ✧  You have joined the game session! Waiting for start...
[20:44:56] [Render thread/INFO]: [System] [CHAT] ✧ Info ✧  Waiting for more players or countdown to start... (2/16)
[20:45:11] [Render thread/INFO]: [System] [CHAT] ✧ Success ✧  The game is starting! Get ready...
[20:45:11] [Render thread/INFO]: [System] [CHAT] ✧ Info ✧  Loading next minigame...
[20:45:11] [Render thread/INFO]: Reloading pipeline on dimension change: minecraft:overworld => minecraft:mcz_lava_dream_e1d7e
[20:45:11] [Render thread/INFO]: Destroying pipeline minecraft:overworld
[20:45:11] [Render thread/INFO]: Creating pipeline for dimension minecraft:mcz_lava_dream_e1d7e
[20:45:11] [Render thread/INFO]: Stopping worker threads
[20:45:11] [Render thread/INFO]: Started 10 worker threads
[20:45:11] [Render thread/INFO]: Stopping worker threads
[20:45:11] [Render thread/INFO]: Started 10 worker threads
[20:45:11] [Render thread/INFO]: [System] [CHAT] ✧ Info ✧  Lava Boat Race is on! Don't fall in!
[20:45:11] [Render thread/INFO]: Loaded 18 advancements
[20:45:11] [Render thread/WARN]: Error while parsing the block ID map entry for "block.10104":
[20:45:11] [Render thread/WARN]: - The block minecraft:stone_slab has no property with the name variant, ignoring!
[20:45:11] [Render thread/INFO]: Stopping worker threads
[20:45:11] [Render thread/INFO]: Started 10 worker threads
[20:45:36] [Render thread/INFO]: [System] [CHAT] [MunchyMC] Ranks, Tokens and Kits can be purchased at: shop.munchymc.com
[20:45:36] [Render thread/WARN]: Ignoring player info update for unknown player 66573399-26be-4498-8b90-66bf004176db ([UPDATE_DISPLAY_NAME])
[20:45:36] [Render thread/WARN]: Ignoring player info update for unknown player 66573399-26be-4498-8b90-66bf004176db ([UPDATE_LIST_ORDER])
[20:46:57] [Render thread/WARN]: Ignoring player info update for unknown player 727975f4-390f-4d65-b8de-f6994f93e9ca ([UPDATE_DISPLAY_NAME])
[20:46:57] [Render thread/WARN]: Ignoring player info update for unknown player 727975f4-390f-4d65-b8de-f6994f93e9ca ([UPDATE_LIST_ORDER])
[20:47:07] [Render thread/WARN]: Ignoring player info update for unknown player 5c0da8df-4f2f-4db4-ba29-1b0aaebdfdeb ([UPDATE_DISPLAY_NAME])
[20:47:07] [Render thread/WARN]: Ignoring player info update for unknown player 5c0da8df-4f2f-4db4-ba29-1b0aaebdfdeb ([UPDATE_LIST_ORDER])
[20:47:34] [Render thread/WARN]: Ignoring player info update for unknown player 1ebf71e0-b004-4f0e-a4fa-62288884d9fa ([UPDATE_DISPLAY_NAME])
[20:47:34] [Render thread/WARN]: Ignoring player info update for unknown player 1ebf71e0-b004-4f0e-a4fa-62288884d9fa ([UPDATE_LIST_ORDER])
[20:47:35] [Render thread/WARN]: Ignoring player info update for unknown player 1c14a978-3c9d-40f5-932c-522f69a668c0 ([UPDATE_DISPLAY_NAME])
[20:47:35] [Render thread/WARN]: Ignoring player info update for unknown player 1c14a978-3c9d-40f5-932c-522f69a668c0 ([UPDATE_LIST_ORDER])
[20:47:36] [Render thread/INFO]: [System] [CHAT] [MunchyMC] Follow the MunchyMC Twitter @ twitter.com/munchy_mc
[20:48:11] [Render thread/INFO]: [System] [CHAT] ✧ Warning ✧  Time's up!
[20:48:11] [Render thread/INFO]: [System] [CHAT] ✧ Info ✧  Minigame Over!
[20:48:18] [Render thread/INFO]: [System] [CHAT] ✧ Info ✧  Returning to lobby...
[20:48:18] [Render thread/INFO]: Reloading pipeline on dimension change: minecraft:mcz_lava_dream_e1d7e => minecraft:overworld
[20:48:18] [Render thread/INFO]: Destroying pipeline minecraft:mcz_lava_dream_e1d7e
[20:48:18] [Render thread/INFO]: Creating pipeline for dimension minecraft:overworld
[20:48:18] [Render thread/INFO]: Stopping worker threads
[20:48:18] [Render thread/INFO]: Started 10 worker threads
[20:48:18] [Render thread/INFO]: Stopping worker threads
[20:48:18] [Render thread/INFO]: Started 10 worker threads
[20:48:18] [Render thread/INFO]: [System] [CHAT] ✦═════════════ Winner! ═════════════✦
[20:48:18] [Render thread/INFO]: [System] [CHAT]  
[20:48:18] [Render thread/INFO]: [System] [CHAT]      TechProKing has won with 0 points!
[20:48:18] [Render thread/INFO]: [System] [CHAT]  
[20:48:18] [Render thread/INFO]: [System] [CHAT] ✦═════════════════════════════════════✦
[20:48:18] [Render thread/WARN]: Error while parsing the block ID map entry for "block.10104":
[20:48:18] [Render thread/WARN]: - The block minecraft:stone_slab has no property with the name variant, ignoring!
[20:48:18] [Render thread/INFO]: Stopping worker threads
[20:48:18] [Render thread/INFO]: Started 10 worker threads
[20:48:20] [Render thread/INFO]: Merging world 11 into 1: 58 chunks matching, 14 chunks mismatching
[20:48:28] [Render thread/INFO]: [System] [CHAT] ✧ Info ✧  Thanks for playing!
[20:48:34] [Render thread/INFO]: [System] [CHAT] ✔ Your party leader, TechProKing, has joined the Elytra Race queue!
[20:48:39] [Render thread/INFO]: [System] [CHAT] ✧ Info ✧  Elytra Race game starting in 15s... (3/16)
[20:48:44] [Render thread/INFO]: [System] [CHAT] ✧ Info ✧  Elytra Race game starting in 10s... (3/16)
[20:48:49] [Render thread/INFO]: [System] [CHAT] ✧ Info ✧  Elytra Race game starting in 5s... (3/16)
[20:48:50] [Render thread/INFO]: [System] [CHAT] ✧ Info ✧  Elytra Race game starting in 4s... (3/16)
[20:48:51] [Render thread/INFO]: [System] [CHAT] ✧ Info ✧  Elytra Race game starting in 3s... (3/16)
[20:48:52] [Render thread/INFO]: [System] [CHAT] ✧ Info ✧  Elytra Race game starting in 2s... (3/16)
[20:48:53] [Render thread/INFO]: [System] [CHAT] ✧ Info ✧  Elytra Race game starting in 1s... (3/16)
[20:48:54] [Render thread/INFO]: [System] [CHAT] ✧ Success ✧  You have joined the game session! Waiting for start...
[20:48:54] [Render thread/INFO]: [System] [CHAT] ✧ Info ✧  Waiting for more players or countdown to start... (3/16)
[20:48:54] [Render thread/WARN]: Ignoring player info update for unknown player 96594184-a98c-4d7f-9539-62f071650e9d ([UPDATE_DISPLAY_NAME])
[20:48:54] [Render thread/WARN]: Ignoring player info update for unknown player 96594184-a98c-4d7f-9539-62f071650e9d ([UPDATE_LIST_ORDER])
[20:48:55] [Render thread/INFO]: Loaded 28 advancements
[20:49:09] [Render thread/INFO]: [System] [CHAT] ✧ Success ✧  The game is starting! Get ready...
[20:49:09] [Render thread/INFO]: [System] [CHAT] ✧ Info ✧  Loading next minigame...
[20:49:09] [Render thread/INFO]: Reloading pipeline on dimension change: minecraft:overworld => minecraft:mcz_elyt_dream_3af9d
[20:49:09] [Render thread/INFO]: Destroying pipeline minecraft:overworld
[20:49:09] [Render thread/INFO]: Creating pipeline for dimension minecraft:mcz_elyt_dream_3af9d
[20:49:09] [Render thread/INFO]: Stopping worker threads
[20:49:09] [Render thread/INFO]: Started 10 worker threads
[20:49:09] [Render thread/INFO]: Stopping worker threads
[20:49:09] [Render thread/INFO]: Started 10 worker threads
[20:49:09] [Render thread/INFO]: [System] [CHAT] ✧ Info ✧  Elytra Race has started! Fly through all 50 light rings to finish.
[20:49:09] [Render thread/INFO]: Loaded 33 advancements
[20:49:09] [Render thread/WARN]: Error while parsing the block ID map entry for "block.10104":
[20:49:09] [Render thread/WARN]: - The block minecraft:stone_slab has no property with the name variant, ignoring!
[20:49:09] [Render thread/INFO]: Stopping worker threads
[20:49:09] [Render thread/INFO]: Started 10 worker threads
[20:49:27] [Render thread/WARN]: Ignoring player info update for unknown player 6c251450-166d-42da-88e6-26d2992e14aa ([UPDATE_DISPLAY_NAME])
[20:49:27] [Render thread/WARN]: Ignoring player info update for unknown player 6c251450-166d-42da-88e6-26d2992e14aa ([UPDATE_LIST_ORDER])
[20:49:27] [Render thread/WARN]: Ignoring player info update for unknown player 6c251450-166d-42da-88e6-26d2992e14aa ([UPDATE_DISPLAY_NAME])
[20:49:36] [Render thread/INFO]: [System] [CHAT] [MunchyMC] Connect to our Teamspeak @ ts.munchymc.com
[20:49:42] [Render thread/WARN]: Warning! Mod armored-elytra has a broken icon, loading default icon
[20:49:42] [Render thread/WARN]: Warning! Mod fabric-permissions-api-v0 has a broken icon, loading default icon
[20:50:11] [Render thread/WARN]: Ignoring player info update for unknown player 66fa2ffb-b339-4bcb-a715-8215476feb1e ([UPDATE_DISPLAY_NAME])
[20:50:11] [Render thread/WARN]: Ignoring player info update for unknown player 66fa2ffb-b339-4bcb-a715-8215476feb1e ([UPDATE_LIST_ORDER])
[20:50:31] [Render thread/WARN]: Ignoring player info update for unknown player a21461ed-89d0-4aa5-96f3-517eeebd2f3c ([UPDATE_DISPLAY_NAME])
[20:50:31] [Render thread/WARN]: Ignoring player info update for unknown player a21461ed-89d0-4aa5-96f3-517eeebd2f3c ([UPDATE_LIST_ORDER])
[20:51:12] [Render thread/INFO]: [System] [CHAT] ✧ Info ✧  _Cragon_ finished in 1st place! (2:03.055)
[20:51:35] [Render thread/INFO]: [System] [CHAT] [MunchyMC] Type /register (email) to register for our website and earn 3.5k tokens!
[20:51:42] [Render thread/INFO]: [System] [CHAT] ✧ Warning ✧  Time's up!
[20:51:42] [Render thread/INFO]: [System] [CHAT] ✧ Info ✧  Minigame Over!
[20:51:49] [Render thread/INFO]: [System] [CHAT] ✧ Info ✧  Returning to lobby...
[20:51:49] [Render thread/INFO]: Reloading pipeline on dimension change: minecraft:mcz_elyt_dream_3af9d => minecraft:overworld
[20:51:49] [Render thread/INFO]: Destroying pipeline minecraft:mcz_elyt_dream_3af9d
[20:51:49] [Render thread/INFO]: Creating pipeline for dimension minecraft:overworld
[20:51:49] [Render thread/INFO]: Stopping worker threads
[20:51:49] [Render thread/INFO]: Started 10 worker threads
[20:51:49] [Render thread/INFO]: Stopping worker threads
[20:51:49] [Render thread/INFO]: Started 10 worker threads
[20:51:49] [Render thread/INFO]: [System] [CHAT] ✦═════════════ Winner! ═════════════✦
[20:51:49] [Render thread/INFO]: [System] [CHAT]  
[20:51:49] [Render thread/INFO]: [System] [CHAT]      _Cragon_ has won with 18 points!
[20:51:49] [Render thread/INFO]: [System] [CHAT]  
[20:51:49] [Render thread/INFO]: [System] [CHAT] ✦═════════════════════════════════════✦
[20:51:49] [Render thread/WARN]: Error while parsing the block ID map entry for "block.10104":
[20:51:49] [Render thread/WARN]: - The block minecraft:stone_slab has no property with the name variant, ignoring!
[20:51:49] [Render thread/INFO]: Stopping worker threads
[20:51:49] [Render thread/INFO]: Started 10 worker threads
[20:51:51] [Render thread/INFO]: Merging world 12 into 1: 60 chunks matching, 14 chunks mismatching
[20:51:55] [Render thread/INFO]: Stopping worker threads
[20:51:57] [Render thread/INFO]: Stopping!
