[17:49:15] [main/INFO]: Loading Minecraft 1.16.1 with Fabric Loader 0.16.14
[17:49:15] [ForkJoinPool-1-worker-2/WARN]: Mod starlight uses the version v7 which isn't compatible with Loader's extended semantic version format (Could not parse version number component 'v7'!), SemVer is recommended for reliably evaluating dependencies and prioritizing newer version
[17:49:15] [main/INFO]: Loading 27 mods:
	- antigone 2.0.0
	- antiresourcereload 5.1.0+1.16.1
	- atum 2.5+1.16.1
	- chunkumulator 1.1.1+MC1.16.1
	   \-- mixinsquared 0.2.0-beta.6
	- fabricloader 0.16.14
	   \-- mixinextras 0.4.1
	- fast_reset 2.2+1.16.1
	- forceport 1.2.0
	- java 8
	- krypton 0.1.3-SNAPSHOT+2021-02-20
	- lazydfu 0.1.2
	- lazystronghold 1.1.3
	- lithium 1.0+backport-0.6.7+1.16.1
	- minecraft 1.16.1
	- seedqueue 1.4.1
	- sleepbackground 4.0+1.16.1
	- sodium 2.4.1+1.16.1
	- speedrunapi 1.2.1+1.16.1
	   \-- fabric-key-binding-api-v1 1.0.0+1.16.1
	- speedrunigt 15.1+1.16.1
	- standardsettings 2.2+1.16.1
	- starlight v7
	- state-output 1.2.0+1.16-1.18.1
	   \-- state-output-common 1.2.0
	- voyager 1.0.1
	- worldpreview 6.2.1+1.16.1
[17:49:15] [main/INFO]: SpongePowered MIXIN Subsystem Version=0.8.7 Source=file:/C:/Users/tanavm/AppData/Roaming/PrismLauncher/libraries/net/fabricmc/sponge-mixin/0.15.5+mixin.0.8.7/sponge-mixin-0.15.5+mixin.0.8.7.jar Service=Knot/Fabric Env=CLIENT
[17:49:15] [main/INFO]: Loaded configuration file for Lithium: 80 options available, 1 override(s) found
[17:49:15] [main/INFO]: Loaded configuration file for Sodium: 24 options available, 0 override(s) found
[17:49:15] [main/WARN]: Force-disabling mixin 'world.player_chunk_tick.ThreadedAnvilChunkStorageMixin' as rule 'mixin.world.player_chunk_tick' (added by mods [chunkumulator, krypton]) disables it and children
[17:49:16] [main/WARN]: Error loading class: me/jellysquid/mods/sodium/client/gui/options/OptionImpl (java.lang.ClassNotFoundException: me/jellysquid/mods/sodium/client/gui/options/OptionImpl)
[17:49:16] [main/INFO]: Initializing MixinExtras via com.llamalad7.mixinextras.service.MixinExtrasServiceImpl(version=0.4.1).
[17:49:17] [main/INFO]: Environment: authHost='https://authserver.mojang.com', accountsHost='https://api.mojang.com', sessionHost='https://sessionserver.mojang.com', name='PROD'
[17:49:17] [main/INFO]: Setting user: TechProKing
[17:49:17] [main/INFO]: [Force Port Mod] Initializing
[17:49:17] [main/INFO]: Compression will use Java, encryption will use Java
[17:49:17] [main/INFO]: Krypton is now accelerating your Minecraft client's networking stack ?
[17:49:17] [main/INFO]: Note that Krypton is most effective on servers, not the client.
[17:49:17] [main/INFO]: Backend library: LWJGL version 3.2.2 build 10
[17:49:18] [main/INFO]: Narrator library for x64 successfully loaded
[17:49:18] [main/INFO]: Reloading ResourceManager: Default
[17:49:18] [main/INFO]: System Information (Logged by SeedQueue):
[17:49:18] [main/INFO]: Operating System: Windows 8.1
[17:49:18] [main/INFO]: OS Version: 6.3
[17:49:18] [main/INFO]: CPU: 32x AMD Ryzen 9 9950X 16-Core Processor 
[17:49:18] [main/INFO]: GPU: NVIDIA GeForce RTX 4080 SUPER/PCIe/SSE2
[17:49:18] [main/INFO]: Java Version: 1.8.0_51
[17:49:18] [main/INFO]: JVM Arguments: -XX:+AlwaysPreTouch -Dgraal.TuneInlinerExploration=1 -XX:NmethodSweepActivity=1 -XX:HeapDumpPath=MojangTricksIntelDriversForPerformance_javaw.exe_minecraft.exe.heapdump -Xms2024m -Xmx16096m -Duser.language=en -Djava.library.path=C:/Users/tanavm/AppData/Roaming/PrismLauncher/instances/v1.16.1/natives
[17:49:18] [main/INFO]: Total Physical Memory (MB): 95869
[17:49:18] [main/INFO]: Max Memory (MB): 14308
[17:49:18] [main/INFO]: Total Processors: 32
[17:49:18] [main/INFO]: Available Processors: 32
[17:49:18] [main/INFO]: StateOutput State: title
[17:49:19] [main/INFO]: OpenAL initialized.
[17:49:19] [main/INFO]: Sound engine started
[17:49:19] [main/INFO]: Created: 1024x1024x4 minecraft:textures/atlas/blocks.png-atlas
[17:49:19] [main/INFO]: Created: 256x128x4 minecraft:textures/atlas/signs.png-atlas
[17:49:19] [main/INFO]: Created: 1024x512x4 minecraft:textures/atlas/banner_patterns.png-atlas
[17:49:19] [main/INFO]: Created: 1024x512x4 minecraft:textures/atlas/shield_patterns.png-atlas
[17:49:19] [main/INFO]: Created: 256x256x4 minecraft:textures/atlas/chest.png-atlas
[17:49:19] [main/INFO]: Created: 512x256x4 minecraft:textures/atlas/beds.png-atlas
[17:49:19] [main/INFO]: Created: 512x256x4 minecraft:textures/atlas/shulker_boxes.png-atlas
[17:49:19] [main/INFO]: Created: 256x256x0 minecraft:textures/atlas/particles.png-atlas
[17:49:19] [main/INFO]: Created: 256x256x0 minecraft:textures/atlas/paintings.png-atlas
[17:49:19] [main/INFO]: Created: 256x128x0 minecraft:textures/atlas/mob_effects.png-atlas
[17:50:04] [main/INFO]: Creating "Random Speedrun #1"...
[17:50:04] [main/INFO]: Attempting event world load at Random Speedrun #1
[17:50:04] [main/ERROR]: World directory doesn't exist, couldn't make timer dirs
[17:50:04] [main/ERROR]: Didn't load events world.
[17:50:04] [main/ERROR]: World directory doesn't exist, couldn't make timer dirs
[17:50:04] [main/ERROR]: Didn't load events world.
[17:50:04] [main/INFO]: Loaded StandardSettings
[17:50:04] [main/INFO]: [AntiResourceReload] Cached resources unavailable, reloading & caching.
[17:50:04] [main/WARN]: Ambiguity between arguments [teleport, destination] and [teleport, targets] with inputs: [Player, 0123, @e, dd12be42-52a9-4a91-a8a1-11c01849e498]
[17:50:04] [main/WARN]: Ambiguity between arguments [teleport, location] and [teleport, destination] with inputs: [0.1 -0.5 .9, 0 0 0]
[17:50:04] [main/WARN]: Ambiguity between arguments [teleport, location] and [teleport, targets] with inputs: [0.1 -0.5 .9, 0 0 0]
[17:50:04] [main/WARN]: Ambiguity between arguments [teleport, targets] and [teleport, destination] with inputs: [Player, 0123, dd12be42-52a9-4a91-a8a1-11c01849e498]
[17:50:04] [main/WARN]: Ambiguity between arguments [teleport, targets, location] and [teleport, targets, destination] with inputs: [0.1 -0.5 .9, 0 0 0]
[17:50:04] [main/INFO]: Reloading ResourceManager: Default
[17:50:04] [main/INFO]: Loaded 7 recipes
[17:50:05] [main/INFO]: Loaded 927 advancements
[17:50:05] [main/INFO]: StateOutput State: waiting
[17:50:05] [main/INFO]: Environment: authHost='https://authserver.mojang.com', accountsHost='https://api.mojang.com', sessionHost='https://sessionserver.mojang.com', name='PROD'
[17:50:05] [Server thread - Random Speedrun #1/INFO]: Starting integrated minecraft server version 1.16.1
[17:50:05] [Server thread - Random Speedrun #1/INFO]: Generating keypair
[17:50:05] [Server thread - Random Speedrun #1/WARN]: Cancelled mixin me.steinborn.krypton.mixin.network.shared.flushconsolidation.ThreadedAnvilChunkStorageMixin. Check debug logs for more information.
[17:50:05] [main/INFO]: StateOutput State: generating,0
[17:50:05] [Server thread - Random Speedrun #1/WARN]: Unable to find spawn biome
[17:50:06] [Server thread - Random Speedrun #1/INFO]: Preparing start region for dimension minecraft:overworld
[17:50:06] [main/INFO]: StateOutput State: generating,15
[17:50:06] [main/INFO]: Preparing spawn area: 15%
[17:50:06] [main/INFO]: Started 2 worker threads
[17:50:06] [main/INFO]: Starting Preview at (74.5, 63.0, -73.5)
[17:50:06] [main/INFO]: StateOutput State: previewing,15
[17:50:06] [main/INFO]: StateOutput State: previewing,27
[17:50:06] [main/INFO]: Preparing spawn area: 27%
[17:50:07] [main/INFO]: StateOutput State: previewing,54
[17:50:07] [main/INFO]: Preparing spawn area: 54%
[17:50:07] [main/INFO]: StateOutput State: previewing,77
[17:50:07] [main/INFO]: Preparing spawn area: 77%
[17:50:08] [main/INFO]: Time elapsed: 1949 ms
[17:50:08] [Server thread - Random Speedrun #1/INFO]: Changing view distance to 31, from 10
[17:50:08] [Server thread - Random Speedrun #1/INFO]: Saving and pausing game...
[17:50:08] [Server thread - Random Speedrun #1/INFO]: Saving chunks for level 'ServerLevel[Random Speedrun #1]'/minecraft:overworld
[17:50:08] [Server thread - Random Speedrun #1/INFO]: Saving chunks for level 'ServerLevel[Random Speedrun #1]'/minecraft:the_nether
[17:50:08] [Server thread - Random Speedrun #1/INFO]: Saving chunks for level 'ServerLevel[Random Speedrun #1]'/minecraft:the_end
[17:50:08] [main/INFO]: Reloading SeedQueue Config...
[17:50:08] [main/INFO]: SeedQueue Config settings: {"maxCapacity":30,"maxConcurrently":12,"maxConcurrently_onWall":18,"maxWorldGenerationPercentage":50,"resumeOnFilledQueue":true,"chunkMapVisibility":"FALSE","chunkMapScale":2,"useWall":true,"rows":3,"columns":3,"simulatedWindowSize":{"width":1532,"height":920},"resetCooldown":150,"waitForPreviewSetup":true,"bypassWall":false,"smartSwitch":false,"wallFPS":255,"previewFPS":30,"preparingPreviews":-1,"freezeLockedPreviews":false,"reduceSchedulingBudget":false,"reduceLevelList":true,"chunkMapFreezing":-1,"showAdvancedSettings":false,"seedQueueThreadPriority":5,"serverThreadPriority":4,"backgroundExecutorThreads":0,"backgroundExecutorThreadPriority":3,"wallExecutorThreads":0,"wallExecutorThreadPriority":4,"chunkUpdateThreads":0,"chunkUpdateThreadPriority":3,"showDebugMenu":false,"benchmarkResets":1000,"useWatchdog":false,"keyBindings":{"seedqueue.key.play":"key.keyboard.e","seedqueue.key.focusReset":"key.keyboard.f","seedqueue.key.reset":"key.keyboard.r","seedqueue.key.lock":"key.keyboard.l","seedqueue.key.resetAll":"key.keyboard.t","seedqueue.key.resetColumn":"key.keyboard.unknown","seedqueue.key.resetRow":"key.keyboard.unknown","seedqueue.key.playNextLock":"key.keyboard.unknown","seedqueue.key.scheduleJoin":"key.keyboard.unknown","seedqueue.key.scheduleAll":"key.keyboard.unknown","seedqueue.key.startBenchmark":"key.keyboard.unknown","seedqueue.key.cancelBenchmark":"key.keyboard.unknown"}}
[17:50:08] [main/INFO]: Starting SeedQueue...
[17:50:08] [main/INFO]: Saved standardoptions to world file.
[17:50:08] [main/INFO]: Loaded StandardSettings on World Join
[17:50:08] [SeedQueue Thread/INFO]: Creating "Random Speedrun #2"...
[17:50:08] [SeedQueue Thread/INFO]: [AntiResourceReload] Using cached server resources.
[17:50:08] [Server thread - Random Speedrun #2/INFO]: Starting integrated minecraft server version 1.16.1
[17:50:08] [Server thread - Random Speedrun #2/INFO]: Generating keypair
[17:50:08] [SeedQueue Thread/INFO]: Creating "Random Speedrun #3"...
[17:50:08] [SeedQueue Thread/INFO]: [AntiResourceReload] Using cached server resources.
[17:50:08] [Server thread - Random Speedrun #3/INFO]: Starting integrated minecraft server version 1.16.1
[17:50:08] [Server thread - Random Speedrun #3/INFO]: Generating keypair
[17:50:08] [SeedQueue Thread/INFO]: Creating "Random Speedrun #4"...
[17:50:08] [SeedQueue Thread/INFO]: [AntiResourceReload] Using cached server resources.
[17:50:08] [Server thread - Random Speedrun #4/INFO]: Starting integrated minecraft server version 1.16.1
[17:50:08] [Server thread - Random Speedrun #4/INFO]: Generating keypair
[17:50:08] [SeedQueue Thread/INFO]: Creating "Random Speedrun #5"...
[17:50:08] [SeedQueue Thread/INFO]: [AntiResourceReload] Using cached server resources.
[17:50:08] [Server thread - Random Speedrun #5/INFO]: Starting integrated minecraft server version 1.16.1
[17:50:08] [Server thread - Random Speedrun #5/INFO]: Generating keypair
[17:50:08] [SeedQueue Thread/INFO]: Creating "Random Speedrun #6"...
[17:50:08] [Server thread - Random Speedrun #4/WARN]: Unable to find spawn biome
[17:50:08] [SeedQueue Thread/INFO]: [AntiResourceReload] Using cached server resources.
[17:50:08] [Server thread - Random Speedrun #6/INFO]: Starting integrated minecraft server version 1.16.1
[17:50:08] [Server thread - Random Speedrun #6/INFO]: Generating keypair
[17:50:08] [SeedQueue Thread/INFO]: Creating "Random Speedrun #7"...
[17:50:08] [SeedQueue Thread/INFO]: [AntiResourceReload] Using cached server resources.
[17:50:08] [Server thread - Random Speedrun #7/INFO]: Starting integrated minecraft server version 1.16.1
[17:50:08] [Server thread - Random Speedrun #7/INFO]: Generating keypair
[17:50:08] [SeedQueue Thread/INFO]: Creating "Random Speedrun #8"...
[17:50:08] [SeedQueue Thread/INFO]: [AntiResourceReload] Using cached server resources.
[17:50:08] [Server thread - Random Speedrun #1/INFO]: TechProKing[local:E:a38ca24c] logged in with entity id 117 at (74.5, 63.0, -73.5)
[17:50:08] [Server thread - Random Speedrun #8/INFO]: Starting integrated minecraft server version 1.16.1
[17:50:08] [Server thread - Random Speedrun #8/INFO]: Generating keypair
[17:50:08] [SeedQueue Thread/INFO]: Creating "Random Speedrun #9"...
[17:50:08] [SeedQueue Thread/INFO]: [AntiResourceReload] Using cached server resources.
[17:50:08] [Server thread - Random Speedrun #9/INFO]: Starting integrated minecraft server version 1.16.1
[17:50:08] [Server thread - Random Speedrun #9/INFO]: Generating keypair
[17:50:08] [SeedQueue Thread/INFO]: Creating "Random Speedrun #10"...
[17:50:08] [Server thread - Random Speedrun #1/INFO]: TechProKing joined the game
[17:50:08] [SeedQueue Thread/INFO]: [AntiResourceReload] Using cached server resources.
[17:50:08] [Server thread - Random Speedrun #10/INFO]: Starting integrated minecraft server version 1.16.1
[17:50:08] [Server thread - Random Speedrun #10/INFO]: Generating keypair
[17:50:08] [main/INFO]: Attempting event world load at Random Speedrun #1
[17:50:08] [SeedQueue Thread/INFO]: Creating "Random Speedrun #11"...
[17:50:08] [SeedQueue Thread/INFO]: [AntiResourceReload] Using cached server resources.
[17:50:08] [main/INFO]: Couldn't load old events.
[17:50:08] [main/INFO]: Loaded events world.
[17:50:08] [Server thread - Random Speedrun #11/INFO]: Starting integrated minecraft server version 1.16.1
[17:50:08] [Server thread - Random Speedrun #11/INFO]: Generating keypair
[17:50:08] [SeedQueue Thread/INFO]: Creating "Random Speedrun #12"...
[17:50:08] [SeedQueue Thread/INFO]: [AntiResourceReload] Using cached server resources.
[17:50:08] [Server thread - Random Speedrun #12/INFO]: Starting integrated minecraft server version 1.16.1
[17:50:08] [Server thread - Random Speedrun #12/INFO]: Generating keypair
[17:50:08] [SeedQueue Thread/INFO]: Creating "Random Speedrun #13"...
[17:50:08] [SeedQueue Thread/INFO]: [AntiResourceReload] Using cached server resources.
[17:50:08] [Server thread - Random Speedrun #13/INFO]: Starting integrated minecraft server version 1.16.1
[17:50:08] [Server thread - Random Speedrun #13/INFO]: Generating keypair
[17:50:09] [main/INFO]: Started 5 worker threads
[17:50:09] [main/INFO]: Stopping worker threads
[17:50:09] [Server thread - Random Speedrun #1/INFO]: Saving and pausing game...
[17:50:09] [Server thread - Random Speedrun #1/INFO]: Saving chunks for level 'ServerLevel[Random Speedrun #1]'/minecraft:overworld
[17:50:09] [Server thread - Random Speedrun #1/INFO]: Saving chunks for level 'ServerLevel[Random Speedrun #1]'/minecraft:the_nether
[17:50:09] [Server thread - Random Speedrun #1/INFO]: Saving chunks for level 'ServerLevel[Random Speedrun #1]'/minecraft:the_end
[17:50:09] [Server thread - Random Speedrun #6/INFO]: Preparing start region for dimension minecraft:overworld
[17:50:09] [Server thread - Random Speedrun #5/INFO]: Preparing start region for dimension minecraft:overworld
[17:50:09] [main/INFO]: Loaded 0 advancements
[17:50:09] [Server thread - Random Speedrun #13/INFO]: Preparing start region for dimension minecraft:overworld
[17:50:09] [Server thread - Random Speedrun #10/INFO]: Preparing start region for dimension minecraft:overworld
[17:50:09] [Server thread - Random Speedrun #7/INFO]: Preparing start region for dimension minecraft:overworld
[17:50:09] [Server thread - Random Speedrun #12/INFO]: Preparing start region for dimension minecraft:overworld
[17:50:09] [Server thread - Random Speedrun #8/INFO]: Preparing start region for dimension minecraft:overworld
[17:50:09] [Server thread - Random Speedrun #4/INFO]: Preparing start region for dimension minecraft:overworld
[17:50:09] [Server thread - Random Speedrun #2/INFO]: Preparing start region for dimension minecraft:overworld
[17:50:09] [Server thread - Random Speedrun #9/INFO]: Preparing start region for dimension minecraft:overworld
[17:50:09] [Server thread - Random Speedrun #11/INFO]: Preparing start region for dimension minecraft:overworld
[17:50:09] [main/INFO]: StateOutput State: inworld,unpaused
[17:50:09] [Server thread - Random Speedrun #3/INFO]: Preparing start region for dimension minecraft:overworld
[17:50:09] [Stronghold thread/INFO]: [LazyStronghold] Started stronghold gen thread
[17:50:10] [Stronghold thread/INFO]: [LazyStronghold] Generated 128 strongholds.
[17:50:11] [SeedQueue Thread/INFO]: Creating "Random Speedrun #14"...
[17:50:11] [SeedQueue Thread/INFO]: [AntiResourceReload] Using cached server resources.
[17:50:11] [Server thread - Random Speedrun #14/INFO]: Starting integrated minecraft server version 1.16.1
[17:50:11] [Server thread - Random Speedrun #14/INFO]: Generating keypair
[17:50:11] [SeedQueue Thread/INFO]: Creating "Random Speedrun #15"...
[17:50:11] [SeedQueue Thread/INFO]: [AntiResourceReload] Using cached server resources.
[17:50:11] [Server thread - Random Speedrun #15/INFO]: Starting integrated minecraft server version 1.16.1
[17:50:11] [Server thread - Random Speedrun #15/INFO]: Generating keypair
[17:50:11] [SeedQueue Thread/INFO]: Creating "Random Speedrun #16"...
[17:50:11] [SeedQueue Thread/INFO]: [AntiResourceReload] Using cached server resources.
[17:50:11] [Server thread - Random Speedrun #16/INFO]: Starting integrated minecraft server version 1.16.1
[17:50:11] [Server thread - Random Speedrun #16/INFO]: Generating keypair
[17:50:11] [SeedQueue Thread/INFO]: Creating "Random Speedrun #17"...
[17:50:11] [SeedQueue Thread/INFO]: [AntiResourceReload] Using cached server resources.
[17:50:11] [Server thread - Random Speedrun #17/INFO]: Starting integrated minecraft server version 1.16.1
[17:50:11] [Server thread - Random Speedrun #17/INFO]: Generating keypair
[17:50:11] [Server thread - Random Speedrun #16/WARN]: Unable to find spawn biome
[17:50:11] [SeedQueue Thread/INFO]: Creating "Random Speedrun #18"...
[17:50:11] [SeedQueue Thread/INFO]: [AntiResourceReload] Using cached server resources.
[17:50:11] [Server thread - Random Speedrun #18/INFO]: Starting integrated minecraft server version 1.16.1
[17:50:11] [Server thread - Random Speedrun #18/INFO]: Generating keypair
[17:50:11] [SeedQueue Thread/INFO]: Creating "Random Speedrun #19"...
[17:50:11] [SeedQueue Thread/INFO]: [AntiResourceReload] Using cached server resources.
[17:50:11] [Server thread - Random Speedrun #19/INFO]: Starting integrated minecraft server version 1.16.1
[17:50:11] [Server thread - Random Speedrun #19/INFO]: Generating keypair
[17:50:11] [SeedQueue Thread/INFO]: Creating "Random Speedrun #20"...
[17:50:11] [SeedQueue Thread/INFO]: [AntiResourceReload] Using cached server resources.
[17:50:11] [Server thread - Random Speedrun #20/INFO]: Starting integrated minecraft server version 1.16.1
[17:50:11] [Server thread - Random Speedrun #20/INFO]: Generating keypair
[17:50:11] [Server thread - Random Speedrun #15/INFO]: Preparing start region for dimension minecraft:overworld
[17:50:11] [SeedQueue Thread/INFO]: Creating "Random Speedrun #21"...
[17:50:11] [SeedQueue Thread/INFO]: [AntiResourceReload] Using cached server resources.
[17:50:11] [Server thread - Random Speedrun #21/INFO]: Starting integrated minecraft server version 1.16.1
[17:50:11] [Server thread - Random Speedrun #21/INFO]: Generating keypair
[17:50:11] [Server thread - Random Speedrun #14/INFO]: Preparing start region for dimension minecraft:overworld
[17:50:11] [Server thread - Random Speedrun #16/INFO]: Preparing start region for dimension minecraft:overworld
[17:50:11] [SeedQueue Thread/INFO]: Creating "Random Speedrun #22"...
[17:50:11] [SeedQueue Thread/INFO]: [AntiResourceReload] Using cached server resources.
[17:50:11] [Server thread - Random Speedrun #22/INFO]: Starting integrated minecraft server version 1.16.1
[17:50:11] [Server thread - Random Speedrun #22/INFO]: Generating keypair
[17:50:11] [SeedQueue Thread/INFO]: Creating "Random Speedrun #23"...
[17:50:11] [Server thread - Random Speedrun #19/INFO]: Preparing start region for dimension minecraft:overworld
[17:50:11] [SeedQueue Thread/INFO]: [AntiResourceReload] Using cached server resources.
[17:50:11] [Server thread - Random Speedrun #23/INFO]: Starting integrated minecraft server version 1.16.1
[17:50:11] [Server thread - Random Speedrun #23/INFO]: Generating keypair
[17:50:11] [Server thread - Random Speedrun #20/INFO]: Preparing start region for dimension minecraft:overworld
[17:50:11] [SeedQueue Thread/INFO]: Creating "Random Speedrun #24"...
[17:50:11] [SeedQueue Thread/INFO]: [AntiResourceReload] Using cached server resources.
[17:50:11] [Server thread - Random Speedrun #24/INFO]: Starting integrated minecraft server version 1.16.1
[17:50:11] [Server thread - Random Speedrun #24/INFO]: Generating keypair
[17:50:11] [Server thread - Random Speedrun #21/INFO]: Preparing start region for dimension minecraft:overworld
[17:50:11] [Server thread - Random Speedrun #18/INFO]: Preparing start region for dimension minecraft:overworld
[17:50:11] [Server thread - Random Speedrun #17/INFO]: Preparing start region for dimension minecraft:overworld
[17:50:11] [SeedQueue Thread/INFO]: Creating "Random Speedrun #25"...
[17:50:11] [SeedQueue Thread/INFO]: [AntiResourceReload] Using cached server resources.
[17:50:11] [Server thread - Random Speedrun #25/INFO]: Starting integrated minecraft server version 1.16.1
[17:50:11] [Server thread - Random Speedrun #25/INFO]: Generating keypair
[17:50:11] [Server thread - Random Speedrun #22/INFO]: Preparing start region for dimension minecraft:overworld
[17:50:11] [Server thread - Random Speedrun #23/INFO]: Preparing start region for dimension minecraft:overworld
[17:50:11] [Server thread - Random Speedrun #24/INFO]: Preparing start region for dimension minecraft:overworld
[17:50:11] [Server thread - Random Speedrun #25/WARN]: Unable to find spawn biome
[17:50:12] [Server thread - Random Speedrun #25/INFO]: Preparing start region for dimension minecraft:overworld
[17:50:13] [SeedQueue Thread/INFO]: Creating "Random Speedrun #26"...
[17:50:13] [SeedQueue Thread/INFO]: [AntiResourceReload] Using cached server resources.
[17:50:13] [Server thread - Random Speedrun #26/INFO]: Starting integrated minecraft server version 1.16.1
[17:50:13] [Server thread - Random Speedrun #26/INFO]: Generating keypair
[17:50:13] [SeedQueue Thread/INFO]: Creating "Random Speedrun #27"...
[17:50:13] [SeedQueue Thread/INFO]: [AntiResourceReload] Using cached server resources.
[17:50:13] [Server thread - Random Speedrun #27/INFO]: Starting integrated minecraft server version 1.16.1
[17:50:13] [Server thread - Random Speedrun #27/INFO]: Generating keypair
[17:50:13] [SeedQueue Thread/INFO]: Creating "Random Speedrun #28"...
[17:50:13] [SeedQueue Thread/INFO]: [AntiResourceReload] Using cached server resources.
[17:50:13] [Server thread - Random Speedrun #28/INFO]: Starting integrated minecraft server version 1.16.1
[17:50:13] [Server thread - Random Speedrun #28/INFO]: Generating keypair
[17:50:13] [Server thread - Random Speedrun #26/INFO]: Preparing start region for dimension minecraft:overworld
[17:50:13] [SeedQueue Thread/INFO]: Creating "Random Speedrun #29"...
[17:50:13] [SeedQueue Thread/INFO]: [AntiResourceReload] Using cached server resources.
[17:50:13] [Server thread - Random Speedrun #29/INFO]: Starting integrated minecraft server version 1.16.1
[17:50:13] [Server thread - Random Speedrun #29/INFO]: Generating keypair
[17:50:13] [SeedQueue Thread/INFO]: Creating "Random Speedrun #30"...
[17:50:13] [SeedQueue Thread/INFO]: [AntiResourceReload] Using cached server resources.
[17:50:13] [Server thread - Random Speedrun #30/INFO]: Starting integrated minecraft server version 1.16.1
[17:50:13] [Server thread - Random Speedrun #30/INFO]: Generating keypair
[17:50:13] [SeedQueue Thread/INFO]: Creating "Random Speedrun #31"...
[17:50:13] [SeedQueue Thread/INFO]: [AntiResourceReload] Using cached server resources.
[17:50:13] [Server thread - Random Speedrun #27/INFO]: Preparing start region for dimension minecraft:overworld
[17:50:13] [Server thread - Random Speedrun #31/INFO]: Starting integrated minecraft server version 1.16.1
[17:50:13] [Server thread - Random Speedrun #31/INFO]: Generating keypair
[17:50:13] [Server thread - Random Speedrun #28/INFO]: Preparing start region for dimension minecraft:overworld
[17:50:13] [Server thread - Random Speedrun #29/WARN]: Unable to find spawn biome
[17:50:13] [Server thread - Random Speedrun #30/INFO]: Preparing start region for dimension minecraft:overworld
[17:50:13] [Server thread - Random Speedrun #29/INFO]: Preparing start region for dimension minecraft:overworld
[17:50:13] [Server thread - Random Speedrun #31/INFO]: Preparing start region for dimension minecraft:overworld
[17:50:14] [main/WARN]: Received passengers for unknown entity
[17:50:14] [Server thread - Random Speedrun #5/INFO]: Finished loading "Random Speedrun #5".
[17:50:14] [Server thread - Random Speedrun #4/INFO]: Finished loading "Random Speedrun #4".
[17:50:15] [Server thread - Random Speedrun #3/INFO]: Finished loading "Random Speedrun #3".
[17:50:15] [Server thread - Random Speedrun #2/INFO]: Finished loading "Random Speedrun #2".
[17:50:15] [Server thread - Random Speedrun #6/INFO]: Finished loading "Random Speedrun #6".
[17:50:15] [Server thread - Random Speedrun #7/INFO]: Finished loading "Random Speedrun #7".
[17:50:16] [Server thread - Random Speedrun #9/INFO]: Finished loading "Random Speedrun #9".
[17:50:16] [Server thread - Random Speedrun #8/INFO]: Finished loading "Random Speedrun #8".
[17:50:16] [Server thread - Random Speedrun #10/INFO]: Finished loading "Random Speedrun #10".
[17:50:16] [Server thread - Random Speedrun #11/INFO]: Finished loading "Random Speedrun #11".
[17:50:16] [Server thread - Random Speedrun #12/INFO]: Finished loading "Random Speedrun #12".
[17:50:16] [Server thread - Random Speedrun #13/INFO]: Finished loading "Random Speedrun #13".
[17:50:17] [Server thread - Random Speedrun #14/INFO]: Finished loading "Random Speedrun #14".
[17:50:17] [Server thread - Random Speedrun #15/INFO]: Finished loading "Random Speedrun #15".
[17:50:17] [Server thread - Random Speedrun #18/INFO]: Finished loading "Random Speedrun #18".
[17:50:17] [Server thread - Random Speedrun #17/INFO]: Finished loading "Random Speedrun #17".
[17:50:17] [Server thread - Random Speedrun #16/INFO]: Finished loading "Random Speedrun #16".
[17:50:17] [Server thread - Random Speedrun #19/INFO]: Finished loading "Random Speedrun #19".
[17:50:18] [Server thread - Random Speedrun #20/INFO]: Finished loading "Random Speedrun #20".
[17:50:18] [Server thread - Random Speedrun #22/INFO]: Finished loading "Random Speedrun #22".
[17:50:18] [Server thread - Random Speedrun #21/INFO]: Finished loading "Random Speedrun #21".
[17:50:18] [Server thread - Random Speedrun #23/INFO]: Finished loading "Random Speedrun #23".
[17:50:18] [Server thread - Random Speedrun #24/INFO]: Finished loading "Random Speedrun #24".
[17:50:18] [Server thread - Random Speedrun #27/INFO]: Finished loading "Random Speedrun #27".
[17:50:18] [Server thread - Random Speedrun #26/INFO]: Finished loading "Random Speedrun #26".
[17:50:18] [Server thread - Random Speedrun #25/INFO]: Finished loading "Random Speedrun #25".
[17:50:18] [Server thread - Random Speedrun #28/INFO]: Finished loading "Random Speedrun #28".
[17:50:18] [Server thread - Random Speedrun #29/INFO]: Finished loading "Random Speedrun #29".
[17:50:18] [Server thread - Random Speedrun #30/INFO]: Finished loading "Random Speedrun #30".
[17:50:18] [Server thread - Random Speedrun #31/INFO]: Finished loading "Random Speedrun #31".
[17:50:22] [main/INFO]: StateOutput State: inworld,paused
[17:50:23] [Server thread - Random Speedrun #1/INFO]: Saving and pausing game...
[17:50:23] [Server thread - Random Speedrun #1/INFO]: Saving chunks for level 'ServerLevel[Random Speedrun #1]'/minecraft:overworld
[17:50:23] [Server thread - Random Speedrun #1/INFO]: Saving chunks for level 'ServerLevel[Random Speedrun #1]'/minecraft:the_nether
[17:50:23] [Server thread - Random Speedrun #1/INFO]: Saving chunks for level 'ServerLevel[Random Speedrun #1]'/minecraft:the_end
[17:50:23] [main/INFO]: StateOutput State: inworld,unpaused
[17:51:24] [Server thread - Random Speedrun #1/INFO]: Saving and pausing game...
[17:51:24] [Server thread - Random Speedrun #1/INFO]: Saving chunks for level 'ServerLevel[Random Speedrun #1]'/minecraft:overworld
[17:51:24] [main/INFO]: StateOutput State: inworld,paused
[17:51:25] [Server thread - Random Speedrun #1/INFO]: Saving chunks for level 'ServerLevel[Random Speedrun #1]'/minecraft:the_nether
[17:51:25] [Server thread - Random Speedrun #1/INFO]: Saving chunks for level 'ServerLevel[Random Speedrun #1]'/minecraft:the_end
[17:52:00] [main/INFO]: StateOutput State: inworld,unpaused
[17:52:04] [Server thread - Random Speedrun #1/INFO]: Saving and pausing game...
[17:52:04] [Server thread - Random Speedrun #1/INFO]: Saving chunks for level 'ServerLevel[Random Speedrun #1]'/minecraft:overworld
[17:52:04] [main/INFO]: StateOutput State: inworld,paused
[17:52:04] [Server thread - Random Speedrun #1/INFO]: Saving chunks for level 'ServerLevel[Random Speedrun #1]'/minecraft:the_nether
[17:52:04] [Server thread - Random Speedrun #1/INFO]: Saving chunks for level 'ServerLevel[Random Speedrun #1]'/minecraft:the_end
[17:52:38] [main/INFO]: Stopping worker threads
[17:52:38] [main/INFO]: Started 5 worker threads
[17:52:38] [main/INFO]: Stopping worker threads
[17:52:38] [main/INFO]: Started 5 worker threads
[17:52:42] [main/INFO]: StateOutput State: inworld,unpaused
[17:52:43] [Server thread - Random Speedrun #1/INFO]: Saving and pausing game...
[17:52:43] [Server thread - Random Speedrun #1/INFO]: Saving chunks for level 'ServerLevel[Random Speedrun #1]'/minecraft:overworld
[17:52:43] [main/INFO]: StateOutput State: inworld,paused
[17:52:43] [Server thread - Random Speedrun #1/INFO]: Saving chunks for level 'ServerLevel[Random Speedrun #1]'/minecraft:the_nether
[17:52:43] [Server thread - Random Speedrun #1/INFO]: Saving chunks for level 'ServerLevel[Random Speedrun #1]'/minecraft:the_end
[17:52:45] [main/INFO]: StateOutput State: inworld,unpaused
[17:54:16] [Server thread - Random Speedrun #1/INFO]: Saving and pausing game...
[17:54:16] [Server thread - Random Speedrun #1/INFO]: Saving chunks for level 'ServerLevel[Random Speedrun #1]'/minecraft:overworld
[17:54:16] [main/INFO]: StateOutput State: inworld,paused
[17:54:16] [Server thread - Random Speedrun #1/INFO]: Saving chunks for level 'ServerLevel[Random Speedrun #1]'/minecraft:the_nether
[17:54:16] [Server thread - Random Speedrun #1/INFO]: Saving chunks for level 'ServerLevel[Random Speedrun #1]'/minecraft:the_end
[17:54:18] [main/INFO]: StateOutput State: inworld,unpaused
[17:54:18] [Server thread - Random Speedrun #1/INFO]: Saving and pausing game...
[17:54:18] [Server thread - Random Speedrun #1/INFO]: Saving chunks for level 'ServerLevel[Random Speedrun #1]'/minecraft:overworld
[17:54:18] [main/INFO]: StateOutput State: inworld,paused
[17:54:18] [Server thread - Random Speedrun #1/INFO]: Saving chunks for level 'ServerLevel[Random Speedrun #1]'/minecraft:the_nether
[17:54:18] [Server thread - Random Speedrun #1/INFO]: Saving chunks for level 'ServerLevel[Random Speedrun #1]'/minecraft:the_end
[17:54:19] [main/INFO]: StateOutput State: inworld,unpaused
[17:54:19] [Server thread - Random Speedrun #1/INFO]: Saving and pausing game...
[17:54:19] [Server thread - Random Speedrun #1/INFO]: Saving chunks for level 'ServerLevel[Random Speedrun #1]'/minecraft:overworld
[17:54:19] [main/INFO]: StateOutput State: inworld,paused
[17:54:19] [Server thread - Random Speedrun #1/INFO]: Saving chunks for level 'ServerLevel[Random Speedrun #1]'/minecraft:the_nether
[17:54:19] [Server thread - Random Speedrun #1/INFO]: Saving chunks for level 'ServerLevel[Random Speedrun #1]'/minecraft:the_end
[17:54:26] [main/INFO]: StateOutput State: inworld,unpaused
[17:54:28] [main/INFO]: [CHAT] [Debug]: Advanced tooltips: shown
[17:54:30] [main/INFO]: Stopping worker threads
[17:54:30] [main/INFO]: Started 5 worker threads
[17:54:30] [main/INFO]: [CHAT] [Debug]: Reloading all chunks
[17:54:30] [main/INFO]: Stopping worker threads
[17:54:30] [main/INFO]: Started 5 worker threads
[17:54:30] [main/INFO]: [CHAT] [Debug]: Reloading all chunks
[17:54:30] [main/INFO]: Stopping worker threads
[17:54:30] [main/INFO]: Started 5 worker threads
[17:54:30] [main/INFO]: [CHAT] [Debug]: Reloading all chunks
[17:54:30] [main/INFO]: Stopping worker threads
[17:54:30] [main/INFO]: Started 5 worker threads
[17:54:30] [main/INFO]: [CHAT] [Debug]: Reloading all chunks
[17:54:30] [main/INFO]: Stopping worker threads
[17:54:30] [main/INFO]: Started 5 worker threads
[17:54:30] [main/INFO]: [CHAT] [Debug]: Reloading all chunks
[17:54:30] [main/INFO]: Stopping worker threads
[17:54:30] [main/INFO]: Started 5 worker threads
[17:54:30] [main/INFO]: [CHAT] [Debug]: Reloading all chunks
[17:54:30] [main/INFO]: Stopping worker threads
[17:54:31] [main/INFO]: Started 5 worker threads
[17:54:31] [main/INFO]: [CHAT] [Debug]: Reloading all chunks
[17:54:31] [main/INFO]: Stopping worker threads
[17:54:31] [main/INFO]: Started 5 worker threads
[17:54:31] [main/INFO]: [CHAT] [Debug]: Reloading all chunks
[17:54:31] [main/INFO]: Stopping worker threads
[17:54:31] [main/INFO]: Started 5 worker threads
[17:54:31] [main/INFO]: [CHAT] [Debug]: Reloading all chunks
[17:54:31] [main/INFO]: Stopping worker threads
[17:54:31] [main/INFO]: Started 5 worker threads
[17:54:31] [main/INFO]: [CHAT] [Debug]: Reloading all chunks
[17:54:31] [main/INFO]: Stopping worker threads
[17:54:31] [main/INFO]: Started 5 worker threads
[17:54:31] [main/INFO]: [CHAT] [Debug]: Reloading all chunks
[17:54:31] [main/INFO]: Stopping worker threads
[17:54:31] [main/INFO]: Started 5 worker threads
[17:54:31] [main/INFO]: [CHAT] [Debug]: Reloading all chunks
[17:54:31] [main/INFO]: Stopping worker threads
[17:54:31] [main/INFO]: Started 5 worker threads
[17:54:31] [main/INFO]: [CHAT] [Debug]: Reloading all chunks
[17:54:31] [main/INFO]: Stopping worker threads
[17:54:31] [main/INFO]: Started 5 worker threads
[17:54:31] [main/INFO]: [CHAT] [Debug]: Reloading all chunks
[17:54:31] [main/INFO]: Stopping worker threads
[17:54:31] [main/INFO]: Started 5 worker threads
[17:54:31] [main/INFO]: [CHAT] [Debug]: Reloading all chunks
[17:54:31] [main/INFO]: Stopping worker threads
[17:54:31] [main/INFO]: Started 5 worker threads
[17:54:31] [main/INFO]: [CHAT] [Debug]: Reloading all chunks
[17:54:31] [main/INFO]: Stopping worker threads
[17:54:31] [main/INFO]: Started 5 worker threads
[17:54:31] [main/INFO]: [CHAT] [Debug]: Reloading all chunks
[17:54:31] [main/INFO]: Stopping worker threads
[17:54:31] [main/INFO]: Started 5 worker threads
[17:54:31] [main/INFO]: [CHAT] [Debug]: Reloading all chunks
[17:54:31] [main/INFO]: Stopping worker threads
[17:54:31] [main/INFO]: Started 5 worker threads
[17:54:31] [main/INFO]: [CHAT] [Debug]: Reloading all chunks
[17:54:31] [main/INFO]: Stopping worker threads
[17:54:31] [main/INFO]: Started 5 worker threads
[17:54:31] [main/INFO]: [CHAT] [Debug]: Reloading all chunks
[17:54:31] [main/INFO]: Stopping worker threads
[17:54:31] [main/INFO]: Started 5 worker threads
[17:54:31] [main/INFO]: [CHAT] [Debug]: Reloading all chunks
[17:54:31] [main/INFO]: Stopping worker threads
[17:54:31] [main/INFO]: Started 5 worker threads
[17:54:31] [main/INFO]: [CHAT] [Debug]: Reloading all chunks
[17:54:31] [main/INFO]: Stopping worker threads
[17:54:31] [main/INFO]: Started 5 worker threads
[17:54:31] [main/INFO]: [CHAT] [Debug]: Reloading all chunks
[17:54:31] [main/INFO]: Stopping worker threads
[17:54:31] [main/INFO]: Started 5 worker threads
[17:54:31] [main/INFO]: [CHAT] [Debug]: Reloading all chunks
[17:54:31] [main/INFO]: Stopping worker threads
[17:54:31] [main/INFO]: Started 5 worker threads
[17:54:31] [main/INFO]: [CHAT] [Debug]: Reloading all chunks
[17:54:31] [main/INFO]: Stopping worker threads
[17:54:31] [main/INFO]: Started 5 worker threads
[17:54:31] [main/INFO]: [CHAT] [Debug]: Reloading all chunks
[17:54:31] [main/INFO]: Stopping worker threads
[17:54:31] [main/INFO]: Started 5 worker threads
[17:54:31] [main/INFO]: [CHAT] [Debug]: Reloading all chunks
[17:54:31] [main/INFO]: Stopping worker threads
[17:54:31] [main/INFO]: Started 5 worker threads
[17:54:31] [main/INFO]: [CHAT] [Debug]: Reloading all chunks
[17:54:31] [main/INFO]: Stopping worker threads
[17:54:31] [main/INFO]: Started 5 worker threads
[17:54:31] [main/INFO]: [CHAT] [Debug]: Reloading all chunks
[17:54:31] [main/INFO]: Stopping worker threads
[17:54:31] [main/INFO]: Started 5 worker threads
[17:54:31] [main/INFO]: [CHAT] [Debug]: Reloading all chunks
[17:54:31] [main/INFO]: Stopping worker threads
[17:54:31] [main/INFO]: Started 5 worker threads
[17:54:31] [main/INFO]: [CHAT] [Debug]: Reloading all chunks
[17:54:31] [main/INFO]: Stopping worker threads
[17:54:31] [main/INFO]: Started 5 worker threads
[17:54:31] [main/INFO]: [CHAT] [Debug]: Reloading all chunks
[17:54:31] [main/INFO]: Stopping worker threads
[17:54:31] [main/INFO]: Started 5 worker threads
[17:54:31] [main/INFO]: [CHAT] [Debug]: Reloading all chunks
[17:54:32] [main/INFO]: Stopping worker threads
[17:54:32] [main/INFO]: Started 5 worker threads
[17:54:32] [main/INFO]: [CHAT] [Debug]: Reloading all chunks
[17:54:33] [main/INFO]: Stopping worker threads
[17:54:33] [main/INFO]: Started 5 worker threads
[17:54:33] [main/INFO]: [CHAT] [Debug]: Reloading all chunks
[17:54:33] [main/INFO]: Stopping worker threads
[17:54:33] [main/INFO]: Started 5 worker threads
[17:54:33] [main/INFO]: [CHAT] [Debug]: Reloading all chunks
[17:54:33] [main/INFO]: Stopping worker threads
[17:54:33] [main/INFO]: Started 5 worker threads
[17:54:33] [main/INFO]: [CHAT] [Debug]: Reloading all chunks
[17:54:33] [main/INFO]: Stopping worker threads
[17:54:33] [main/INFO]: Started 5 worker threads
[17:54:33] [main/INFO]: [CHAT] [Debug]: Reloading all chunks
[17:54:33] [main/INFO]: Stopping worker threads
[17:54:33] [main/INFO]: Started 5 worker threads
[17:54:33] [main/INFO]: [CHAT] [Debug]: Reloading all chunks
[17:54:33] [main/INFO]: Stopping worker threads
[17:54:33] [main/INFO]: Started 5 worker threads
[17:54:33] [main/INFO]: [CHAT] [Debug]: Reloading all chunks
[17:54:33] [main/INFO]: Stopping worker threads
[17:54:33] [main/INFO]: Started 5 worker threads
[17:54:33] [main/INFO]: [CHAT] [Debug]: Reloading all chunks
[17:54:33] [main/INFO]: Stopping worker threads
[17:54:33] [main/INFO]: Started 5 worker threads
[17:54:33] [main/INFO]: [CHAT] [Debug]: Reloading all chunks
[17:54:33] [main/INFO]: Stopping worker threads
[17:54:33] [main/INFO]: Started 5 worker threads
[17:54:33] [main/INFO]: [CHAT] [Debug]: Reloading all chunks
[17:54:33] [main/INFO]: Stopping worker threads
[17:54:33] [main/INFO]: Started 5 worker threads
[17:54:33] [main/INFO]: [CHAT] [Debug]: Reloading all chunks
[17:54:33] [main/INFO]: Stopping worker threads
[17:54:33] [main/INFO]: Started 5 worker threads
[17:54:33] [main/INFO]: [CHAT] [Debug]: Reloading all chunks
[17:54:33] [main/INFO]: Stopping worker threads
[17:54:33] [main/INFO]: Started 5 worker threads
[17:54:33] [main/INFO]: [CHAT] [Debug]: Reloading all chunks
[17:54:33] [main/INFO]: Stopping worker threads
[17:54:33] [main/INFO]: Started 5 worker threads
[17:54:33] [main/INFO]: [CHAT] [Debug]: Reloading all chunks
[17:54:33] [main/INFO]: Stopping worker threads
[17:54:33] [main/INFO]: Started 5 worker threads
[17:54:33] [main/INFO]: [CHAT] [Debug]: Reloading all chunks
[17:54:33] [main/INFO]: Stopping worker threads
[17:54:33] [main/INFO]: Started 5 worker threads
[17:54:33] [main/INFO]: [CHAT] [Debug]: Reloading all chunks
[17:54:33] [main/INFO]: Stopping worker threads
[17:54:33] [main/INFO]: Started 5 worker threads
[17:54:33] [main/INFO]: [CHAT] [Debug]: Reloading all chunks
[17:54:33] [main/INFO]: Stopping worker threads
[17:54:33] [main/INFO]: Started 5 worker threads
[17:54:33] [main/INFO]: [CHAT] [Debug]: Reloading all chunks
[17:54:33] [main/INFO]: Stopping worker threads
[17:54:33] [main/INFO]: Started 5 worker threads
[17:54:33] [main/INFO]: [CHAT] [Debug]: Reloading all chunks
[17:54:33] [main/INFO]: Stopping worker threads
[17:54:33] [main/INFO]: Started 5 worker threads
[17:54:33] [main/INFO]: [CHAT] [Debug]: Reloading all chunks
[17:54:33] [main/INFO]: Stopping worker threads
[17:54:33] [main/INFO]: Started 5 worker threads
[17:54:33] [main/INFO]: [CHAT] [Debug]: Reloading all chunks
[17:54:33] [main/INFO]: Stopping worker threads
[17:54:33] [main/INFO]: Started 5 worker threads
[17:54:34] [main/INFO]: [CHAT] [Debug]: Reloading all chunks
[17:54:34] [main/INFO]: Stopping worker threads
[17:54:34] [main/INFO]: Started 5 worker threads
[17:54:34] [main/INFO]: [CHAT] [Debug]: Reloading all chunks
[17:54:34] [main/INFO]: Stopping worker threads
[17:54:34] [main/INFO]: Started 5 worker threads
[17:54:34] [main/INFO]: [CHAT] [Debug]: Reloading all chunks
[17:54:34] [main/INFO]: Stopping worker threads
[17:54:34] [main/INFO]: Started 5 worker threads
[17:54:34] [main/INFO]: [CHAT] [Debug]: Reloading all chunks
[17:54:34] [main/INFO]: Stopping worker threads
[17:54:34] [main/INFO]: Started 5 worker threads
[17:54:34] [main/INFO]: [CHAT] [Debug]: Reloading all chunks
[17:54:34] [main/INFO]: Stopping worker threads
[17:54:34] [main/INFO]: Started 5 worker threads
[17:54:34] [main/INFO]: [CHAT] [Debug]: Reloading all chunks
[17:54:34] [main/INFO]: Stopping worker threads
[17:54:34] [main/INFO]: Started 5 worker threads
[17:54:34] [main/INFO]: [CHAT] [Debug]: Reloading all chunks
[17:54:34] [main/INFO]: Stopping worker threads
[17:54:34] [main/INFO]: Started 5 worker threads
[17:54:34] [main/INFO]: [CHAT] [Debug]: Reloading all chunks
[17:54:34] [main/INFO]: Stopping worker threads
[17:54:34] [main/INFO]: Started 5 worker threads
[17:54:34] [main/INFO]: [CHAT] [Debug]: Reloading all chunks
[17:54:34] [main/INFO]: Stopping worker threads
[17:54:34] [main/INFO]: Started 5 worker threads
[17:54:34] [main/INFO]: [CHAT] [Debug]: Reloading all chunks
[17:54:34] [main/INFO]: Stopping worker threads
[17:54:34] [main/INFO]: Started 5 worker threads
[17:54:34] [main/INFO]: [CHAT] [Debug]: Reloading all chunks
[17:54:34] [main/INFO]: Stopping worker threads
[17:54:34] [main/INFO]: Started 5 worker threads
[17:54:34] [main/INFO]: [CHAT] [Debug]: Reloading all chunks
[17:54:34] [main/INFO]: Stopping worker threads
[17:54:34] [main/INFO]: Started 5 worker threads
[17:54:34] [main/INFO]: [CHAT] [Debug]: Reloading all chunks
[17:54:34] [main/INFO]: Stopping worker threads
[17:54:34] [main/INFO]: Started 5 worker threads
[17:54:34] [main/INFO]: [CHAT] [Debug]: Reloading all chunks
[17:54:34] [main/INFO]: Stopping worker threads
[17:54:34] [main/INFO]: Started 5 worker threads
[17:54:34] [main/INFO]: [CHAT] [Debug]: Reloading all chunks
[17:54:34] [main/INFO]: Stopping worker threads
[17:54:34] [main/INFO]: Started 5 worker threads
[17:54:34] [main/INFO]: [CHAT] [Debug]: Reloading all chunks
[17:54:34] [main/INFO]: Stopping worker threads
[17:54:34] [main/INFO]: Started 5 worker threads
[17:54:34] [main/INFO]: [CHAT] [Debug]: Reloading all chunks
[17:54:34] [main/INFO]: Stopping worker threads
[17:54:34] [main/INFO]: Started 5 worker threads
[17:54:34] [main/INFO]: [CHAT] [Debug]: Reloading all chunks
[17:54:34] [main/INFO]: Stopping worker threads
[17:54:34] [main/INFO]: Started 5 worker threads
[17:54:34] [main/INFO]: [CHAT] [Debug]: Reloading all chunks
[17:54:34] [main/INFO]: Stopping worker threads
[17:54:34] [main/INFO]: Started 5 worker threads
[17:54:34] [main/INFO]: [CHAT] [Debug]: Reloading all chunks
[17:54:34] [main/INFO]: Stopping worker threads
[17:54:34] [main/INFO]: Started 5 worker threads
[17:54:34] [main/INFO]: [CHAT] [Debug]: Reloading all chunks
[17:54:34] [main/INFO]: Stopping worker threads
[17:54:34] [main/INFO]: Started 5 worker threads
[17:54:34] [main/INFO]: [CHAT] [Debug]: Reloading all chunks
[17:54:34] [main/INFO]: Stopping worker threads
[17:54:34] [main/INFO]: Started 5 worker threads
[17:54:34] [main/INFO]: [CHAT] [Debug]: Reloading all chunks
[17:54:34] [main/INFO]: Stopping worker threads
[17:54:34] [main/INFO]: Started 5 worker threads
[17:54:34] [main/INFO]: [CHAT] [Debug]: Reloading all chunks
[17:54:34] [main/INFO]: Stopping worker threads
[17:54:34] [main/INFO]: Started 5 worker threads
[17:54:34] [main/INFO]: [CHAT] [Debug]: Reloading all chunks
[17:54:34] [main/INFO]: Stopping worker threads
[17:54:34] [main/INFO]: Started 5 worker threads
[17:54:34] [main/INFO]: [CHAT] [Debug]: Reloading all chunks
[17:54:34] [main/INFO]: Stopping worker threads
[17:54:34] [main/INFO]: Started 5 worker threads
[17:54:34] [main/INFO]: [CHAT] [Debug]: Reloading all chunks
[17:54:34] [main/INFO]: Stopping worker threads
[17:54:34] [main/INFO]: Started 5 worker threads
[17:54:34] [main/INFO]: [CHAT] [Debug]: Reloading all chunks
[17:54:34] [main/INFO]: Stopping worker threads
[17:54:34] [main/INFO]: Started 5 worker threads
[17:54:34] [main/INFO]: [CHAT] [Debug]: Reloading all chunks
[17:54:34] [main/INFO]: Stopping worker threads
[17:54:34] [main/INFO]: Started 5 worker threads
[17:54:34] [main/INFO]: [CHAT] [Debug]: Reloading all chunks
[17:54:34] [main/INFO]: Stopping worker threads
[17:54:34] [main/INFO]: Started 5 worker threads
[17:54:34] [main/INFO]: [CHAT] [Debug]: Reloading all chunks
[17:54:35] [main/INFO]: Stopping worker threads
[17:54:35] [main/INFO]: Started 5 worker threads
[17:54:35] [main/INFO]: [CHAT] [Debug]: Reloading all chunks
[17:54:35] [main/INFO]: Stopping worker threads
[17:54:35] [main/INFO]: Started 5 worker threads
[17:54:35] [main/INFO]: [CHAT] [Debug]: Reloading all chunks
[17:54:35] [main/INFO]: Stopping worker threads
[17:54:35] [main/INFO]: Started 5 worker threads
[17:54:35] [main/INFO]: [CHAT] [Debug]: Reloading all chunks
[17:54:35] [main/INFO]: Stopping worker threads
[17:54:35] [main/INFO]: Started 5 worker threads
[17:54:35] [main/INFO]: [CHAT] [Debug]: Reloading all chunks
[17:54:35] [main/INFO]: Stopping worker threads
[17:54:35] [main/INFO]: Started 5 worker threads
[17:54:35] [main/INFO]: [CHAT] [Debug]: Reloading all chunks
[17:54:35] [main/INFO]: Stopping worker threads
[17:54:35] [main/INFO]: Started 5 worker threads
[17:54:35] [main/INFO]: [CHAT] [Debug]: Reloading all chunks
[17:54:35] [main/INFO]: Stopping worker threads
[17:54:35] [main/INFO]: Started 5 worker threads
[17:54:35] [main/INFO]: [CHAT] [Debug]: Reloading all chunks
[17:54:35] [main/INFO]: Stopping worker threads
[17:54:35] [main/INFO]: Started 5 worker threads
[17:54:35] [main/INFO]: [CHAT] [Debug]: Reloading all chunks
[17:54:35] [main/INFO]: Stopping worker threads
[17:54:35] [main/INFO]: Started 5 worker threads
[17:54:35] [main/INFO]: [CHAT] [Debug]: Reloading all chunks
[17:54:35] [main/INFO]: Stopping worker threads
[17:54:35] [main/INFO]: Started 5 worker threads
[17:54:35] [main/INFO]: [CHAT] [Debug]: Reloading all chunks
[17:54:35] [main/INFO]: Stopping worker threads
[17:54:35] [main/INFO]: Started 5 worker threads
[17:54:35] [main/INFO]: [CHAT] [Debug]: Reloading all chunks
[17:54:35] [main/INFO]: Stopping worker threads
[17:54:35] [main/INFO]: Started 5 worker threads
[17:54:35] [main/INFO]: [CHAT] [Debug]: Reloading all chunks
[17:54:35] [main/INFO]: Stopping worker threads
[17:54:35] [main/INFO]: Started 5 worker threads
[17:54:35] [main/INFO]: [CHAT] [Debug]: Reloading all chunks
[17:54:35] [main/INFO]: Stopping worker threads
[17:54:35] [main/INFO]: Started 5 worker threads
[17:54:35] [main/INFO]: [CHAT] [Debug]: Reloading all chunks
[17:54:35] [main/INFO]: Stopping worker threads
[17:54:35] [main/INFO]: Started 5 worker threads
[17:54:35] [main/INFO]: [CHAT] [Debug]: Reloading all chunks
[17:54:35] [main/INFO]: Stopping worker threads
[17:54:35] [main/INFO]: Started 5 worker threads
[17:54:35] [main/INFO]: [CHAT] [Debug]: Reloading all chunks
[17:54:35] [main/INFO]: Stopping worker threads
[17:54:35] [main/INFO]: Started 5 worker threads
[17:54:35] [main/INFO]: [CHAT] [Debug]: Reloading all chunks
[17:54:35] [main/INFO]: Stopping worker threads
[17:54:35] [main/INFO]: Started 5 worker threads
[17:54:35] [main/INFO]: [CHAT] [Debug]: Reloading all chunks
[17:54:35] [main/INFO]: Stopping worker threads
[17:54:35] [main/INFO]: Started 5 worker threads
[17:54:35] [main/INFO]: [CHAT] [Debug]: Reloading all chunks
[17:54:35] [main/INFO]: Stopping worker threads
[17:54:35] [main/INFO]: Started 5 worker threads
[17:54:35] [main/INFO]: [CHAT] [Debug]: Reloading all chunks
[17:54:35] [main/INFO]: Stopping worker threads
[17:54:35] [main/INFO]: Started 5 worker threads
[17:54:35] [main/INFO]: [CHAT] [Debug]: Reloading all chunks
[17:54:35] [main/INFO]: Stopping worker threads
[17:54:35] [main/INFO]: Started 5 worker threads
[17:54:35] [main/INFO]: [CHAT] [Debug]: Reloading all chunks
[17:54:35] [main/INFO]: Stopping worker threads
[17:54:35] [main/INFO]: Started 5 worker threads
[17:54:35] [main/INFO]: [CHAT] [Debug]: Reloading all chunks
[17:54:35] [main/INFO]: Stopping worker threads
[17:54:35] [main/INFO]: Started 5 worker threads
[17:54:35] [main/INFO]: [CHAT] [Debug]: Reloading all chunks
[17:54:35] [main/INFO]: Stopping worker threads
[17:54:35] [main/INFO]: Started 5 worker threads
[17:54:35] [main/INFO]: [CHAT] [Debug]: Reloading all chunks
[17:54:36] [main/INFO]: Stopping worker threads
[17:54:36] [main/INFO]: Started 5 worker threads
[17:54:36] [main/INFO]: [CHAT] [Debug]: Reloading all chunks
[17:54:36] [main/INFO]: Stopping worker threads
[17:54:36] [main/INFO]: Started 5 worker threads
[17:54:36] [main/INFO]: [CHAT] [Debug]: Reloading all chunks
[17:54:36] [main/INFO]: Stopping worker threads
[17:54:36] [main/INFO]: Started 5 worker threads
[17:54:37] [main/INFO]: [CHAT] [Debug]: Reloading all chunks
[17:54:37] [main/INFO]: Stopping worker threads
[17:54:37] [main/INFO]: Started 5 worker threads
[17:54:37] [main/INFO]: [CHAT] [Debug]: Reloading all chunks
[17:54:37] [main/INFO]: Stopping worker threads
[17:54:37] [main/INFO]: Started 5 worker threads
[17:54:37] [main/INFO]: [CHAT] [Debug]: Reloading all chunks
[17:54:37] [main/INFO]: Stopping worker threads
[17:54:37] [main/INFO]: Started 5 worker threads
[17:54:37] [main/INFO]: [CHAT] [Debug]: Reloading all chunks
[17:54:37] [main/INFO]: Stopping worker threads
[17:54:37] [main/INFO]: Started 5 worker threads
[17:54:37] [main/INFO]: [CHAT] [Debug]: Reloading all chunks
[17:54:37] [main/INFO]: Stopping worker threads
[17:54:37] [main/INFO]: Started 5 worker threads
[17:54:37] [main/INFO]: [CHAT] [Debug]: Reloading all chunks
[17:54:37] [main/INFO]: Stopping worker threads
[17:54:37] [main/INFO]: Started 5 worker threads
[17:54:37] [main/INFO]: [CHAT] [Debug]: Reloading all chunks
[17:54:37] [main/INFO]: Stopping worker threads
[17:54:37] [main/INFO]: Started 5 worker threads
[17:54:37] [main/INFO]: [CHAT] [Debug]: Reloading all chunks
[17:54:37] [main/INFO]: Stopping worker threads
[17:54:37] [main/INFO]: Started 5 worker threads
[17:54:37] [main/INFO]: [CHAT] [Debug]: Reloading all chunks
[17:54:37] [main/INFO]: Stopping worker threads
[17:54:37] [main/INFO]: Started 5 worker threads
[17:54:37] [main/INFO]: [CHAT] [Debug]: Reloading all chunks
[17:54:37] [main/INFO]: Stopping worker threads
[17:54:37] [main/INFO]: Started 5 worker threads
[17:54:37] [main/INFO]: [CHAT] [Debug]: Reloading all chunks
[17:54:37] [main/INFO]: Stopping worker threads
[17:54:37] [main/INFO]: Started 5 worker threads
[17:54:37] [main/INFO]: [CHAT] [Debug]: Reloading all chunks
[17:54:37] [main/INFO]: Stopping worker threads
[17:54:37] [main/INFO]: Started 5 worker threads
[17:54:37] [main/INFO]: [CHAT] [Debug]: Reloading all chunks
[17:54:37] [main/INFO]: Stopping worker threads
[17:54:37] [main/INFO]: Started 5 worker threads
[17:54:37] [main/INFO]: [CHAT] [Debug]: Reloading all chunks
[17:54:37] [main/INFO]: Stopping worker threads
[17:54:37] [main/INFO]: Started 5 worker threads
[17:54:37] [main/INFO]: [CHAT] [Debug]: Reloading all chunks
[17:54:37] [main/INFO]: Stopping worker threads
[17:54:37] [main/INFO]: Started 5 worker threads
[17:54:37] [main/INFO]: [CHAT] [Debug]: Reloading all chunks
[17:54:37] [main/INFO]: Stopping worker threads
[17:54:37] [main/INFO]: Started 5 worker threads
[17:54:37] [main/INFO]: [CHAT] [Debug]: Reloading all chunks
[17:54:37] [main/INFO]: Stopping worker threads
[17:54:37] [main/INFO]: Started 5 worker threads
[17:54:37] [main/INFO]: [CHAT] [Debug]: Reloading all chunks
[17:54:37] [main/INFO]: Stopping worker threads
[17:54:37] [main/INFO]: Started 5 worker threads
[17:54:37] [main/INFO]: [CHAT] [Debug]: Reloading all chunks
[17:54:37] [main/INFO]: Stopping worker threads
[17:54:37] [main/INFO]: Started 5 worker threads
[17:54:37] [main/INFO]: [CHAT] [Debug]: Reloading all chunks
[17:54:37] [main/INFO]: Stopping worker threads
[17:54:37] [main/INFO]: Started 5 worker threads
[17:54:37] [main/INFO]: [CHAT] [Debug]: Reloading all chunks
[17:54:37] [main/INFO]: Stopping worker threads
[17:54:37] [main/INFO]: Started 5 worker threads
[17:54:37] [main/INFO]: [CHAT] [Debug]: Reloading all chunks
[17:54:37] [main/INFO]: Stopping worker threads
[17:54:37] [main/INFO]: Started 5 worker threads
[17:54:37] [main/INFO]: [CHAT] [Debug]: Reloading all chunks
[17:54:37] [main/INFO]: Stopping worker threads
[17:54:37] [main/INFO]: Started 5 worker threads
[17:54:37] [main/INFO]: [CHAT] [Debug]: Reloading all chunks
[17:54:37] [main/INFO]: Stopping worker threads
[17:54:37] [main/INFO]: Started 5 worker threads
[17:54:37] [main/INFO]: [CHAT] [Debug]: Reloading all chunks
[17:54:37] [main/INFO]: Stopping worker threads
[17:54:37] [main/INFO]: Started 5 worker threads
[17:54:37] [main/INFO]: [CHAT] [Debug]: Reloading all chunks
[17:54:37] [main/INFO]: Stopping worker threads
[17:54:37] [main/INFO]: Started 5 worker threads
[17:54:37] [main/INFO]: [CHAT] [Debug]: Reloading all chunks
[17:54:37] [main/INFO]: Stopping worker threads
[17:54:37] [main/INFO]: Started 5 worker threads
[17:54:37] [main/INFO]: [CHAT] [Debug]: Reloading all chunks
[17:54:37] [main/INFO]: Stopping worker threads
[17:54:37] [main/INFO]: Started 5 worker threads
[17:54:37] [main/INFO]: [CHAT] [Debug]: Reloading all chunks
[17:54:37] [main/INFO]: Stopping worker threads
[17:54:37] [main/INFO]: Started 5 worker threads
[17:54:37] [main/INFO]: [CHAT] [Debug]: Reloading all chunks
[17:54:37] [main/INFO]: Stopping worker threads
[17:54:37] [main/INFO]: Started 5 worker threads
[17:54:37] [main/INFO]: [CHAT] [Debug]: Reloading all chunks
[17:54:38] [main/INFO]: Stopping worker threads
[17:54:38] [main/INFO]: Started 5 worker threads
[17:54:38] [main/INFO]: [CHAT] [Debug]: Reloading all chunks
[17:54:38] [main/INFO]: Stopping worker threads
[17:54:38] [main/INFO]: Started 5 worker threads
[17:54:38] [main/INFO]: [CHAT] [Debug]: Reloading all chunks
[17:54:38] [main/INFO]: Stopping worker threads
[17:54:38] [main/INFO]: Started 5 worker threads
[17:54:38] [main/INFO]: [CHAT] [Debug]: Reloading all chunks
[17:54:38] [main/INFO]: Stopping worker threads
[17:54:38] [main/INFO]: Started 5 worker threads
[17:54:38] [main/INFO]: [CHAT] [Debug]: Reloading all chunks
[17:54:38] [main/INFO]: Stopping worker threads
[17:54:38] [main/INFO]: Started 5 worker threads
[17:54:38] [main/INFO]: [CHAT] [Debug]: Reloading all chunks
[17:54:38] [main/INFO]: Stopping worker threads
[17:54:38] [main/INFO]: Started 5 worker threads
[17:54:38] [main/INFO]: [CHAT] [Debug]: Reloading all chunks
[17:54:38] [main/INFO]: Stopping worker threads
[17:54:38] [main/INFO]: Started 5 worker threads
[17:54:38] [main/INFO]: [CHAT] [Debug]: Reloading all chunks
[17:54:38] [main/INFO]: Stopping worker threads
[17:54:38] [main/INFO]: Started 5 worker threads
[17:54:38] [main/INFO]: [CHAT] [Debug]: Reloading all chunks
[17:54:38] [main/INFO]: Stopping worker threads
[17:54:38] [main/INFO]: Started 5 worker threads
[17:54:38] [main/INFO]: [CHAT] [Debug]: Reloading all chunks
[17:54:38] [main/INFO]: Stopping worker threads
[17:54:38] [main/INFO]: Started 5 worker threads
[17:54:38] [main/INFO]: [CHAT] [Debug]: Reloading all chunks
[17:54:38] [main/INFO]: Stopping worker threads
[17:54:38] [main/INFO]: Started 5 worker threads
[17:54:38] [main/INFO]: [CHAT] [Debug]: Reloading all chunks
[17:54:38] [main/INFO]: Stopping worker threads
[17:54:38] [main/INFO]: Started 5 worker threads
[17:54:38] [main/INFO]: [CHAT] [Debug]: Reloading all chunks
[17:54:38] [main/INFO]: Stopping worker threads
[17:54:38] [main/INFO]: Started 5 worker threads
[17:54:38] [main/INFO]: [CHAT] [Debug]: Reloading all chunks
[17:54:38] [main/INFO]: Stopping worker threads
[17:54:38] [main/INFO]: Started 5 worker threads
[17:54:38] [main/INFO]: [CHAT] [Debug]: Reloading all chunks
[17:54:38] [main/INFO]: Stopping worker threads
[17:54:38] [main/INFO]: Started 5 worker threads
[17:54:38] [main/INFO]: [CHAT] [Debug]: Reloading all chunks
[17:54:38] [main/INFO]: Stopping worker threads
[17:54:38] [main/INFO]: Started 5 worker threads
[17:54:38] [main/INFO]: [CHAT] [Debug]: Reloading all chunks
[17:54:38] [main/INFO]: Stopping worker threads
[17:54:38] [main/INFO]: Started 5 worker threads
[17:54:38] [main/INFO]: [CHAT] [Debug]: Reloading all chunks
[17:54:38] [main/INFO]: Stopping worker threads
[17:54:38] [main/INFO]: Started 5 worker threads
[17:54:38] [main/INFO]: [CHAT] [Debug]: Reloading all chunks
[17:54:38] [main/INFO]: Stopping worker threads
[17:54:38] [main/INFO]: Started 5 worker threads
[17:54:38] [main/INFO]: [CHAT] [Debug]: Reloading all chunks
[17:54:38] [main/INFO]: Stopping worker threads
[17:54:38] [main/INFO]: Started 5 worker threads
[17:54:38] [main/INFO]: [CHAT] [Debug]: Reloading all chunks
[17:54:38] [main/INFO]: Stopping worker threads
[17:54:38] [main/INFO]: Started 5 worker threads
[17:54:38] [main/INFO]: [CHAT] [Debug]: Reloading all chunks
[17:54:41] [Server thread - Random Speedrun #1/INFO]: Saving and pausing game...
[17:54:41] [Server thread - Random Speedrun #1/INFO]: Saving chunks for level 'ServerLevel[Random Speedrun #1]'/minecraft:overworld
[17:54:41] [main/INFO]: StateOutput State: inworld,paused
[17:54:41] [Server thread - Random Speedrun #1/INFO]: Saving chunks for level 'ServerLevel[Random Speedrun #1]'/minecraft:the_nether
[17:54:41] [Server thread - Random Speedrun #1/INFO]: Saving chunks for level 'ServerLevel[Random Speedrun #1]'/minecraft:the_end
[19:09:15] [pool-3-thread-1/INFO]: Successfully appended to events file.
[19:09:15] [Server thread - Random Speedrun #1/INFO]: TechProKing lost connection: Disconnected
[19:09:15] [Server thread - Random Speedrun #1/INFO]: TechProKing left the game
[19:09:15] [Server thread - Random Speedrun #1/INFO]: Stopping singleplayer server as player logged out
[19:09:15] [Server thread - Random Speedrun #1/INFO]: Stopping server
[19:09:15] [Server thread - Random Speedrun #1/INFO]: Saving players
[19:09:15] [Server thread - Random Speedrun #1/INFO]: Saving worlds
[19:09:15] [Server thread - Random Speedrun #1/INFO]: Saving chunks for level 'ServerLevel[Random Speedrun #1]'/minecraft:overworld
[19:09:16] [Server thread - Random Speedrun #1/INFO]: ThreadedAnvilChunkStorage (Random Speedrun #1): All chunks are saved
[19:09:16] [Server thread - Random Speedrun #1/INFO]: Saving chunks for level 'ServerLevel[Random Speedrun #1]'/minecraft:the_nether
[19:09:16] [Server thread - Random Speedrun #1/INFO]: ThreadedAnvilChunkStorage (DIM-1): All chunks are saved
[19:09:16] [Server thread - Random Speedrun #1/INFO]: Saving chunks for level 'ServerLevel[Random Speedrun #1]'/minecraft:the_end
[19:09:16] [Server thread - Random Speedrun #1/INFO]: ThreadedAnvilChunkStorage (DIM1): All chunks are saved
[19:09:16] [Server thread - Random Speedrun #1/INFO]: ThreadedAnvilChunkStorage (Random Speedrun #1): All chunks are saved
[19:09:16] [Server thread - Random Speedrun #1/INFO]: ThreadedAnvilChunkStorage (DIM-1): All chunks are saved
[19:09:16] [Server thread - Random Speedrun #1/INFO]: ThreadedAnvilChunkStorage (DIM1): All chunks are saved
[19:09:16] [main/INFO]: Stopping worker threads
[19:09:16] [main/INFO]: StateOutput State: waiting
[19:09:16] [main/INFO]: Cached options for 'Random Speedrun #1'
[19:09:16] [main/INFO]: Loaded StandardSettings
[19:09:16] [main/INFO]: StateOutput State: wall
[19:09:26] [main/INFO]: Creating "Random Speedrun #4"...
[19:09:26] [main/INFO]: Attempting event world load at Random Speedrun #4
[19:09:26] [SeedQueue Thread/INFO]: Creating "Random Speedrun #32"...
[19:09:26] [main/INFO]: Couldn't load old events.
[19:09:26] [main/INFO]: Loaded events world.
[19:09:26] [main/INFO]: Couldn't load old events.
[19:09:26] [main/INFO]: Loaded events world.
[19:09:26] [main/INFO]: StateOutput State: waiting
[19:09:26] [main/INFO]: Environment: authHost='https://authserver.mojang.com', accountsHost='https://api.mojang.com', sessionHost='https://sessionserver.mojang.com', name='PROD'
[19:09:26] [Server thread - Random Speedrun #4/WARN]: Can't keep up! Is the server overloaded? Running 4751235ms or 95024 ticks behind
[19:09:26] [main/INFO]: StateOutput State: generating,0
[19:09:26] [SeedQueue Thread/INFO]: [AntiResourceReload] Using cached server resources.
[19:09:26] [Server thread - Random Speedrun #4/INFO]: Changing view distance to 31, from 10
[19:09:26] [Server thread - Random Speedrun #32/INFO]: Starting integrated minecraft server version 1.16.1
[19:09:26] [Server thread - Random Speedrun #32/INFO]: Generating keypair
[19:09:26] [main/INFO]: Saved standardoptions to world file.
[19:09:26] [main/INFO]: Loaded StandardSettings on World Join
[19:09:26] [Server thread - Random Speedrun #4/INFO]: TechProKing[local:E:79a27a02] logged in with entity id 250 at (1.5, 75.0, -6.5)
[19:09:26] [Server thread - Random Speedrun #4/INFO]: TechProKing joined the game
[19:09:26] [main/INFO]: Started 5 worker threads
[19:09:26] [Server thread - Random Speedrun #32/INFO]: Preparing start region for dimension minecraft:overworld
[19:09:26] [Server thread - Random Speedrun #4/INFO]: Saving and pausing game...
[19:09:26] [Server thread - Random Speedrun #4/INFO]: Saving chunks for level 'ServerLevel[Random Speedrun #4]'/minecraft:overworld
[19:09:26] [main/INFO]: Loaded 0 advancements
[19:09:26] [main/INFO]: StateOutput State: inworld,unpaused
[19:09:26] [Server thread - Random Speedrun #4/INFO]: Saving chunks for level 'ServerLevel[Random Speedrun #4]'/minecraft:the_nether
[19:09:26] [Server thread - Random Speedrun #4/INFO]: Saving chunks for level 'ServerLevel[Random Speedrun #4]'/minecraft:the_end
[19:09:27] [Stronghold thread/INFO]: [LazyStronghold] Started stronghold gen thread
[19:09:27] [Stronghold thread/INFO]: [LazyStronghold] Generated 128 strongholds.
[19:09:28] [Server thread - Random Speedrun #32/INFO]: Finished loading "Random Speedrun #32".
[19:09:43] [Server thread - Random Speedrun #4/INFO]: Villager class_1646['Villager'/2123, l='ServerLevel[Random Speedrun #4]', x=-390.28, y=76.00, z=-299.37] died, message: 'Villager suffocated in a wall'
[19:09:43] [main/INFO]: Villager class_1646['Villager'/2123, l='ClientLevel', x=-390.28, y=76.00, z=-299.37] died, message: 'Villager died'
[19:09:47] [main/INFO]: StateOutput State: inworld,gamescreenopen
[19:09:49] [main/INFO]: Loaded 4 advancements
[19:09:49] [main/INFO]: StateOutput State: inworld,unpaused
[19:10:26] [main/INFO]: Loaded 5 advancements
[19:10:31] [main/WARN]: Received passengers for unknown entity
[19:10:32] [Server thread - Random Speedrun #4/INFO]: Saving and pausing game...
[19:10:32] [Server thread - Random Speedrun #4/INFO]: Saving chunks for level 'ServerLevel[Random Speedrun #4]'/minecraft:overworld
[19:10:32] [main/INFO]: StateOutput State: inworld,paused
[19:10:32] [Server thread - Random Speedrun #4/INFO]: Saving chunks for level 'ServerLevel[Random Speedrun #4]'/minecraft:the_nether
[19:10:32] [Server thread - Random Speedrun #4/INFO]: Saving chunks for level 'ServerLevel[Random Speedrun #4]'/minecraft:the_end
[19:10:33] [main/INFO]: StateOutput State: inworld,unpaused
[19:10:33] [main/INFO]: StateOutput State: inworld,paused
[19:10:33] [Server thread - Random Speedrun #4/INFO]: Saving and pausing game...
[19:10:33] [Server thread - Random Speedrun #4/INFO]: Saving chunks for level 'ServerLevel[Random Speedrun #4]'/minecraft:overworld
[19:10:33] [Server thread - Random Speedrun #4/INFO]: Saving chunks for level 'ServerLevel[Random Speedrun #4]'/minecraft:the_nether
[19:10:33] [Server thread - Random Speedrun #4/INFO]: Saving chunks for level 'ServerLevel[Random Speedrun #4]'/minecraft:the_end
[19:10:35] [main/INFO]: Stopping SeedQueue...
[19:10:35] [main/INFO]: Clearing SeedQueue...
[19:10:35] [main/INFO]: Discarding "Random Speedrun #2"...
[19:10:35] [main/INFO]: Discarding "Random Speedrun #3"...
[19:10:35] [Server thread - Random Speedrun #2/INFO]: Stopping server
[19:10:35] [Server thread - Random Speedrun #2/INFO]: Saving players
[19:10:35] [Server thread - Random Speedrun #2/INFO]: Saving worlds
[19:10:35] [main/INFO]: Discarding "Random Speedrun #5"...
[19:10:35] [Server thread - Random Speedrun #3/INFO]: Stopping server
[19:10:35] [Server thread - Random Speedrun #3/INFO]: Saving players
[19:10:35] [Server thread - Random Speedrun #3/INFO]: Saving worlds
[19:10:35] [main/INFO]: Discarding "Random Speedrun #6"...
[19:10:35] [Server thread - Random Speedrun #5/INFO]: Stopping server
[19:10:35] [Server thread - Random Speedrun #5/INFO]: Saving players
[19:10:35] [main/INFO]: Discarding "Random Speedrun #7"...
[19:10:35] [Server thread - Random Speedrun #6/INFO]: Stopping server
[19:10:35] [Server thread - Random Speedrun #5/INFO]: Saving worlds
[19:10:35] [Server thread - Random Speedrun #6/INFO]: Saving players
[19:10:35] [Server thread - Random Speedrun #7/INFO]: Stopping server
[19:10:35] [Server thread - Random Speedrun #6/INFO]: Saving worlds
[19:10:35] [main/INFO]: Discarding "Random Speedrun #8"...
[19:10:35] [Server thread - Random Speedrun #7/INFO]: Saving players
[19:10:35] [Server thread - Random Speedrun #7/INFO]: Saving worlds
[19:10:35] [main/INFO]: Discarding "Random Speedrun #9"...
[19:10:35] [Server thread - Random Speedrun #8/INFO]: Stopping server
[19:10:35] [Server thread - Random Speedrun #9/INFO]: Stopping server
[19:10:35] [main/INFO]: Discarding "Random Speedrun #10"...
[19:10:35] [Server thread - Random Speedrun #8/INFO]: Saving players
[19:10:35] [Server thread - Random Speedrun #9/INFO]: Saving players
[19:10:35] [Server thread - Random Speedrun #10/INFO]: Stopping server
[19:10:35] [Server thread - Random Speedrun #8/INFO]: Saving worlds
[19:10:35] [Server thread - Random Speedrun #9/INFO]: Saving worlds
[19:10:35] [Server thread - Random Speedrun #10/INFO]: Saving players
[19:10:35] [Server thread - Random Speedrun #10/INFO]: Saving worlds
[19:10:35] [main/INFO]: Discarding "Random Speedrun #11"...
[19:10:35] [main/INFO]: Discarding "Random Speedrun #12"...
[19:10:35] [Server thread - Random Speedrun #11/INFO]: Stopping server
[19:10:35] [main/INFO]: Discarding "Random Speedrun #13"...
[19:10:35] [Server thread - Random Speedrun #11/INFO]: Saving players
[19:10:35] [Server thread - Random Speedrun #12/INFO]: Stopping server
[19:10:35] [Server thread - Random Speedrun #11/INFO]: Saving worlds
[19:10:35] [main/INFO]: Discarding "Random Speedrun #14"...
[19:10:35] [Server thread - Random Speedrun #12/INFO]: Saving players
[19:10:35] [Server thread - Random Speedrun #13/INFO]: Stopping server
[19:10:35] [Server thread - Random Speedrun #12/INFO]: Saving worlds
[19:10:35] [Server thread - Random Speedrun #13/INFO]: Saving players
[19:10:35] [main/INFO]: Discarding "Random Speedrun #15"...
[19:10:35] [Server thread - Random Speedrun #13/INFO]: Saving worlds
[19:10:35] [Server thread - Random Speedrun #14/INFO]: Stopping server
[19:10:35] [main/INFO]: Discarding "Random Speedrun #16"...
[19:10:35] [Server thread - Random Speedrun #14/INFO]: Saving players
[19:10:35] [Server thread - Random Speedrun #15/INFO]: Stopping server
[19:10:35] [Server thread - Random Speedrun #14/INFO]: Saving worlds
[19:10:35] [Server thread - Random Speedrun #16/INFO]: Stopping server
[19:10:35] [main/INFO]: Discarding "Random Speedrun #17"...
[19:10:35] [Server thread - Random Speedrun #15/INFO]: Saving players
[19:10:35] [Server thread - Random Speedrun #16/INFO]: Saving players
[19:10:35] [Server thread - Random Speedrun #15/INFO]: Saving worlds
[19:10:35] [main/INFO]: Discarding "Random Speedrun #18"...
[19:10:35] [Server thread - Random Speedrun #16/INFO]: Saving worlds
[19:10:35] [Server thread - Random Speedrun #17/INFO]: Stopping server
[19:10:35] [main/INFO]: Discarding "Random Speedrun #19"...
[19:10:35] [Server thread - Random Speedrun #17/INFO]: Saving players
[19:10:35] [Server thread - Random Speedrun #18/INFO]: Stopping server
[19:10:35] [Server thread - Random Speedrun #17/INFO]: Saving worlds
[19:10:35] [Server thread - Random Speedrun #18/INFO]: Saving players
[19:10:35] [Server thread - Random Speedrun #19/INFO]: Stopping server
[19:10:35] [Server thread - Random Speedrun #18/INFO]: Saving worlds
[19:10:35] [main/INFO]: Discarding "Random Speedrun #20"...
[19:10:35] [Server thread - Random Speedrun #19/INFO]: Saving players
[19:10:35] [Server thread - Random Speedrun #19/INFO]: Saving worlds
[19:10:35] [Server thread - Random Speedrun #20/INFO]: Stopping server
[19:10:35] [Server thread - Random Speedrun #20/INFO]: Saving players
[19:10:35] [main/INFO]: Discarding "Random Speedrun #21"...
[19:10:35] [Server thread - Random Speedrun #20/INFO]: Saving worlds
[19:10:35] [main/INFO]: Discarding "Random Speedrun #22"...
[19:10:35] [Server thread - Random Speedrun #21/INFO]: Stopping server
[19:10:35] [main/INFO]: Discarding "Random Speedrun #23"...
[19:10:35] [Server thread - Random Speedrun #21/INFO]: Saving players
[19:10:35] [Server thread - Random Speedrun #21/INFO]: Saving worlds
[19:10:35] [Server thread - Random Speedrun #23/INFO]: Stopping server
[19:10:35] [main/INFO]: Discarding "Random Speedrun #24"...
[19:10:35] [Server thread - Random Speedrun #22/INFO]: Stopping server
[19:10:35] [Server thread - Random Speedrun #23/INFO]: Saving players
[19:10:35] [main/INFO]: Discarding "Random Speedrun #25"...
[19:10:35] [Server thread - Random Speedrun #24/INFO]: Stopping server
[19:10:35] [Server thread - Random Speedrun #22/INFO]: Saving players
[19:10:35] [main/INFO]: Discarding "Random Speedrun #26"...
[19:10:35] [Server thread - Random Speedrun #24/INFO]: Saving players
[19:10:35] [main/INFO]: Discarding "Random Speedrun #27"...
[19:10:35] [Server thread - Random Speedrun #23/INFO]: Saving worlds
[19:10:35] [Server thread - Random Speedrun #22/INFO]: Saving worlds
[19:10:35] [Server thread - Random Speedrun #25/INFO]: Stopping server
[19:10:35] [main/INFO]: Discarding "Random Speedrun #28"...
[19:10:35] [Server thread - Random Speedrun #24/INFO]: Saving worlds
[19:10:35] [Server thread - Random Speedrun #25/INFO]: Saving players
[19:10:35] [Server thread - Random Speedrun #26/INFO]: Stopping server
[19:10:35] [main/INFO]: Discarding "Random Speedrun #29"...
[19:10:35] [Server thread - Random Speedrun #27/INFO]: Stopping server
[19:10:35] [Server thread - Random Speedrun #26/INFO]: Saving players
[19:10:35] [main/INFO]: Discarding "Random Speedrun #30"...
[19:10:35] [Server thread - Random Speedrun #29/INFO]: Stopping server
[19:10:35] [Server thread - Random Speedrun #25/INFO]: Saving worlds
[19:10:35] [Server thread - Random Speedrun #27/INFO]: Saving players
[19:10:35] [Server thread - Random Speedrun #26/INFO]: Saving worlds
[19:10:35] [Server thread - Random Speedrun #28/INFO]: Stopping server
[19:10:35] [Server thread - Random Speedrun #29/INFO]: Saving players
[19:10:35] [main/INFO]: Discarding "Random Speedrun #31"...
[19:10:35] [Server thread - Random Speedrun #29/INFO]: Saving worlds
[19:10:35] [Server thread - Random Speedrun #30/INFO]: Stopping server
[19:10:35] [Server thread - Random Speedrun #27/INFO]: Saving worlds
[19:10:35] [main/INFO]: Discarding "Random Speedrun #32"...
[19:10:35] [Server thread - Random Speedrun #30/INFO]: Saving players
[19:10:35] [Server thread - Random Speedrun #28/INFO]: Saving players
[19:10:35] [Server thread - Random Speedrun #31/INFO]: Stopping server
[19:10:35] [Server thread - Random Speedrun #30/INFO]: Saving worlds
[19:10:35] [Server thread - Random Speedrun #28/INFO]: Saving worlds
[19:10:35] [Server thread - Random Speedrun #32/INFO]: Stopping server
[19:10:35] [Server thread - Random Speedrun #31/INFO]: Saving players
[19:10:35] [Server thread - Random Speedrun #32/INFO]: Saving players
[19:10:35] [Server thread - Random Speedrun #31/INFO]: Saving worlds
[19:10:35] [Server thread - Random Speedrun #32/INFO]: Saving worlds
[19:10:35] [main/INFO]: Stopping worker threads
[19:10:35] [main/INFO]: Stopping worker threads
[19:10:35] [main/INFO]: Stopping worker threads
[19:10:35] [main/INFO]: Stopping worker threads
[19:10:35] [main/INFO]: Stopping worker threads
[19:10:35] [main/INFO]: Stopping worker threads
[19:10:35] [main/INFO]: Stopping worker threads
[19:10:35] [main/INFO]: Stopping worker threads
[19:10:35] [main/INFO]: Stopping worker threads
[19:10:35] [main/INFO]: Stopping worker threads
[19:10:35] [main/INFO]: Stopping worker threads
[19:10:35] [main/INFO]: Stopping worker threads
[19:10:35] [main/INFO]: Stopping worker threads
[19:10:35] [main/INFO]: Stopping worker threads
[19:10:35] [main/INFO]: Stopping worker threads
[19:10:35] [main/INFO]: Stopping worker threads
[19:10:35] [main/INFO]: Stopping worker threads
[19:10:35] [main/INFO]: Stopping worker threads
[19:10:35] [pool-3-thread-1/INFO]: Successfully appended to events file.
[19:10:35] [Server thread - Random Speedrun #4/INFO]: TechProKing lost connection: Disconnected
[19:10:35] [Server thread - Random Speedrun #4/INFO]: TechProKing left the game
[19:10:35] [Server thread - Random Speedrun #4/INFO]: Stopping singleplayer server as player logged out
[19:10:35] [Server thread - Random Speedrun #4/INFO]: Stopping server
[19:10:35] [Server thread - Random Speedrun #4/INFO]: Saving players
[19:10:35] [Server thread - Random Speedrun #4/INFO]: Saving worlds
[19:10:35] [Server thread - Random Speedrun #4/INFO]: Saving chunks for level 'ServerLevel[Random Speedrun #4]'/minecraft:overworld
[19:10:36] [Server thread - Random Speedrun #4/INFO]: ThreadedAnvilChunkStorage (Random Speedrun #4): All chunks are saved
[19:10:36] [Server thread - Random Speedrun #4/INFO]: Saving chunks for level 'ServerLevel[Random Speedrun #4]'/minecraft:the_nether
[19:10:36] [Server thread - Random Speedrun #4/INFO]: ThreadedAnvilChunkStorage (DIM-1): All chunks are saved
[19:10:36] [Server thread - Random Speedrun #4/INFO]: Saving chunks for level 'ServerLevel[Random Speedrun #4]'/minecraft:the_end
[19:10:36] [Server thread - Random Speedrun #4/INFO]: ThreadedAnvilChunkStorage (DIM1): All chunks are saved
[19:10:36] [Server thread - Random Speedrun #4/INFO]: ThreadedAnvilChunkStorage (Random Speedrun #4): All chunks are saved
[19:10:36] [Server thread - Random Speedrun #4/INFO]: ThreadedAnvilChunkStorage (DIM-1): All chunks are saved
[19:10:36] [Server thread - Random Speedrun #4/INFO]: ThreadedAnvilChunkStorage (DIM1): All chunks are saved
[19:10:36] [main/INFO]: Stopping worker threads
[19:10:36] [main/INFO]: StateOutput State: waiting
[19:10:36] [main/INFO]: StateOutput State: title
[19:10:45] [main/INFO]: Stopping!
[19:10:45] [main/INFO]: StateOutput State: waiting
