common.enable_cheats 0 0
common.leave_world 16045 14348
common.rejoin_world 36344 14348
rsg.obtain_iron_ingot 70744 45150
rsg.obtain_crying_obsidian 76167 49950
rsg.distract_piglin 76168 49950
rsg.obtain_lava_bucket 76168 49950
rsg.obtain_iron_pickaxe 76169 49950
rsg.enter_nether 76170 49950
rsg.obtain_obsidian 76171 49950
rsg.obtain_blaze_rod 76171 49950
rsg.loot_bastion 76171 49950
rsg.enter_stronghold 76173 49950
rsg.enter_bastion 76174 49950
rsg.enter_fortress 76175 49950
rsg.enter_end 76176 49950
common.leave_world 76875 49950
common.rejoin_world 78056 49950
common.leave_world 167606 135011
common.rejoin_world 1414583 135011
common.leave_world 6089828 4091545
common.rejoin_world 6110836 4091545
common.leave_world 10437471 7536189
common.rejoin_world 10439740 7536189
common.leave_world 10502666 7591785
common.rejoin_world 10992796 7591785
common.leave_world 11011391 7608931
