[17:03:08] [main/INFO]: Loading Minecraft 1.16.5 with Fabric Loader 0.16.14
[17:03:08] [main/INFO]: Fabric is preparing JARs on first launch, this may take a few seconds...
[17:03:08] [ForkJoinPool-1-worker-23/WARN]: Mod starlight uses the version v7 which isn't compatible with Loader's extended semantic version format (Could not parse version number component 'v7'!), SemVer is recommended for reliably evaluating dependencies and prioritizing newer version
[17:03:08] [main/INFO]: Loading 23 mods:
	- antiresourcereload 4.0.1+1.16.5
	- atum 1.3.1+1.16.5
	- biome_threadlocal_fix 1.4
	- chunkumulator 1.1.1+MC1.16.5
	   \-- mixinsquared 0.2.0-beta.6
	- fabricloader 0.16.14
	   \-- mixinextras 0.4.1
	- fast_reset 1.4.2+1.16.5
	- forceport 1.2.0
	- java 8
	- krypton 0.1.2
	- lazydfu 0.1.2
	- lazystronghold 1.1.2
	- lithium 0.6.6
	- minecraft 1.16.5
	- sleepbackground 3.9.1-1.16.x-1.18.1
	- sodium 2.2.2+1.16.5
	- speedrunigt 14.2+1.16.5
	- starlight v7
	- state-output 1.2.0+1.16-1.18.1
	   \-- state-output-common 1.2.0
	- voyager 1.0.1
	- worldpreview 5.0.2+1.16.5
[17:03:08] [main/INFO]: SpongePowered MIXIN Subsystem Version=0.8.7 Source=file:/C:/Users/tanavm/AppData/Roaming/PrismLauncher/libraries/net/fabricmc/sponge-mixin/0.15.5+mixin.0.8.7/sponge-mixin-0.15.5+mixin.0.8.7.jar Service=Knot/Fabric Env=CLIENT
[17:03:08] [main/INFO]: Loaded configuration file for Lithium: 80 options available, 1 override(s) found
[17:03:08] [main/INFO]: Loaded configuration file for Sodium: 24 options available, 0 override(s) found
[17:03:08] [main/WARN]: Force-disabling mixin 'world.player_chunk_tick.ThreadedAnvilChunkStorageMixin' as rule 'mixin.world.player_chunk_tick' (added by mods [chunkumulator, krypton]) disables it and children
[17:03:08] [main/INFO]: Initializing MixinExtras via com.llamalad7.mixinextras.service.MixinExtrasServiceImpl(version=0.4.1).
[17:03:10] [main/INFO]: Environment: authHost='https://authserver.mojang.com', accountsHost='https://api.mojang.com', sessionHost='https://sessionserver.mojang.com', servicesHost='https://api.minecraftservices.com', name='PROD'
[17:03:10] [main/INFO]: Setting user: TechProKing
[17:03:10] [main/INFO]: [AntiResourceReload] Initializing.
[17:03:10] [main/INFO]: Initializing
[17:03:10] [main/INFO]: [STDOUT]: Using Fast Reset
[17:03:10] [main/INFO]: [Force Port Mod] Initializing
[17:03:10] [main/INFO]: Compression will use Java, encryption will use Java
[17:03:10] [main/INFO]: Krypton is now accelerating your Minecraft client's networking stack ?
[17:03:10] [main/INFO]: Note that Krypton is most effective on servers, not the client.
[17:03:10] [main/INFO]: FPS limit in the background has been initalized.
[17:03:10] [main/INFO]: > Config data
[17:03:10] [main/INFO]: {
  "loading_screen": {
    "_description": "It works when instance is in the world loading screen. minimum (fps_limit) is 15.",
    "enable": true,
    "fps_limit": 30
  },
  "loading_screen_tick_interval": {
    "_description": "Changes how often the game ticks on the loading screen/preview, decreasing this number will reduce reset input latency (minimum/default: 1ms, max (vanilla): 16ms)",
    "enable": true,
    "loading_screen_tick_interval": 1
  },
  "background": {
    "_description": "It works when instance is in the background after joined the world.",
    "enable": true,
    "fps_limit": 1
  },
  "world_preview": {
    "_description": "config for world preview, every time (loading_screen) is rendered (render_times) times, will be render a preview. ex) if (loading_screen.fps_limit) is 30 and this value is 2, preview fps will be 15 (as 30 / 2).",
    "enable": true,
    "render_times": 5
  },
  "world_setup": {
    "_description": "same with (background) config but for (max_ticks) ticks after the joined the world.",
    "enable": true,
    "fps_limit": 10,
    "max_ticks": 30
  },
  "log_interval": {
    "_description": "Changes how often the game prints the worldgen progress to the log file, may be useful for macros (minimum: 50ms, max/default: 500ms)",
    "enable": true,
    "log_interval": 500
  },
  "lock_instance": {
    "_description": "It works when instance is in the background with sleepbg.lock file is exist in user directory at every interval ticks. (for macros option)",
    "enable": true,
    "fps_limit": 1,
    "tick_interval": 20,
    "wp_render_times_enable": true,
    "wp_render_times": 10
  }
}
[17:03:10] [main/INFO]: Backend library: LWJGL version 3.2.2 build 10
[17:03:11] [main/INFO]: Narrator library for x64 successfully loaded
[17:03:11] [main/INFO]: Reloading ResourceManager: Default
[17:03:11] [main/INFO]: StateOutput State: title
[17:03:12] [main/INFO]: OpenAL initialized.
[17:03:12] [main/INFO]: Sound engine started
[17:03:12] [main/INFO]: Created: 1024x1024x4 minecraft:textures/atlas/blocks.png-atlas
[17:03:12] [main/INFO]: Created: 256x128x4 minecraft:textures/atlas/signs.png-atlas
[17:03:12] [main/INFO]: Created: 1024x512x4 minecraft:textures/atlas/banner_patterns.png-atlas
[17:03:12] [main/INFO]: Created: 1024x512x4 minecraft:textures/atlas/shield_patterns.png-atlas
[17:03:12] [main/INFO]: Created: 256x256x4 minecraft:textures/atlas/chest.png-atlas
[17:03:12] [main/INFO]: Created: 512x256x4 minecraft:textures/atlas/beds.png-atlas
[17:03:12] [main/INFO]: Created: 512x256x4 minecraft:textures/atlas/shulker_boxes.png-atlas
[17:03:12] [main/INFO]: Created: 256x256x0 minecraft:textures/atlas/particles.png-atlas
[17:03:12] [main/INFO]: Created: 256x256x0 minecraft:textures/atlas/paintings.png-atlas
[17:03:12] [main/INFO]: Created: 256x128x0 minecraft:textures/atlas/mob_effects.png-atlas
[17:03:46] [main/INFO]: Resetting a random seed
[17:03:46] [main/INFO]: [STDOUT]: done waiting for save lock
[17:03:46] [main/INFO]: Attempting event world load at Random Speedrun #1
[17:03:46] [main/ERROR]: World directory doesn't exist, couldn't make timer dirs
[17:03:46] [main/ERROR]: Didn't load events world.
[17:03:46] [main/ERROR]: World directory doesn't exist, couldn't make timer dirs
[17:03:46] [main/ERROR]: Didn't load events world.
[17:03:46] [main/INFO]: [AntiResourceReload] Cached resources unavailable, reloading & caching.
[17:03:46] [main/WARN]: Ambiguity between arguments [teleport, destination] and [teleport, targets] with inputs: [Player, 0123, @e, dd12be42-52a9-4a91-a8a1-11c01849e498]
[17:03:46] [main/WARN]: Ambiguity between arguments [teleport, location] and [teleport, destination] with inputs: [0.1 -0.5 .9, 0 0 0]
[17:03:46] [main/WARN]: Ambiguity between arguments [teleport, location] and [teleport, targets] with inputs: [0.1 -0.5 .9, 0 0 0]
[17:03:46] [main/WARN]: Ambiguity between arguments [teleport, targets] and [teleport, destination] with inputs: [Player, 0123, dd12be42-52a9-4a91-a8a1-11c01849e498]
[17:03:46] [main/WARN]: Ambiguity between arguments [teleport, targets, location] and [teleport, targets, destination] with inputs: [0.1 -0.5 .9, 0 0 0]
[17:03:46] [main/INFO]: Reloading ResourceManager: Default
[17:03:46] [main/INFO]: Loaded 7 recipes
[17:03:46] [main/INFO]: Loaded 927 advancements
[17:03:46] [main/INFO]: StateOutput State: waiting
[17:03:46] [main/INFO]: Environment: authHost='https://authserver.mojang.com', accountsHost='https://api.mojang.com', sessionHost='https://sessionserver.mojang.com', servicesHost='https://api.minecraftservices.com', name='PROD'
[17:03:46] [Server thread/INFO]: Starting integrated minecraft server version 1.16.5
[17:03:46] [Server thread/INFO]: Generating keypair
[17:03:46] [main/INFO]: StateOutput State: generating,0
[17:03:46] [Server thread/WARN]: Cancelled mixin me.steinborn.krypton.mixin.network.shared.flushconsolidation.ThreadedAnvilChunkStorageMixin. Check debug logs for more information.
[17:03:47] [Server thread/INFO]: Preparing start region for dimension minecraft:overworld
[17:03:47] [main/INFO]: StateOutput State: previewing,0
[17:03:47] [main/INFO]: Starting Preview at (226.5, 65.0, 255.5)
[17:03:47] [main/INFO]: Preparing spawn area: 0%
[17:03:47] [main/INFO]: StateOutput State: previewing,7
[17:03:47] [main/INFO]: Preparing spawn area: 7%
[17:03:48] [main/INFO]: StateOutput State: previewing,24
[17:03:48] [main/INFO]: Preparing spawn area: 24%
[17:03:48] [main/INFO]: StateOutput State: previewing,45
[17:03:48] [main/INFO]: Preparing spawn area: 45%
[17:03:49] [main/INFO]: StateOutput State: previewing,68
[17:03:49] [main/INFO]: Preparing spawn area: 68%
[17:03:49] [main/INFO]: Time elapsed: 2348 ms
[17:03:49] [Server thread/INFO]: Changing view distance to 31, from 10
[17:03:50] [Server thread/INFO]: TechProKing[local:E:cdd096d4] logged in with entity id 381 at (226.5, 64.0, 255.5)
[17:03:50] [Server thread/INFO]: TechProKing joined the game
[17:03:50] [main/INFO]: Attempting event world load at Random Speedrun #1
[17:03:50] [main/INFO]: Couldn't load old events.
[17:03:50] [main/INFO]: Loaded events world.
[17:03:50] [Stronghold thread/INFO]: [LazyStronghold] Started stronghold gen thread
[17:03:50] [main/INFO]: Started 32 worker threads
[17:03:50] [Server thread/INFO]: Saving and pausing game...
[17:03:50] [Server thread/INFO]: Saving chunks for level 'ServerLevel[Random Speedrun #1]'/minecraft:overworld
[17:03:51] [Server thread/INFO]: Saving chunks for level 'ServerLevel[Random Speedrun #1]'/minecraft:the_nether
[17:03:51] [Server thread/INFO]: Saving chunks for level 'ServerLevel[Random Speedrun #1]'/minecraft:the_end
[17:03:51] [main/INFO]: Loaded 0 advancements
[17:03:51] [main/INFO]: StateOutput State: inworld,unpaused
[17:03:51] [Stronghold thread/INFO]: [LazyStronghold] Generated 128 strongholds.
[17:03:53] [main/INFO]: StateOutput State: inworld,paused
[17:03:53] [Server thread/INFO]: Saving and pausing game...
[17:03:53] [Server thread/INFO]: Saving chunks for level 'ServerLevel[Random Speedrun #1]'/minecraft:overworld
[17:03:53] [Server thread/INFO]: Saving chunks for level 'ServerLevel[Random Speedrun #1]'/minecraft:the_nether
[17:03:53] [Server thread/INFO]: Saving chunks for level 'ServerLevel[Random Speedrun #1]'/minecraft:the_end
[17:03:55] [pool-3-thread-1/INFO]: Successfully appended to events file.
[17:03:55] [Server thread/INFO]: TechProKing lost connection: Disconnected
[17:03:55] [Server thread/INFO]: TechProKing left the game
[17:03:55] [Server thread/INFO]: Stopping singleplayer server as player logged out
[17:03:55] [Server thread/INFO]: Stopping server
[17:03:55] [Server thread/INFO]: Saving players
[17:03:55] [Server thread/INFO]: Saving worlds
[17:03:55] [Server thread/INFO]: Saving chunks for level 'ServerLevel[Random Speedrun #1]'/minecraft:overworld
[17:03:55] [Server thread/INFO]: Saving chunks for level 'ServerLevel[Random Speedrun #1]'/minecraft:the_nether
[17:03:55] [Server thread/INFO]: Saving chunks for level 'ServerLevel[Random Speedrun #1]'/minecraft:the_end
[17:03:55] [main/INFO]: Stopping worker threads
[17:03:55] [main/INFO]: StateOutput State: waiting
[17:03:55] [Thread-15/INFO]: ThreadedAnvilChunkStorage (DIM-1): All chunks are saved
[17:03:55] [Thread-15/INFO]: ThreadedAnvilChunkStorage (DIM1): All chunks are saved
[17:03:55] [main/INFO]: Resetting a random seed
[17:03:55] [main/INFO]: [STDOUT]: done waiting for save lock
[17:03:55] [main/INFO]: Attempting event world load at Random Speedrun #2
[17:03:55] [main/ERROR]: World directory doesn't exist, couldn't make timer dirs
[17:03:55] [main/ERROR]: Didn't load events world.
[17:03:55] [main/ERROR]: World directory doesn't exist, couldn't make timer dirs
[17:03:55] [main/ERROR]: Didn't load events world.
[17:03:55] [main/INFO]: [AntiResourceReload] Using cached server resources.
[17:03:55] [main/INFO]: Environment: authHost='https://authserver.mojang.com', accountsHost='https://api.mojang.com', sessionHost='https://sessionserver.mojang.com', servicesHost='https://api.minecraftservices.com', name='PROD'
[17:03:55] [Server thread/INFO]: Starting integrated minecraft server version 1.16.5
[17:03:55] [Server thread/INFO]: Generating keypair
[17:03:55] [main/INFO]: StateOutput State: generating,0
[17:03:56] [Server thread/INFO]: Preparing start region for dimension minecraft:overworld
[17:03:56] [main/INFO]: StateOutput State: previewing,0
[17:03:56] [main/INFO]: Starting Preview at (-210.5, 74.0, -28.5)
[17:03:56] [main/INFO]: Preparing spawn area: 0%
[17:03:56] [main/INFO]: StateOutput State: previewing,15
[17:03:56] [main/INFO]: Preparing spawn area: 15%
[17:03:57] [main/INFO]: StateOutput State: previewing,42
[17:03:57] [main/INFO]: Preparing spawn area: 42%
[17:03:57] [main/INFO]: StateOutput State: previewing,72
[17:03:57] [main/INFO]: Preparing spawn area: 72%
[17:03:57] [Server thread/INFO]: Changing view distance to 31, from 10
[17:03:57] [main/INFO]: Time elapsed: 1859 ms
[17:03:58] [Server thread/INFO]: TechProKing[local:E:9b6e125e] logged in with entity id 1708 at (-210.5, 73.0, -28.5)
[17:03:58] [Server thread/INFO]: TechProKing joined the game
[17:03:58] [main/INFO]: Attempting event world load at Random Speedrun #2
[17:03:58] [main/INFO]: Couldn't load old events.
[17:03:58] [main/INFO]: Loaded events world.
[17:03:58] [main/INFO]: Started 32 worker threads
[17:03:58] [Server thread/INFO]: Saving and pausing game...
[17:03:58] [Server thread/INFO]: Saving chunks for level 'ServerLevel[Random Speedrun #2]'/minecraft:overworld
[17:03:58] [main/INFO]: Loaded 0 advancements
[17:03:58] [main/INFO]: StateOutput State: inworld,unpaused
[17:03:58] [Server thread/INFO]: Saving chunks for level 'ServerLevel[Random Speedrun #2]'/minecraft:the_nether
[17:03:58] [Server thread/INFO]: Saving chunks for level 'ServerLevel[Random Speedrun #2]'/minecraft:the_end
[17:03:58] [Server thread/INFO]: Saving and pausing game...
[17:03:58] [Server thread/INFO]: Saving chunks for level 'ServerLevel[Random Speedrun #2]'/minecraft:overworld
[17:03:58] [main/INFO]: StateOutput State: inworld,paused
[17:03:58] [Server thread/INFO]: Saving chunks for level 'ServerLevel[Random Speedrun #2]'/minecraft:the_nether
[17:03:58] [Server thread/INFO]: Saving chunks for level 'ServerLevel[Random Speedrun #2]'/minecraft:the_end
[17:03:59] [pool-3-thread-1/INFO]: Successfully appended to events file.
[17:03:59] [Server thread/INFO]: TechProKing lost connection: Internal Exception: java.nio.channels.ClosedChannelException
[17:03:59] [Server thread/INFO]: TechProKing left the game
[17:03:59] [Server thread/INFO]: Stopping singleplayer server as player logged out
[17:03:59] [Server thread/INFO]: Stopping server
[17:03:59] [Server thread/INFO]: Saving players
[17:03:59] [Server thread/INFO]: Saving worlds
[17:03:59] [Server thread/INFO]: Saving chunks for level 'ServerLevel[Random Speedrun #2]'/minecraft:overworld
[17:03:59] [Server thread/INFO]: ThreadedAnvilChunkStorage (Random Speedrun #2): All chunks are saved
[17:03:59] [Server thread/INFO]: Saving chunks for level 'ServerLevel[Random Speedrun #2]'/minecraft:the_nether
[17:03:59] [Server thread/INFO]: ThreadedAnvilChunkStorage (DIM-1): All chunks are saved
[17:03:59] [Server thread/INFO]: Saving chunks for level 'ServerLevel[Random Speedrun #2]'/minecraft:the_end
[17:03:59] [Server thread/INFO]: ThreadedAnvilChunkStorage (DIM1): All chunks are saved
[17:03:59] [Server thread/INFO]: ThreadedAnvilChunkStorage (Random Speedrun #2): All chunks are saved
[17:03:59] [Server thread/INFO]: ThreadedAnvilChunkStorage (DIM-1): All chunks are saved
[17:03:59] [Server thread/INFO]: ThreadedAnvilChunkStorage (DIM1): All chunks are saved
[17:03:59] [main/INFO]: Stopping worker threads
[17:03:59] [main/INFO]: StateOutput State: waiting
[17:03:59] [main/INFO]: Resetting a random seed
[17:03:59] [main/INFO]: [STDOUT]: done waiting for save lock
[17:03:59] [main/INFO]: Attempting event world load at Random Speedrun #3
[17:03:59] [main/ERROR]: World directory doesn't exist, couldn't make timer dirs
[17:03:59] [main/ERROR]: Didn't load events world.
[17:03:59] [main/ERROR]: World directory doesn't exist, couldn't make timer dirs
[17:03:59] [main/ERROR]: Didn't load events world.
[17:03:59] [main/INFO]: [AntiResourceReload] Using cached server resources.
[17:04:00] [main/INFO]: Environment: authHost='https://authserver.mojang.com', accountsHost='https://api.mojang.com', sessionHost='https://sessionserver.mojang.com', servicesHost='https://api.minecraftservices.com', name='PROD'
[17:04:00] [Server thread/INFO]: Starting integrated minecraft server version 1.16.5
[17:04:00] [Server thread/INFO]: Generating keypair
[17:04:00] [main/INFO]: StateOutput State: generating,0
[17:04:00] [Server thread/INFO]: Preparing start region for dimension minecraft:overworld
[17:04:00] [main/INFO]: StateOutput State: previewing,0
[17:04:00] [main/INFO]: Starting Preview at (-43.5, 69.0, -35.5)
[17:04:00] [main/INFO]: Preparing spawn area: 0%
[17:04:00] [main/INFO]: StateOutput State: previewing,11
[17:04:00] [main/INFO]: Preparing spawn area: 11%
[17:04:01] [main/INFO]: StateOutput State: previewing,42
[17:04:01] [main/INFO]: Preparing spawn area: 42%
[17:04:01] [main/INFO]: StateOutput State: previewing,60
[17:04:01] [main/INFO]: Preparing spawn area: 60%
[17:04:02] [main/INFO]: StateOutput State: previewing,93
[17:04:02] [main/INFO]: Preparing spawn area: 93%
[17:04:02] [main/INFO]: Time elapsed: 2069 ms
[17:04:02] [Server thread/INFO]: Changing view distance to 31, from 10
[17:04:02] [Server thread/INFO]: TechProKing[local:E:f76d3b12] logged in with entity id 2406 at (-43.5, 68.0, -35.5)
[17:04:02] [Server thread/INFO]: TechProKing joined the game
[17:04:02] [main/INFO]: Attempting event world load at Random Speedrun #3
[17:04:02] [main/INFO]: Couldn't load old events.
[17:04:02] [main/INFO]: Loaded events world.
[17:04:02] [main/INFO]: Started 32 worker threads
[17:04:02] [Server thread/INFO]: Saving and pausing game...
[17:04:02] [Server thread/INFO]: Saving chunks for level 'ServerLevel[Random Speedrun #3]'/minecraft:overworld
[17:04:02] [Server thread/INFO]: Saving chunks for level 'ServerLevel[Random Speedrun #3]'/minecraft:the_nether
[17:04:02] [Server thread/INFO]: Saving chunks for level 'ServerLevel[Random Speedrun #3]'/minecraft:the_end
[17:04:02] [main/INFO]: Loaded 0 advancements
[17:04:02] [main/INFO]: StateOutput State: inworld,unpaused
[17:04:03] [Stronghold thread/INFO]: [LazyStronghold] Started stronghold gen thread
[17:04:03] [Server thread/INFO]: Saving and pausing game...
[17:04:03] [Server thread/INFO]: Saving chunks for level 'ServerLevel[Random Speedrun #3]'/minecraft:overworld
[17:04:03] [main/INFO]: StateOutput State: inworld,paused
[17:04:03] [Server thread/INFO]: Saving chunks for level 'ServerLevel[Random Speedrun #3]'/minecraft:the_nether
[17:04:03] [Server thread/INFO]: Saving chunks for level 'ServerLevel[Random Speedrun #3]'/minecraft:the_end
[17:04:03] [Stronghold thread/INFO]: [LazyStronghold] Generated 128 strongholds.
[17:04:04] [pool-3-thread-1/INFO]: Successfully appended to events file.
[17:04:05] [Server thread/INFO]: TechProKing lost connection: Disconnected
[17:04:05] [Server thread/INFO]: TechProKing left the game
[17:04:05] [Server thread/INFO]: Stopping singleplayer server as player logged out
[17:04:05] [Server thread/INFO]: Stopping server
[17:04:05] [Server thread/INFO]: Saving players
[17:04:05] [Server thread/INFO]: Saving worlds
[17:04:05] [Server thread/INFO]: Saving chunks for level 'ServerLevel[Random Speedrun #3]'/minecraft:overworld
[17:04:05] [Server thread/INFO]: Saving chunks for level 'ServerLevel[Random Speedrun #3]'/minecraft:the_nether
[17:04:05] [Server thread/INFO]: Saving chunks for level 'ServerLevel[Random Speedrun #3]'/minecraft:the_end
[17:04:05] [main/INFO]: Stopping worker threads
[17:04:05] [main/INFO]: StateOutput State: waiting
[17:04:05] [main/INFO]: Resetting a random seed
[17:04:05] [main/INFO]: [STDOUT]: done waiting for save lock
[17:04:05] [main/INFO]: Attempting event world load at Random Speedrun #4
[17:04:05] [main/ERROR]: World directory doesn't exist, couldn't make timer dirs
[17:04:05] [main/ERROR]: Didn't load events world.
[17:04:05] [main/ERROR]: World directory doesn't exist, couldn't make timer dirs
[17:04:05] [main/ERROR]: Didn't load events world.
[17:04:05] [main/INFO]: [AntiResourceReload] Using cached server resources.
[17:04:05] [main/INFO]: Environment: authHost='https://authserver.mojang.com', accountsHost='https://api.mojang.com', sessionHost='https://sessionserver.mojang.com', servicesHost='https://api.minecraftservices.com', name='PROD'
[17:04:05] [Server thread/INFO]: Starting integrated minecraft server version 1.16.5
[17:04:05] [Server thread/INFO]: Generating keypair
[17:04:05] [main/INFO]: StateOutput State: generating,0
[17:04:05] [Server thread/WARN]: Unable to find spawn biome
[17:04:07] [Server thread/INFO]: Preparing start region for dimension minecraft:overworld
[17:04:07] [main/INFO]: StateOutput State: previewing,0
[17:04:07] [main/INFO]: Starting Preview at (-183.5, 67.0, -103.5)
[17:04:07] [main/INFO]: StateOutput State: previewing,100
[17:04:07] [main/INFO]: Preparing spawn area: 100%
[17:04:08] [main/INFO]: Preparing spawn area: 100%
[17:04:08] [main/INFO]: Preparing spawn area: 100%
[17:04:08] [main/INFO]: Time elapsed: 1171 ms
[17:04:08] [Server thread/INFO]: Changing view distance to 31, from 10
[17:04:08] [Server thread/INFO]: TechProKing[local:E:c70ab828] logged in with entity id 3206 at (-183.5, 66.0, -103.5)
[17:04:08] [Server thread/INFO]: TechProKing joined the game
[17:04:09] [main/INFO]: Attempting event world load at Random Speedrun #4
[17:04:09] [main/INFO]: Couldn't load old events.
[17:04:09] [main/INFO]: Loaded events world.
[17:04:09] [main/INFO]: Started 32 worker threads
[17:04:09] [Server thread/INFO]: Saving and pausing game...
[17:04:09] [Server thread/INFO]: Saving chunks for level 'ServerLevel[Random Speedrun #4]'/minecraft:overworld
[17:04:09] [main/INFO]: Loaded 0 advancements
[17:04:09] [main/INFO]: StateOutput State: inworld,unpaused
[17:04:09] [Server thread/INFO]: Saving chunks for level 'ServerLevel[Random Speedrun #4]'/minecraft:the_nether
[17:04:09] [Server thread/INFO]: Saving chunks for level 'ServerLevel[Random Speedrun #4]'/minecraft:the_end
[17:04:09] [Stronghold thread/INFO]: [LazyStronghold] Started stronghold gen thread
[17:04:10] [Stronghold thread/INFO]: [LazyStronghold] Generated 128 strongholds.
[17:04:10] [main/INFO]: StateOutput State: inworld,paused
[17:04:10] [Server thread/INFO]: Saving and pausing game...
[17:04:10] [Server thread/INFO]: Saving chunks for level 'ServerLevel[Random Speedrun #4]'/minecraft:overworld
[17:04:10] [Server thread/INFO]: Saving chunks for level 'ServerLevel[Random Speedrun #4]'/minecraft:the_nether
[17:04:10] [Server thread/INFO]: Saving chunks for level 'ServerLevel[Random Speedrun #4]'/minecraft:the_end
[17:04:12] [main/INFO]: Stopping!
[17:04:12] [pool-3-thread-1/INFO]: Successfully appended to events file.
[17:04:13] [Server thread/INFO]: TechProKing lost connection: Internal Exception: java.nio.channels.ClosedChannelException
[17:04:13] [Server thread/INFO]: TechProKing left the game
[17:04:13] [Server thread/INFO]: Stopping singleplayer server as player logged out
[17:04:13] [Server thread/INFO]: Stopping server
[17:04:13] [Server thread/INFO]: Saving players
[17:04:13] [Server thread/INFO]: Saving worlds
[17:04:13] [Server thread/INFO]: Saving chunks for level 'ServerLevel[Random Speedrun #4]'/minecraft:overworld
[17:04:13] [Server thread/INFO]: ThreadedAnvilChunkStorage (Random Speedrun #4): All chunks are saved
[17:04:13] [Server thread/INFO]: Saving chunks for level 'ServerLevel[Random Speedrun #4]'/minecraft:the_nether
[17:04:13] [Server thread/INFO]: ThreadedAnvilChunkStorage (DIM-1): All chunks are saved
[17:04:13] [Server thread/INFO]: Saving chunks for level 'ServerLevel[Random Speedrun #4]'/minecraft:the_end
[17:04:13] [Server thread/INFO]: ThreadedAnvilChunkStorage (DIM1): All chunks are saved
[17:04:13] [Server thread/INFO]: ThreadedAnvilChunkStorage (Random Speedrun #4): All chunks are saved
[17:04:13] [Server thread/INFO]: ThreadedAnvilChunkStorage (DIM-1): All chunks are saved
[17:04:13] [Server thread/INFO]: ThreadedAnvilChunkStorage (DIM1): All chunks are saved
[17:04:13] [main/INFO]: Stopping worker threads
[17:04:13] [main/INFO]: StateOutput State: waiting
